[ 2018-06-04T09:12:19+08:00 ] 127.0.0.1 /
INFO: [ app_init ] --START--
INFO: Run Behavior\BuildLiteBehavior [ RunTime:0.000000s ]
SQL: SHOW COLUMNS FROM `luck_hooks` [ RunTime:0.0580s ]
SQL: SELECT `name`,`addons` FROM `luck_hooks`  [ RunTime:0.0000s ]
SQL: SHOW COLUMNS FROM `luck_addons` [ RunTime:0.0500s ]
SQL: SELECT `id`,`name` FROM `luck_addons` WHERE `status` = 1 AND `name` IN ('ReturnTop')  [ RunTime:0.0000s ]
SQL: SELECT `id`,`name` FROM `luck_addons` WHERE `status` = 1 AND `name` IN ('Attachment')  [ RunTime:0.0000s ]
SQL: SELECT `id`,`name` FROM `luck_addons` WHERE `status` = 1 AND `name` IN ('Attachment','SocialComment')  [ RunTime:0.0000s ]
SQL: SELECT `id`,`name` FROM `luck_addons` WHERE `status` = 1 AND `name` IN ('Attachment')  [ RunTime:0.0000s ]
SQL: SELECT `id`,`name` FROM `luck_addons` WHERE `status` = 1 AND `name` IN ('Editor')  [ RunTime:0.0010s ]
SQL: SELECT `id`,`name` FROM `luck_addons` WHERE `status` = 1 AND `name` IN ('EditorForAdmin')  [ RunTime:0.0000s ]
SQL: SELECT `id`,`name` FROM `luck_addons` WHERE `status` = 1 AND `name` IN ('SiteStat','SystemInfo','SyncLogin','Advertising')  [ RunTime:0.0000s ]
SQL: SELECT `id`,`name` FROM `luck_addons` WHERE `status` = 1 AND `name` IN ('Editor')  [ RunTime:0.0010s ]
SQL: SELECT `id`,`name` FROM `luck_addons` WHERE `status` = 1 AND `name` IN ('Advs')  [ RunTime:0.0000s ]
INFO: Run Common\Behavior\InitHookBehavior [ RunTime:0.191011s ]
INFO: [ app_init ] --END-- [ RunTime:0.192011s ]
INFO: [ app_begin ] --START--
INFO: Run Behavior\ReadHtmlCacheBehavior [ RunTime:0.001000s ]
INFO: [ app_begin ] --END-- [ RunTime:0.001000s ]
ERR: 无法加载控制器:Index

[ 2018-06-04T09:12:21+08:00 ] 127.0.0.1 HTTP://www.luck.com/
INFO: [ app_init ] --START--
INFO: Run Behavior\BuildLiteBehavior [ RunTime:0.000000s ]
INFO: Run Common\Behavior\InitHookBehavior [ RunTime:0.014001s ]
INFO: [ app_init ] --END-- [ RunTime:0.015001s ]
INFO: [ app_begin ] --START--
INFO: Run Behavior\ReadHtmlCacheBehavior [ RunTime:0.001000s ]
INFO: [ app_begin ] --END-- [ RunTime:0.001000s ]
ERR: 无法加载控制器:Index

