[ 2018-05-31T11:35:08+08:00 ] 127.0.0.1 /index.php?s=/Admin/luck/prizeList
INFO: [ app_init ] --START--
INFO: Run Behavior\BuildLiteBehavior [ RunTime:0.000000s ]
SQL: SHOW COLUMNS FROM `luck_hooks` [ RunTime:0.0510s ]
SQL: SELECT `name`,`addons` FROM `luck_hooks`  [ RunTime:0.0000s ]
SQL: SHOW COLUMNS FROM `luck_addons` [ RunTime:0.0550s ]
SQL: SELECT `id`,`name` FROM `luck_addons` WHERE `status` = 1 AND `name` IN ('ReturnTop')  [ RunTime:0.0000s ]
SQL: SELECT `id`,`name` FROM `luck_addons` WHERE `status` = 1 AND `name` IN ('Attachment')  [ RunTime:0.0000s ]
SQL: SELECT `id`,`name` FROM `luck_addons` WHERE `status` = 1 AND `name` IN ('Attachment','SocialComment')  [ RunTime:0.0010s ]
SQL: SELECT `id`,`name` FROM `luck_addons` WHERE `status` = 1 AND `name` IN ('Attachment')  [ RunTime:0.0000s ]
SQL: SELECT `id`,`name` FROM `luck_addons` WHERE `status` = 1 AND `name` IN ('Editor')  [ RunTime:0.0000s ]
SQL: SELECT `id`,`name` FROM `luck_addons` WHERE `status` = 1 AND `name` IN ('EditorForAdmin')  [ RunTime:0.0010s ]
SQL: SELECT `id`,`name` FROM `luck_addons` WHERE `status` = 1 AND `name` IN ('SiteStat','SystemInfo','SyncLogin','Advertising')  [ RunTime:0.0010s ]
SQL: SELECT `id`,`name` FROM `luck_addons` WHERE `status` = 1 AND `name` IN ('Editor')  [ RunTime:0.0010s ]
SQL: SELECT `id`,`name` FROM `luck_addons` WHERE `status` = 1 AND `name` IN ('Advs')  [ RunTime:0.0000s ]
INFO: Run Common\Behavior\InitHookBehavior [ RunTime:0.190011s ]
INFO: [ app_init ] --END-- [ RunTime:0.198011s ]
INFO: [ app_begin ] --START--
INFO: Run Behavior\ReadHtmlCacheBehavior [ RunTime:0.015001s ]
INFO: [ app_begin ] --END-- [ RunTime:0.015001s ]
NOTIC: [8] Constant UID already defined D:\phpStudy\WWW\22_cj\Application\Admin\Controller\AdminController.class.php 第 40 行.

[ 2018-05-31T11:35:08+08:00 ] 127.0.0.1 /index.php?s=/Admin/Public/login
INFO: [ app_init ] --START--
INFO: Run Behavior\BuildLiteBehavior [ RunTime:0.000000s ]
INFO: Run Common\Behavior\InitHookBehavior [ RunTime:0.014000s ]
INFO: [ app_init ] --END-- [ RunTime:0.015001s ]
INFO: [ app_begin ] --START--
INFO: Run Behavior\ReadHtmlCacheBehavior [ RunTime:0.001001s ]
INFO: [ app_begin ] --END-- [ RunTime:0.001001s ]
SQL: SHOW COLUMNS FROM `luck_config` [ RunTime:0.0520s ]
SQL: SELECT `type`,`name`,`value` FROM `luck_config` WHERE `status` = 1  [ RunTime:0.0010s ]
INFO: [ view_parse ] --START--
INFO: [ template_filter ] --START--
INFO: Run Behavior\ContentReplaceBehavior [ RunTime:0.000000s ]
INFO: [ template_filter ] --END-- [ RunTime:0.000000s ]
INFO: Run Behavior\ParseTemplateBehavior [ RunTime:0.069004s ]
INFO: [ view_parse ] --END-- [ RunTime:0.069004s ]
INFO: [ view_filter ] --START--
INFO: Run Behavior\WriteHtmlCacheBehavior [ RunTime:0.012001s ]
INFO: [ view_filter ] --END-- [ RunTime:0.012001s ]
INFO: [ app_end ] --START--
INFO: Run Behavior\ShowPageTraceBehavior [ RunTime:0.010000s ]
INFO: [ app_end ] --END-- [ RunTime:0.010000s ]

[ 2018-05-31T11:35:08+08:00 ] 127.0.0.1 /index.php?s=/Admin/Public/verify
INFO: [ app_init ] --START--
INFO: Run Behavior\BuildLiteBehavior [ RunTime:0.000000s ]
INFO: Run Common\Behavior\InitHookBehavior [ RunTime:0.014000s ]
INFO: [ app_init ] --END-- [ RunTime:0.015001s ]
INFO: [ app_begin ] --START--
INFO: Run Behavior\ReadHtmlCacheBehavior [ RunTime:0.000000s ]
INFO: [ app_begin ] --END-- [ RunTime:0.000000s ]
INFO: [ app_end ] --START--
INFO: Run Behavior\ShowPageTraceBehavior [ RunTime:0.000000s ]
INFO: [ app_end ] --END-- [ RunTime:0.000000s ]

[ 2018-05-31T11:35:13+08:00 ] 127.0.0.1 /index.php?s=/Admin/Public/login
INFO: [ app_init ] --START--
INFO: Run Behavior\BuildLiteBehavior [ RunTime:0.000000s ]
INFO: Run Common\Behavior\InitHookBehavior [ RunTime:0.012001s ]
INFO: [ app_init ] --END-- [ RunTime:0.014001s ]
INFO: [ app_begin ] --START--
INFO: Run Behavior\ReadHtmlCacheBehavior [ RunTime:0.001000s ]
INFO: [ app_begin ] --END-- [ RunTime:0.001000s ]
NOTIC: [8] Constant UC_APP_ID already defined D:\phpStudy\WWW\22_cj\Application\User\Conf\config.php 第 18 行.
NOTIC: [8] Constant UC_API_TYPE already defined D:\phpStudy\WWW\22_cj\Application\User\Conf\config.php 第 19 行.
NOTIC: [8] Constant UC_AUTH_KEY already defined D:\phpStudy\WWW\22_cj\Application\User\Conf\config.php 第 20 行.
NOTIC: [8] Constant UC_DB_DSN already defined D:\phpStudy\WWW\22_cj\Application\User\Conf\config.php 第 21 行.
NOTIC: [8] Constant UC_TABLE_PREFIX already defined D:\phpStudy\WWW\22_cj\Application\User\Conf\config.php 第 22 行.
NOTIC: [8] Undefined index: HTTP_X_REAL_IP D:\phpStudy\WWW\22_cj\ThinkPHP\Common\functions.php 第 1759 行.
SQL: SHOW COLUMNS FROM `luck_member` [ RunTime:0.0550s ]
SQL: SELECT `uid`,`nickname`,`sex`,`birthday`,`qq`,`score`,`login`,`reg_ip`,`reg_time`,`last_login_ip`,`last_login_time`,`status`,`make_num`,`thumb`,`local_url`,`amount` FROM `luck_member` WHERE `uid` = 1 LIMIT 1   [ RunTime:0.0000s ]
SQL: SHOW COLUMNS FROM `luck_action` [ RunTime:0.0570s ]
SQL: SELECT * FROM `luck_action` WHERE `name` = 'user_login' LIMIT 1   [ RunTime:0.0000s ]
SQL: UPDATE `luck_member` SET `login`=`login`+1,`last_login_time`='1527737712',`last_login_ip`='2130706433' WHERE `uid` = 1 [ RunTime:0.0260s ]

[ 2018-05-31T11:35:13+08:00 ] 127.0.0.1 /index.php?s=/Admin/Index/index
INFO: [ app_init ] --START--
INFO: Run Behavior\BuildLiteBehavior [ RunTime:0.000000s ]
INFO: Run Common\Behavior\InitHookBehavior [ RunTime:0.014001s ]
INFO: [ app_init ] --END-- [ RunTime:0.014001s ]
INFO: [ app_begin ] --START--
INFO: Run Behavior\ReadHtmlCacheBehavior [ RunTime:0.001000s ]
INFO: [ app_begin ] --END-- [ RunTime:0.001000s ]
NOTIC: [2048] Declaration of Admin\Controller\IndexController::index() should be compatible with Admin\Controller\AdminController::index($model_name = NULL, $display = true) D:\phpStudy\WWW\22_cj\Application\Admin\Controller\IndexController.class.php 第 17 行.
NOTIC: [8] Constant UID already defined D:\phpStudy\WWW\22_cj\Application\Admin\Controller\AdminController.class.php 第 40 行.
SQL: SHOW COLUMNS FROM `luck_menu` [ RunTime:0.0300s ]
SQL: SELECT * FROM `luck_menu` WHERE `pid` = 0 AND `hide` = 0 ORDER BY `sort` asc  [ RunTime:0.0010s ]
SQL: SELECT `id` FROM `luck_menu` WHERE ( url like '%Index/index%' ) LIMIT 1   [ RunTime:0.0000s ]
SQL: SELECT `id`,`pid`,`title` FROM `luck_menu` WHERE ( id=1 ) LIMIT 1   [ RunTime:0.0000s ]
SQL: SELECT DISTINCT  `group` FROM `luck_menu` WHERE ( pid = 1 ) ORDER BY `sort` ASC  [ RunTime:0.0010s ]
SQL: SELECT `id`,`url` FROM `luck_menu` WHERE `pid` = 1 AND `hide` = 0  [ RunTime:0.0000s ]
INFO: [ view_parse ] --START--
INFO: [ template_filter ] --START--
INFO: Run Behavior\ContentReplaceBehavior [ RunTime:0.000000s ]
INFO: [ template_filter ] --END-- [ RunTime:0.000000s ]
INFO: [ AdminIndex ] --START--
SQL: SHOW COLUMNS FROM `luck_addons` [ RunTime:0.0080s ]
SQL: SELECT `config` FROM `luck_addons` WHERE `name` = 'SiteStat' AND `status` = 1 LIMIT 1   [ RunTime:0.0000s ]
SQL: SHOW COLUMNS FROM `luck_member` [ RunTime:0.0080s ]
SQL: SELECT COUNT(*) AS tp_count FROM `luck_member` LIMIT 1   [ RunTime:0.0010s ]
SQL: SHOW COLUMNS FROM `luck_action_log` [ RunTime:0.0280s ]
SQL: SELECT COUNT(*) AS tp_count FROM `luck_action_log` LIMIT 1   [ RunTime:0.0010s ]
SQL: SHOW COLUMNS FROM `luck_document` [ RunTime:0.0320s ]
SQL: SELECT COUNT(*) AS tp_count FROM `luck_document` LIMIT 1   [ RunTime:0.0000s ]
SQL: SHOW COLUMNS FROM `luck_category` [ RunTime:0.0200s ]
SQL: SELECT COUNT(*) AS tp_count FROM `luck_category` LIMIT 1   [ RunTime:0.0000s ]
SQL: SHOW COLUMNS FROM `luck_model` [ RunTime:0.0810s ]
SQL: SELECT COUNT(*) AS tp_count FROM `luck_model` LIMIT 1   [ RunTime:0.0000s ]
INFO: [ view_parse ] --START--
INFO: [ template_filter ] --START--
INFO: Run Behavior\ContentReplaceBehavior [ RunTime:0.000000s ]
INFO: [ template_filter ] --END-- [ RunTime:-0.262015s ]
INFO: Run Behavior\ParseTemplateBehavior [ RunTime:0.036002s ]
INFO: [ view_parse ] --END-- [ RunTime:0.037002s ]
INFO: [ view_filter ] --START--
INFO: Run Behavior\WriteHtmlCacheBehavior [ RunTime:0.001000s ]
INFO: [ view_filter ] --END-- [ RunTime:0.001000s ]
INFO: Run Addons\SiteStat\SiteStatAddon [ RunTime:0.264015s ]
SQL: SELECT `config` FROM `luck_addons` WHERE `name` = 'SyncLogin' AND `status` = 1 LIMIT 1   [ RunTime:0.0010s ]
NOTIC: [8] Undefined index: display D:\phpStudy\WWW\22_cj\Addons\SyncLogin\SyncLoginAddon.class.php 第 76 行.
INFO: Run Addons\SyncLogin\SyncLoginAddon [ RunTime:0.045003s ]
INFO: [ AdminIndex ] --END-- [ RunTime:0.309018s ]
INFO: Run Behavior\ParseTemplateBehavior [ RunTime:0.083005s ]
INFO: [ view_parse ] --END-- [ RunTime:0.037002s ]
INFO: [ view_filter ] --START--
INFO: Run Behavior\WriteHtmlCacheBehavior [ RunTime:0.000000s ]
INFO: [ view_filter ] --END-- [ RunTime:-0.045003s ]
INFO: [ app_end ] --START--
INFO: Run Behavior\ShowPageTraceBehavior [ RunTime:0.001000s ]
INFO: [ app_end ] --END-- [ RunTime:0.001000s ]

[ 2018-05-31T11:35:16+08:00 ] 127.0.0.1 /index.php?s=/Admin/luck/prizeList
INFO: [ app_init ] --START--
INFO: Run Behavior\BuildLiteBehavior [ RunTime:0.000000s ]
INFO: Run Common\Behavior\InitHookBehavior [ RunTime:0.006001s ]
INFO: [ app_init ] --END-- [ RunTime:0.006001s ]
INFO: [ app_begin ] --START--
INFO: Run Behavior\ReadHtmlCacheBehavior [ RunTime:0.001000s ]
INFO: [ app_begin ] --END-- [ RunTime:0.001000s ]
NOTIC: [8] Constant UID already defined D:\phpStudy\WWW\22_cj\Application\Admin\Controller\AdminController.class.php 第 40 行.
SQL: SHOW COLUMNS FROM `luck_menu` [ RunTime:0.0070s ]
SQL: SELECT * FROM `luck_menu` WHERE `pid` = 0 AND `hide` = 0 ORDER BY `sort` asc  [ RunTime:0.0000s ]
SQL: SELECT `id` FROM `luck_menu` WHERE ( url like '%Luck/prizeList%' ) LIMIT 1   [ RunTime:0.0010s ]
SQL: SELECT `id`,`pid`,`title` FROM `luck_menu` WHERE ( id=325 ) LIMIT 1   [ RunTime:0.0000s ]
SQL: SELECT DISTINCT  `group` FROM `luck_menu` WHERE ( pid = 325 ) ORDER BY `sort` ASC  [ RunTime:0.0010s ]
SQL: SELECT `id`,`url` FROM `luck_menu` WHERE `pid` = 325 AND `hide` = 0  [ RunTime:0.0000s ]
SQL: SELECT `id`,`pid`,`title`,`url`,`tip` FROM `luck_menu` WHERE `group` = '抽奖管理' AND `pid` = 325 AND `hide` = 0 ORDER BY `sort` asc  [ RunTime:0.0000s ]
SQL: SELECT `id`,`pid`,`title`,`url`,`tip` FROM `luck_menu` WHERE `group` = '赞助商' AND `pid` = 325 AND `hide` = 0 ORDER BY `sort` asc  [ RunTime:0.0000s ]
SQL: SELECT `id`,`pid`,`title`,`url`,`tip` FROM `luck_menu` WHERE `group` = '提现申请' AND `pid` = 325 AND `hide` = 0 ORDER BY `sort` asc  [ RunTime:0.0010s ]
SQL: SELECT `id`,`pid`,`title`,`url`,`tip` FROM `luck_menu` WHERE `group` = '推荐小程序' AND `pid` = 325 AND `hide` = 0 ORDER BY `sort` asc  [ RunTime:0.0000s ]
SQL: SELECT `id`,`pid`,`title`,`url`,`tip` FROM `luck_menu` WHERE `group` = '订单列表' AND `pid` = 325 AND `hide` = 0 ORDER BY `sort` asc  [ RunTime:0.0010s ]
SQL: SELECT `id`,`pid`,`title`,`url`,`tip` FROM `luck_menu` WHERE `group` = '常见问题' AND `pid` = 325 AND `hide` = 0 ORDER BY `sort` asc  [ RunTime:0.0000s ]
SQL: SHOW COLUMNS FROM `luck_prize` [ RunTime:0.1670s ]
SQL: SELECT COUNT(*) AS tp_count FROM `luck_prize` WHERE `status` >= 0 LIMIT 1   [ RunTime:0.0010s ]
SQL: SELECT `id`,`user_id`,`oid`,`type`,`thumb`,`name`,`num`,`package`,`package_num`,`open_type`,`open_time`,`open_num`,`sponsor`,`sponsor_des`,`prize_des`,`prize_word`,`sponsor_word`,`appid`,`sponsor_url`,`status`,`create_time`,`sort`,`team_enable`,`share_pic`,`end_time` FROM `luck_prize` WHERE `status` >= 0 ORDER BY `id` desc LIMIT 0,20   [ RunTime:0.0010s ]
SQL: SHOW COLUMNS FROM `luck_get_in` [ RunTime:0.0940s ]
SQL: SELECT luck_member.thumb,luck_member.nickname,luck_member.uid FROM `luck_get_in` INNER JOIN luck_member ON luck_get_in.user_id = luck_member.uid  WHERE luck_get_in.status = 1 AND luck_get_in.p_id = '48'  [ RunTime:0.0000s ]
SQL: SELECT luck_member.thumb,luck_member.nickname,luck_member.uid FROM `luck_get_in` INNER JOIN luck_member ON luck_get_in.user_id = luck_member.uid  WHERE luck_get_in.status = 1 AND luck_get_in.p_id = '47'  [ RunTime:0.0000s ]
SQL: SELECT luck_member.thumb,luck_member.nickname,luck_member.uid FROM `luck_get_in` INNER JOIN luck_member ON luck_get_in.user_id = luck_member.uid  WHERE luck_get_in.status = 1 AND luck_get_in.p_id = '46'  [ RunTime:0.0000s ]
SQL: SELECT luck_member.thumb,luck_member.nickname,luck_member.uid FROM `luck_get_in` INNER JOIN luck_member ON luck_get_in.user_id = luck_member.uid  WHERE luck_get_in.status = 1 AND luck_get_in.p_id = '45'  [ RunTime:0.0000s ]
SQL: SELECT luck_member.thumb,luck_member.nickname,luck_member.uid FROM `luck_get_in` INNER JOIN luck_member ON luck_get_in.user_id = luck_member.uid  WHERE luck_get_in.status = 1 AND luck_get_in.p_id = '44'  [ RunTime:0.0010s ]
SQL: SELECT luck_member.thumb,luck_member.nickname,luck_member.uid FROM `luck_get_in` INNER JOIN luck_member ON luck_get_in.user_id = luck_member.uid  WHERE luck_get_in.status = 1 AND luck_get_in.p_id = '43'  [ RunTime:0.0010s ]
SQL: SELECT luck_member.thumb,luck_member.nickname,luck_member.uid FROM `luck_get_in` INNER JOIN luck_member ON luck_get_in.user_id = luck_member.uid  WHERE luck_get_in.status = 1 AND luck_get_in.p_id = '42'  [ RunTime:0.0010s ]
SQL: SELECT luck_member.thumb,luck_member.nickname,luck_member.uid FROM `luck_get_in` INNER JOIN luck_member ON luck_get_in.user_id = luck_member.uid  WHERE luck_get_in.status = 1 AND luck_get_in.p_id = '41'  [ RunTime:0.0000s ]
SQL: SELECT luck_member.thumb,luck_member.nickname,luck_member.uid FROM `luck_get_in` INNER JOIN luck_member ON luck_get_in.user_id = luck_member.uid  WHERE luck_get_in.status = 1 AND luck_get_in.p_id = '40'  [ RunTime:0.0000s ]
SQL: SELECT luck_member.thumb,luck_member.nickname,luck_member.uid FROM `luck_get_in` INNER JOIN luck_member ON luck_get_in.user_id = luck_member.uid  WHERE luck_get_in.status = 1 AND luck_get_in.p_id = '39'  [ RunTime:0.0000s ]
SQL: SELECT luck_member.thumb,luck_member.nickname,luck_member.uid FROM `luck_get_in` INNER JOIN luck_member ON luck_get_in.user_id = luck_member.uid  WHERE luck_get_in.status = 1 AND luck_get_in.p_id = '38'  [ RunTime:0.0010s ]
SQL: SELECT luck_member.thumb,luck_member.nickname,luck_member.uid FROM `luck_get_in` INNER JOIN luck_member ON luck_get_in.user_id = luck_member.uid  WHERE luck_get_in.status = 1 AND luck_get_in.p_id = '37'  [ RunTime:0.0010s ]
SQL: SELECT luck_member.thumb,luck_member.nickname,luck_member.uid FROM `luck_get_in` INNER JOIN luck_member ON luck_get_in.user_id = luck_member.uid  WHERE luck_get_in.status = 1 AND luck_get_in.p_id = '36'  [ RunTime:0.0000s ]
SQL: SELECT luck_member.thumb,luck_member.nickname,luck_member.uid FROM `luck_get_in` INNER JOIN luck_member ON luck_get_in.user_id = luck_member.uid  WHERE luck_get_in.status = 1 AND luck_get_in.p_id = '35'  [ RunTime:0.0000s ]
SQL: SELECT luck_member.thumb,luck_member.nickname,luck_member.uid FROM `luck_get_in` INNER JOIN luck_member ON luck_get_in.user_id = luck_member.uid  WHERE luck_get_in.status = 1 AND luck_get_in.p_id = '34'  [ RunTime:0.0000s ]
SQL: SELECT luck_member.thumb,luck_member.nickname,luck_member.uid FROM `luck_get_in` INNER JOIN luck_member ON luck_get_in.user_id = luck_member.uid  WHERE luck_get_in.status = 1 AND luck_get_in.p_id = '33'  [ RunTime:0.0010s ]
SQL: SELECT luck_member.thumb,luck_member.nickname,luck_member.uid FROM `luck_get_in` INNER JOIN luck_member ON luck_get_in.user_id = luck_member.uid  WHERE luck_get_in.status = 1 AND luck_get_in.p_id = '32'  [ RunTime:0.0010s ]
SQL: SELECT luck_member.thumb,luck_member.nickname,luck_member.uid FROM `luck_get_in` INNER JOIN luck_member ON luck_get_in.user_id = luck_member.uid  WHERE luck_get_in.status = 1 AND luck_get_in.p_id = '31'  [ RunTime:0.0000s ]
SQL: SELECT luck_member.thumb,luck_member.nickname,luck_member.uid FROM `luck_get_in` INNER JOIN luck_member ON luck_get_in.user_id = luck_member.uid  WHERE luck_get_in.status = 1 AND luck_get_in.p_id = '30'  [ RunTime:0.0000s ]
SQL: SELECT luck_member.thumb,luck_member.nickname,luck_member.uid FROM `luck_get_in` INNER JOIN luck_member ON luck_get_in.user_id = luck_member.uid  WHERE luck_get_in.status = 1 AND luck_get_in.p_id = '29'  [ RunTime:0.0010s ]
INFO: [ view_parse ] --START--
INFO: [ template_filter ] --START--
INFO: Run Behavior\ContentReplaceBehavior [ RunTime:0.000000s ]
INFO: [ template_filter ] --END-- [ RunTime:0.001000s ]
INFO: Run Behavior\ParseTemplateBehavior [ RunTime:0.054003s ]
INFO: [ view_parse ] --END-- [ RunTime:0.054003s ]
INFO: [ view_filter ] --START--
INFO: Run Behavior\WriteHtmlCacheBehavior [ RunTime:0.001000s ]
INFO: [ view_filter ] --END-- [ RunTime:0.001000s ]
INFO: [ app_end ] --START--
INFO: Run Behavior\ShowPageTraceBehavior [ RunTime:0.002000s ]
INFO: [ app_end ] --END-- [ RunTime:0.002000s ]

[ 2018-05-31T11:35:18+08:00 ] 127.0.0.1 /index.php?s=/Admin/article/index
INFO: [ app_init ] --START--
INFO: Run Behavior\BuildLiteBehavior [ RunTime:0.000000s ]
INFO: Run Common\Behavior\InitHookBehavior [ RunTime:0.005001s ]
INFO: [ app_init ] --END-- [ RunTime:0.005001s ]
INFO: [ app_begin ] --START--
INFO: Run Behavior\ReadHtmlCacheBehavior [ RunTime:0.001000s ]
INFO: [ app_begin ] --END-- [ RunTime:0.001000s ]
NOTIC: [2048] Declaration of Admin\Controller\ArticleController::index() should be compatible with Admin\Controller\AdminController::index($model_name = NULL, $display = true) D:\phpStudy\WWW\22_cj\Application\Admin\Controller\ArticleController.class.php 第 17 行.
NOTIC: [8] Constant UID already defined D:\phpStudy\WWW\22_cj\Application\Admin\Controller\AdminController.class.php 第 40 行.
SQL: SHOW COLUMNS FROM `luck_menu` [ RunTime:0.0070s ]
SQL: SELECT * FROM `luck_menu` WHERE `pid` = 0 AND `hide` = 0 ORDER BY `sort` asc  [ RunTime:0.0010s ]
SQL: SELECT `id` FROM `luck_menu` WHERE ( url like '%Article/index%' ) LIMIT 1   [ RunTime:0.0000s ]
SQL: SELECT `id`,`pid`,`title` FROM `luck_menu` WHERE ( id=335 ) LIMIT 1   [ RunTime:0.0000s ]
SQL: SELECT `id`,`pid`,`title` FROM `luck_menu` WHERE ( id=325 ) LIMIT 1   [ RunTime:0.0010s ]
SQL: SELECT DISTINCT  `group` FROM `luck_menu` WHERE ( pid = 325 ) ORDER BY `sort` ASC  [ RunTime:0.0000s ]
SQL: SELECT `id`,`url` FROM `luck_menu` WHERE `pid` = 325 AND `hide` = 0  [ RunTime:0.0000s ]
SQL: SELECT `id`,`pid`,`title`,`url`,`tip` FROM `luck_menu` WHERE `group` = '抽奖管理' AND `pid` = 325 AND `hide` = 0 ORDER BY `sort` asc  [ RunTime:0.0000s ]
SQL: SELECT `id`,`pid`,`title`,`url`,`tip` FROM `luck_menu` WHERE `group` = '提现申请' AND `pid` = 325 AND `hide` = 0 ORDER BY `sort` asc  [ RunTime:0.0010s ]
SQL: SELECT `id`,`pid`,`title`,`url`,`tip` FROM `luck_menu` WHERE `group` = '赞助商' AND `pid` = 325 AND `hide` = 0 ORDER BY `sort` asc  [ RunTime:0.0000s ]
SQL: SELECT `id`,`pid`,`title`,`url`,`tip` FROM `luck_menu` WHERE `group` = '推荐小程序' AND `pid` = 325 AND `hide` = 0 ORDER BY `sort` asc  [ RunTime:0.0000s ]
SQL: SELECT `id`,`pid`,`title`,`url`,`tip` FROM `luck_menu` WHERE `group` = '订单列表' AND `pid` = 325 AND `hide` = 0 ORDER BY `sort` asc  [ RunTime:0.0010s ]
SQL: SELECT `id`,`pid`,`title`,`url`,`tip` FROM `luck_menu` WHERE `group` = '常见问题' AND `pid` = 325 AND `hide` = 0 ORDER BY `sort` asc  [ RunTime:0.0000s ]
SQL: SHOW COLUMNS FROM `luck_article` [ RunTime:0.0310s ]
SQL: SELECT COUNT(*) AS tp_count FROM `luck_article` WHERE `status` >= 0 LIMIT 1   [ RunTime:0.0000s ]
SQL: SELECT `id`,`catid`,`keywords`,`description`,`title`,`thumb`,`content`,`hits`,`listorder`,`source_url`,`status`,`extra`,`create_time`,`update_time` FROM `luck_article` WHERE `status` >= 0 ORDER BY `listorder` DESC,`id` DESC LIMIT 0,20   [ RunTime:0.0010s ]
INFO: [ view_parse ] --START--
INFO: [ template_filter ] --START--
INFO: Run Behavior\ContentReplaceBehavior [ RunTime:0.000000s ]
INFO: [ template_filter ] --END-- [ RunTime:0.000000s ]
NOTIC: [8] Undefined variable: status D:\phpStudy\WWW\22_cj\Runtime\Cache\Admin\7a4184ffe8f804b12b2e7f8851dd8f7d.php 第 104 行.
NOTIC: [8] Undefined variable: status D:\phpStudy\WWW\22_cj\Runtime\Cache\Admin\7a4184ffe8f804b12b2e7f8851dd8f7d.php 第 105 行.
NOTIC: [8] Undefined variable: status D:\phpStudy\WWW\22_cj\Runtime\Cache\Admin\7a4184ffe8f804b12b2e7f8851dd8f7d.php 第 109 行.
INFO: Run Behavior\ParseTemplateBehavior [ RunTime:0.025001s ]
INFO: [ view_parse ] --END-- [ RunTime:0.025001s ]
INFO: [ view_filter ] --START--
INFO: Run Behavior\WriteHtmlCacheBehavior [ RunTime:0.001000s ]
INFO: [ view_filter ] --END-- [ RunTime:0.001000s ]
INFO: [ app_end ] --START--
INFO: Run Behavior\ShowPageTraceBehavior [ RunTime:0.001000s ]
INFO: [ app_end ] --END-- [ RunTime:0.001000s ]

[ 2018-05-31T11:35:47+08:00 ] 127.0.0.1 /index.php?s=/Admin/article/index
INFO: [ app_init ] --START--
INFO: Run Behavior\BuildLiteBehavior [ RunTime:0.000000s ]
INFO: Run Common\Behavior\InitHookBehavior [ RunTime:0.015000s ]
INFO: [ app_init ] --END-- [ RunTime:0.015000s ]
INFO: [ app_begin ] --START--
INFO: Run Behavior\ReadHtmlCacheBehavior [ RunTime:0.001000s ]
INFO: [ app_begin ] --END-- [ RunTime:0.001000s ]
NOTIC: [2048] Declaration of Admin\Controller\ArticleController::index() should be compatible with Admin\Controller\AdminController::index($model_name = NULL, $display = true) D:\phpStudy\WWW\22_cj\Application\Admin\Controller\ArticleController.class.php 第 17 行.
NOTIC: [8] Constant UID already defined D:\phpStudy\WWW\22_cj\Application\Admin\Controller\AdminController.class.php 第 40 行.
SQL: SHOW COLUMNS FROM `luck_menu` [ RunTime:0.0080s ]
SQL: SELECT * FROM `luck_menu` WHERE `pid` = 0 AND `hide` = 0 ORDER BY `sort` asc  [ RunTime:0.0000s ]
SQL: SELECT `id` FROM `luck_menu` WHERE ( url like '%Article/index%' ) LIMIT 1   [ RunTime:0.0000s ]
SQL: SELECT `id`,`pid`,`title` FROM `luck_menu` WHERE ( id=335 ) LIMIT 1   [ RunTime:0.0000s ]
SQL: SELECT `id`,`pid`,`title` FROM `luck_menu` WHERE ( id=325 ) LIMIT 1   [ RunTime:0.0000s ]
SQL: SELECT DISTINCT  `group` FROM `luck_menu` WHERE ( pid = 325 ) ORDER BY `sort` ASC  [ RunTime:0.0000s ]
SQL: SELECT `id`,`url` FROM `luck_menu` WHERE `pid` = 325 AND `hide` = 0  [ RunTime:0.0010s ]
SQL: SELECT `id`,`pid`,`title`,`url`,`tip` FROM `luck_menu` WHERE `group` = '抽奖管理' AND `pid` = 325 AND `hide` = 0 ORDER BY `sort` asc  [ RunTime:0.0000s ]
SQL: SELECT `id`,`pid`,`title`,`url`,`tip` FROM `luck_menu` WHERE `group` = '提现申请' AND `pid` = 325 AND `hide` = 0 ORDER BY `sort` asc  [ RunTime:0.0000s ]
SQL: SELECT `id`,`pid`,`title`,`url`,`tip` FROM `luck_menu` WHERE `group` = '赞助商' AND `pid` = 325 AND `hide` = 0 ORDER BY `sort` asc  [ RunTime:0.0000s ]
SQL: SELECT `id`,`pid`,`title`,`url`,`tip` FROM `luck_menu` WHERE `group` = '推荐小程序' AND `pid` = 325 AND `hide` = 0 ORDER BY `sort` asc  [ RunTime:0.0000s ]
SQL: SELECT `id`,`pid`,`title`,`url`,`tip` FROM `luck_menu` WHERE `group` = '订单列表' AND `pid` = 325 AND `hide` = 0 ORDER BY `sort` asc  [ RunTime:0.0010s ]
SQL: SELECT `id`,`pid`,`title`,`url`,`tip` FROM `luck_menu` WHERE `group` = '常见问题' AND `pid` = 325 AND `hide` = 0 ORDER BY `sort` asc  [ RunTime:0.0000s ]
SQL: SHOW COLUMNS FROM `luck_article` [ RunTime:0.0070s ]
SQL: SELECT COUNT(*) AS tp_count FROM `luck_article` WHERE `status` >= 0 LIMIT 1   [ RunTime:0.0000s ]
SQL: SELECT `id`,`catid`,`keywords`,`description`,`title`,`thumb`,`content`,`hits`,`listorder`,`source_url`,`status`,`extra`,`create_time`,`update_time` FROM `luck_article` WHERE `status` >= 0 ORDER BY `listorder` DESC,`id` DESC LIMIT 0,20   [ RunTime:0.0000s ]
INFO: [ view_parse ] --START--
INFO: [ template_filter ] --START--
INFO: Run Behavior\ContentReplaceBehavior [ RunTime:0.000000s ]
INFO: [ template_filter ] --END-- [ RunTime:0.000000s ]
NOTIC: [8] Undefined variable: status D:\phpStudy\WWW\22_cj\Runtime\Cache\Admin\7a4184ffe8f804b12b2e7f8851dd8f7d.php 第 104 行.
NOTIC: [8] Undefined variable: status D:\phpStudy\WWW\22_cj\Runtime\Cache\Admin\7a4184ffe8f804b12b2e7f8851dd8f7d.php 第 105 行.
NOTIC: [8] Undefined variable: status D:\phpStudy\WWW\22_cj\Runtime\Cache\Admin\7a4184ffe8f804b12b2e7f8851dd8f7d.php 第 109 行.
INFO: Run Behavior\ParseTemplateBehavior [ RunTime:0.014001s ]
INFO: [ view_parse ] --END-- [ RunTime:0.015001s ]
INFO: [ view_filter ] --START--
INFO: Run Behavior\WriteHtmlCacheBehavior [ RunTime:0.001000s ]
INFO: [ view_filter ] --END-- [ RunTime:0.001000s ]
INFO: [ app_end ] --START--
INFO: Run Behavior\ShowPageTraceBehavior [ RunTime:0.001000s ]
INFO: [ app_end ] --END-- [ RunTime:0.001000s ]

[ 2018-05-31T11:36:59+08:00 ] 127.0.0.1 /index.php?s=/Admin/Article/add
INFO: [ app_init ] --START--
INFO: Run Behavior\BuildLiteBehavior [ RunTime:0.000000s ]
INFO: Run Common\Behavior\InitHookBehavior [ RunTime:0.016001s ]
INFO: [ app_init ] --END-- [ RunTime:0.016001s ]
INFO: [ app_begin ] --START--
INFO: Run Behavior\ReadHtmlCacheBehavior [ RunTime:0.001000s ]
INFO: [ app_begin ] --END-- [ RunTime:0.001000s ]
NOTIC: [2048] Declaration of Admin\Controller\ArticleController::index() should be compatible with Admin\Controller\AdminController::index($model_name = NULL, $display = true) D:\phpStudy\WWW\22_cj\Application\Admin\Controller\ArticleController.class.php 第 17 行.
NOTIC: [8] Constant UID already defined D:\phpStudy\WWW\22_cj\Application\Admin\Controller\AdminController.class.php 第 40 行.
SQL: SHOW COLUMNS FROM `luck_menu` [ RunTime:0.0110s ]
SQL: SELECT * FROM `luck_menu` WHERE `pid` = 0 AND `hide` = 0 ORDER BY `sort` asc  [ RunTime:0.0000s ]
SQL: SELECT `id` FROM `luck_menu` WHERE ( url like '%Article/add%' ) LIMIT 1   [ RunTime:0.0010s ]
SQL: SELECT `id`,`pid`,`title` FROM `luck_menu` WHERE ( id=165 ) LIMIT 1   [ RunTime:0.0000s ]
SQL: SELECT `id`,`pid`,`title` FROM `luck_menu` WHERE ( id=3 ) LIMIT 1   [ RunTime:0.0000s ]
INFO: [ view_parse ] --START--
INFO: [ template_filter ] --START--
INFO: Run Behavior\ContentReplaceBehavior [ RunTime:0.000000s ]
INFO: [ template_filter ] --END-- [ RunTime:0.000000s ]
NOTIC: [8] Undefined variable: cat D:\phpStudy\WWW\22_cj\Runtime\Cache\Admin\761055de2f430bef08441163fbb8bda7.php 第 130 行.
INFO: [ adminArticleEdit ] --START--
SQL: SHOW COLUMNS FROM `luck_addons` [ RunTime:0.0110s ]
SQL: SELECT `config` FROM `luck_addons` WHERE `name` = 'EditorForAdmin' AND `status` = 1 LIMIT 1   [ RunTime:0.0010s ]
INFO: [ view_parse ] --START--
INFO: [ template_filter ] --START--
INFO: Run Behavior\ContentReplaceBehavior [ RunTime:0.000000s ]
INFO: [ template_filter ] --END-- [ RunTime:-0.045003s ]
INFO: Run Behavior\ParseTemplateBehavior [ RunTime:0.017001s ]
INFO: [ view_parse ] --END-- [ RunTime:0.017001s ]
INFO: [ view_filter ] --START--
INFO: Run Behavior\WriteHtmlCacheBehavior [ RunTime:0.001000s ]
INFO: [ view_filter ] --END-- [ RunTime:0.001000s ]
INFO: Run Addons\EditorForAdmin\EditorForAdminAddon [ RunTime:0.044002s ]
INFO: [ adminArticleEdit ] --END-- [ RunTime:0.044002s ]
INFO: Run Behavior\ParseTemplateBehavior [ RunTime:0.018001s ]
INFO: [ view_parse ] --END-- [ RunTime:0.017001s ]
INFO: [ view_filter ] --START--
INFO: Run Behavior\WriteHtmlCacheBehavior [ RunTime:0.000000s ]
INFO: [ view_filter ] --END-- [ RunTime:0.000000s ]
INFO: [ app_end ] --START--
INFO: Run Behavior\ShowPageTraceBehavior [ RunTime:0.001000s ]
INFO: [ app_end ] --END-- [ RunTime:0.001000s ]

[ 2018-05-31T11:53:12+08:00 ] 127.0.0.1 /index.php?s=/Admin/Article/add
INFO: [ app_init ] --START--
INFO: Run Behavior\BuildLiteBehavior [ RunTime:0.001000s ]
INFO: Run Common\Behavior\InitHookBehavior [ RunTime:0.015001s ]
INFO: [ app_init ] --END-- [ RunTime:0.016001s ]
INFO: [ app_begin ] --START--
INFO: Run Behavior\ReadHtmlCacheBehavior [ RunTime:0.001000s ]
INFO: [ app_begin ] --END-- [ RunTime:0.001000s ]
NOTIC: [2048] Declaration of Admin\Controller\ArticleController::index() should be compatible with Admin\Controller\AdminController::index($model_name = NULL, $display = true) D:\phpStudy\WWW\22_cj\Application\Admin\Controller\ArticleController.class.php 第 17 行.
NOTIC: [8] Constant UID already defined D:\phpStudy\WWW\22_cj\Application\Admin\Controller\AdminController.class.php 第 40 行.
SQL: SHOW COLUMNS FROM `luck_menu` [ RunTime:0.0060s ]
SQL: SELECT * FROM `luck_menu` WHERE `pid` = 0 AND `hide` = 0 ORDER BY `sort` asc  [ RunTime:0.0000s ]
SQL: SELECT `id` FROM `luck_menu` WHERE ( url like '%Article/add%' ) LIMIT 1   [ RunTime:0.0000s ]
SQL: SELECT `id`,`pid`,`title` FROM `luck_menu` WHERE ( id=165 ) LIMIT 1   [ RunTime:0.0000s ]
SQL: SELECT `id`,`pid`,`title` FROM `luck_menu` WHERE ( id=3 ) LIMIT 1   [ RunTime:0.0000s ]
INFO: [ view_parse ] --START--
INFO: [ template_filter ] --START--
INFO: Run Behavior\ContentReplaceBehavior [ RunTime:0.000000s ]
INFO: [ template_filter ] --END-- [ RunTime:0.000000s ]
INFO: [ adminArticleEdit ] --START--
SQL: SHOW COLUMNS FROM `luck_addons` [ RunTime:0.0070s ]
SQL: SELECT `config` FROM `luck_addons` WHERE `name` = 'EditorForAdmin' AND `status` = 1 LIMIT 1   [ RunTime:0.0000s ]
INFO: [ view_parse ] --START--
INFO: [ template_filter ] --START--
INFO: Run Behavior\ContentReplaceBehavior [ RunTime:0.000000s ]
INFO: [ template_filter ] --END-- [ RunTime:-0.014001s ]
INFO: Run Behavior\ParseTemplateBehavior [ RunTime:0.003001s ]
INFO: [ view_parse ] --END-- [ RunTime:0.004001s ]
INFO: [ view_filter ] --START--
INFO: Run Behavior\WriteHtmlCacheBehavior [ RunTime:0.001000s ]
INFO: [ view_filter ] --END-- [ RunTime:0.001000s ]
INFO: Run Addons\EditorForAdmin\EditorForAdminAddon [ RunTime:0.014001s ]
INFO: [ adminArticleEdit ] --END-- [ RunTime:0.014001s ]
INFO: Run Behavior\ParseTemplateBehavior [ RunTime:0.004001s ]
INFO: [ view_parse ] --END-- [ RunTime:0.004001s ]
INFO: [ view_filter ] --START--
INFO: Run Behavior\WriteHtmlCacheBehavior [ RunTime:0.000000s ]
INFO: [ view_filter ] --END-- [ RunTime:0.000000s ]
INFO: [ app_end ] --START--
INFO: Run Behavior\ShowPageTraceBehavior [ RunTime:0.001000s ]
INFO: [ app_end ] --END-- [ RunTime:0.001000s ]

[ 2018-05-31T11:53:13+08:00 ] 127.0.0.1 /index.php?s=/Admin/Article/add
INFO: [ app_init ] --START--
INFO: Run Behavior\BuildLiteBehavior [ RunTime:0.000000s ]
INFO: Run Common\Behavior\InitHookBehavior [ RunTime:0.014001s ]
INFO: [ app_init ] --END-- [ RunTime:0.014001s ]
INFO: [ app_begin ] --START--
INFO: Run Behavior\ReadHtmlCacheBehavior [ RunTime:0.001000s ]
INFO: [ app_begin ] --END-- [ RunTime:0.001000s ]
NOTIC: [2048] Declaration of Admin\Controller\ArticleController::index() should be compatible with Admin\Controller\AdminController::index($model_name = NULL, $display = true) D:\phpStudy\WWW\22_cj\Application\Admin\Controller\ArticleController.class.php 第 17 行.
NOTIC: [8] Constant UID already defined D:\phpStudy\WWW\22_cj\Application\Admin\Controller\AdminController.class.php 第 40 行.
SQL: SHOW COLUMNS FROM `luck_menu` [ RunTime:0.0070s ]
SQL: SELECT * FROM `luck_menu` WHERE `pid` = 0 AND `hide` = 0 ORDER BY `sort` asc  [ RunTime:0.0000s ]
SQL: SELECT `id` FROM `luck_menu` WHERE ( url like '%Article/add%' ) LIMIT 1   [ RunTime:0.0000s ]
SQL: SELECT `id`,`pid`,`title` FROM `luck_menu` WHERE ( id=165 ) LIMIT 1   [ RunTime:0.0000s ]
SQL: SELECT `id`,`pid`,`title` FROM `luck_menu` WHERE ( id=3 ) LIMIT 1   [ RunTime:0.0000s ]
INFO: [ view_parse ] --START--
INFO: [ template_filter ] --START--
INFO: Run Behavior\ContentReplaceBehavior [ RunTime:0.000000s ]
INFO: [ template_filter ] --END-- [ RunTime:0.000000s ]
INFO: [ adminArticleEdit ] --START--
SQL: SHOW COLUMNS FROM `luck_addons` [ RunTime:0.0070s ]
SQL: SELECT `config` FROM `luck_addons` WHERE `name` = 'EditorForAdmin' AND `status` = 1 LIMIT 1   [ RunTime:0.0010s ]
INFO: [ view_parse ] --START--
INFO: [ template_filter ] --START--
INFO: Run Behavior\ContentReplaceBehavior [ RunTime:0.000000s ]
INFO: [ template_filter ] --END-- [ RunTime:-0.014001s ]
INFO: Run Behavior\ParseTemplateBehavior [ RunTime:0.004001s ]
INFO: [ view_parse ] --END-- [ RunTime:0.004001s ]
INFO: [ view_filter ] --START--
INFO: Run Behavior\WriteHtmlCacheBehavior [ RunTime:0.000000s ]
INFO: [ view_filter ] --END-- [ RunTime:0.000000s ]
INFO: Run Addons\EditorForAdmin\EditorForAdminAddon [ RunTime:0.014001s ]
INFO: [ adminArticleEdit ] --END-- [ RunTime:0.014001s ]
INFO: Run Behavior\ParseTemplateBehavior [ RunTime:0.005001s ]
INFO: [ view_parse ] --END-- [ RunTime:0.004001s ]
INFO: [ view_filter ] --START--
INFO: Run Behavior\WriteHtmlCacheBehavior [ RunTime:0.000000s ]
INFO: [ view_filter ] --END-- [ RunTime:-0.001000s ]
INFO: [ app_end ] --START--
INFO: Run Behavior\ShowPageTraceBehavior [ RunTime:0.001000s ]
INFO: [ app_end ] --END-- [ RunTime:0.001000s ]

[ 2018-05-31T11:53:13+08:00 ] 127.0.0.1 /index.php?s=/Admin/Article/add
INFO: [ app_init ] --START--
INFO: Run Behavior\BuildLiteBehavior [ RunTime:0.000000s ]
INFO: Run Common\Behavior\InitHookBehavior [ RunTime:0.014000s ]
INFO: [ app_init ] --END-- [ RunTime:0.014000s ]
INFO: [ app_begin ] --START--
INFO: Run Behavior\ReadHtmlCacheBehavior [ RunTime:0.001000s ]
INFO: [ app_begin ] --END-- [ RunTime:0.001000s ]
NOTIC: [2048] Declaration of Admin\Controller\ArticleController::index() should be compatible with Admin\Controller\AdminController::index($model_name = NULL, $display = true) D:\phpStudy\WWW\22_cj\Application\Admin\Controller\ArticleController.class.php 第 17 行.
NOTIC: [8] Constant UID already defined D:\phpStudy\WWW\22_cj\Application\Admin\Controller\AdminController.class.php 第 40 行.
SQL: SHOW COLUMNS FROM `luck_menu` [ RunTime:0.0070s ]
SQL: SELECT * FROM `luck_menu` WHERE `pid` = 0 AND `hide` = 0 ORDER BY `sort` asc  [ RunTime:0.0010s ]
SQL: SELECT `id` FROM `luck_menu` WHERE ( url like '%Article/add%' ) LIMIT 1   [ RunTime:0.0000s ]
SQL: SELECT `id`,`pid`,`title` FROM `luck_menu` WHERE ( id=165 ) LIMIT 1   [ RunTime:0.0000s ]
SQL: SELECT `id`,`pid`,`title` FROM `luck_menu` WHERE ( id=3 ) LIMIT 1   [ RunTime:0.0010s ]
INFO: [ view_parse ] --START--
INFO: [ template_filter ] --START--
INFO: Run Behavior\ContentReplaceBehavior [ RunTime:0.000000s ]
INFO: [ template_filter ] --END-- [ RunTime:0.000000s ]
INFO: [ adminArticleEdit ] --START--
SQL: SHOW COLUMNS FROM `luck_addons` [ RunTime:0.0070s ]
SQL: SELECT `config` FROM `luck_addons` WHERE `name` = 'EditorForAdmin' AND `status` = 1 LIMIT 1   [ RunTime:0.0000s ]
INFO: [ view_parse ] --START--
INFO: [ template_filter ] --START--
INFO: Run Behavior\ContentReplaceBehavior [ RunTime:0.000000s ]
INFO: [ template_filter ] --END-- [ RunTime:-0.013000s ]
INFO: Run Behavior\ParseTemplateBehavior [ RunTime:0.004001s ]
INFO: [ view_parse ] --END-- [ RunTime:0.004001s ]
INFO: [ view_filter ] --START--
INFO: Run Behavior\WriteHtmlCacheBehavior [ RunTime:0.000000s ]
INFO: [ view_filter ] --END-- [ RunTime:0.000000s ]
INFO: Run Addons\EditorForAdmin\EditorForAdminAddon [ RunTime:0.013001s ]
INFO: [ adminArticleEdit ] --END-- [ RunTime:0.013001s ]
INFO: Run Behavior\ParseTemplateBehavior [ RunTime:0.004001s ]
INFO: [ view_parse ] --END-- [ RunTime:0.004001s ]
INFO: [ view_filter ] --START--
INFO: Run Behavior\WriteHtmlCacheBehavior [ RunTime:0.000000s ]
INFO: [ view_filter ] --END-- [ RunTime:0.000000s ]
INFO: [ app_end ] --START--
INFO: Run Behavior\ShowPageTraceBehavior [ RunTime:0.000000s ]
INFO: [ app_end ] --END-- [ RunTime:0.000000s ]

[ 2018-05-31T11:53:13+08:00 ] 127.0.0.1 /index.php?s=/Admin/Article/add
INFO: [ app_init ] --START--
INFO: Run Behavior\BuildLiteBehavior [ RunTime:0.000000s ]
INFO: Run Common\Behavior\InitHookBehavior [ RunTime:0.004000s ]
INFO: [ app_init ] --END-- [ RunTime:0.005000s ]
INFO: [ app_begin ] --START--
INFO: Run Behavior\ReadHtmlCacheBehavior [ RunTime:0.000000s ]
INFO: [ app_begin ] --END-- [ RunTime:0.000000s ]
NOTIC: [2048] Declaration of Admin\Controller\ArticleController::index() should be compatible with Admin\Controller\AdminController::index($model_name = NULL, $display = true) D:\phpStudy\WWW\22_cj\Application\Admin\Controller\ArticleController.class.php 第 17 行.
NOTIC: [8] Constant UID already defined D:\phpStudy\WWW\22_cj\Application\Admin\Controller\AdminController.class.php 第 40 行.
SQL: SHOW COLUMNS FROM `luck_menu` [ RunTime:0.0070s ]
SQL: SELECT * FROM `luck_menu` WHERE `pid` = 0 AND `hide` = 0 ORDER BY `sort` asc  [ RunTime:0.0010s ]
SQL: SELECT `id` FROM `luck_menu` WHERE ( url like '%Article/add%' ) LIMIT 1   [ RunTime:0.0000s ]
SQL: SELECT `id`,`pid`,`title` FROM `luck_menu` WHERE ( id=165 ) LIMIT 1   [ RunTime:0.0000s ]
SQL: SELECT `id`,`pid`,`title` FROM `luck_menu` WHERE ( id=3 ) LIMIT 1   [ RunTime:0.0000s ]
INFO: [ view_parse ] --START--
INFO: [ template_filter ] --START--
INFO: Run Behavior\ContentReplaceBehavior [ RunTime:0.000000s ]
INFO: [ template_filter ] --END-- [ RunTime:0.000000s ]
INFO: [ adminArticleEdit ] --START--
SQL: SHOW COLUMNS FROM `luck_addons` [ RunTime:0.0070s ]
SQL: SELECT `config` FROM `luck_addons` WHERE `name` = 'EditorForAdmin' AND `status` = 1 LIMIT 1   [ RunTime:0.0010s ]
INFO: [ view_parse ] --START--
INFO: [ template_filter ] --START--
INFO: Run Behavior\ContentReplaceBehavior [ RunTime:0.000000s ]
INFO: [ template_filter ] --END-- [ RunTime:-0.014001s ]
INFO: Run Behavior\ParseTemplateBehavior [ RunTime:0.004000s ]
INFO: [ view_parse ] --END-- [ RunTime:0.004000s ]
INFO: [ view_filter ] --START--
INFO: Run Behavior\WriteHtmlCacheBehavior [ RunTime:0.001000s ]
INFO: [ view_filter ] --END-- [ RunTime:0.001000s ]
INFO: Run Addons\EditorForAdmin\EditorForAdminAddon [ RunTime:0.014001s ]
INFO: [ adminArticleEdit ] --END-- [ RunTime:0.014001s ]
INFO: Run Behavior\ParseTemplateBehavior [ RunTime:0.005000s ]
INFO: [ view_parse ] --END-- [ RunTime:0.004000s ]
INFO: [ view_filter ] --START--
INFO: Run Behavior\WriteHtmlCacheBehavior [ RunTime:0.000000s ]
INFO: [ view_filter ] --END-- [ RunTime:0.000000s ]
INFO: [ app_end ] --START--
INFO: Run Behavior\ShowPageTraceBehavior [ RunTime:0.001000s ]
INFO: [ app_end ] --END-- [ RunTime:0.001000s ]

[ 2018-05-31T11:53:14+08:00 ] 127.0.0.1 /index.php?s=/Admin/Index/index
INFO: [ app_init ] --START--
INFO: Run Behavior\BuildLiteBehavior [ RunTime:0.000000s ]
INFO: Run Common\Behavior\InitHookBehavior [ RunTime:0.014001s ]
INFO: [ app_init ] --END-- [ RunTime:0.015001s ]
INFO: [ app_begin ] --START--
INFO: Run Behavior\ReadHtmlCacheBehavior [ RunTime:0.001000s ]
INFO: [ app_begin ] --END-- [ RunTime:0.001000s ]
NOTIC: [2048] Declaration of Admin\Controller\IndexController::index() should be compatible with Admin\Controller\AdminController::index($model_name = NULL, $display = true) D:\phpStudy\WWW\22_cj\Application\Admin\Controller\IndexController.class.php 第 17 行.
NOTIC: [8] Constant UID already defined D:\phpStudy\WWW\22_cj\Application\Admin\Controller\AdminController.class.php 第 40 行.
SQL: SHOW COLUMNS FROM `luck_menu` [ RunTime:0.0070s ]
SQL: SELECT * FROM `luck_menu` WHERE `pid` = 0 AND `hide` = 0 ORDER BY `sort` asc  [ RunTime:0.0010s ]
SQL: SELECT `id` FROM `luck_menu` WHERE ( url like '%Index/index%' ) LIMIT 1   [ RunTime:0.0000s ]
SQL: SELECT `id`,`pid`,`title` FROM `luck_menu` WHERE ( id=1 ) LIMIT 1   [ RunTime:0.0000s ]
SQL: SELECT DISTINCT  `group` FROM `luck_menu` WHERE ( pid = 1 ) ORDER BY `sort` ASC  [ RunTime:0.0000s ]
SQL: SELECT `id`,`url` FROM `luck_menu` WHERE `pid` = 1 AND `hide` = 0  [ RunTime:0.0010s ]
INFO: [ view_parse ] --START--
INFO: [ template_filter ] --START--
INFO: Run Behavior\ContentReplaceBehavior [ RunTime:0.000000s ]
INFO: [ template_filter ] --END-- [ RunTime:0.000000s ]
INFO: [ AdminIndex ] --START--
SQL: SHOW COLUMNS FROM `luck_addons` [ RunTime:0.0070s ]
SQL: SELECT `config` FROM `luck_addons` WHERE `name` = 'SiteStat' AND `status` = 1 LIMIT 1   [ RunTime:0.0000s ]
SQL: SHOW COLUMNS FROM `luck_member` [ RunTime:0.0070s ]
SQL: SELECT COUNT(*) AS tp_count FROM `luck_member` LIMIT 1   [ RunTime:0.0000s ]
SQL: SHOW COLUMNS FROM `luck_action_log` [ RunTime:0.0060s ]
SQL: SELECT COUNT(*) AS tp_count FROM `luck_action_log` LIMIT 1   [ RunTime:0.0000s ]
SQL: SHOW COLUMNS FROM `luck_document` [ RunTime:0.0070s ]
SQL: SELECT COUNT(*) AS tp_count FROM `luck_document` LIMIT 1   [ RunTime:0.0000s ]
SQL: SHOW COLUMNS FROM `luck_category` [ RunTime:0.0070s ]
SQL: SELECT COUNT(*) AS tp_count FROM `luck_category` LIMIT 1   [ RunTime:0.0000s ]
SQL: SHOW COLUMNS FROM `luck_model` [ RunTime:0.0070s ]
SQL: SELECT COUNT(*) AS tp_count FROM `luck_model` LIMIT 1   [ RunTime:0.0010s ]
INFO: [ view_parse ] --START--
INFO: [ template_filter ] --START--
INFO: Run Behavior\ContentReplaceBehavior [ RunTime:0.000000s ]
INFO: [ template_filter ] --END-- [ RunTime:-0.054003s ]
INFO: Run Behavior\ParseTemplateBehavior [ RunTime:0.002000s ]
INFO: [ view_parse ] --END-- [ RunTime:0.002000s ]
INFO: [ view_filter ] --START--
INFO: Run Behavior\WriteHtmlCacheBehavior [ RunTime:0.001000s ]
INFO: [ view_filter ] --END-- [ RunTime:0.001000s ]
INFO: Run Addons\SiteStat\SiteStatAddon [ RunTime:0.054003s ]
SQL: SELECT `config` FROM `luck_addons` WHERE `name` = 'SyncLogin' AND `status` = 1 LIMIT 1   [ RunTime:0.0000s ]
NOTIC: [8] Undefined index: display D:\phpStudy\WWW\22_cj\Addons\SyncLogin\SyncLoginAddon.class.php 第 76 行.
INFO: Run Addons\SyncLogin\SyncLoginAddon [ RunTime:0.001000s ]
INFO: [ AdminIndex ] --END-- [ RunTime:0.055003s ]
INFO: Run Behavior\ParseTemplateBehavior [ RunTime:0.004000s ]
INFO: [ view_parse ] --END-- [ RunTime:0.002000s ]
INFO: [ view_filter ] --START--
INFO: Run Behavior\WriteHtmlCacheBehavior [ RunTime:0.000000s ]
INFO: [ view_filter ] --END-- [ RunTime:-0.001000s ]
INFO: [ app_end ] --START--
INFO: Run Behavior\ShowPageTraceBehavior [ RunTime:0.000000s ]
INFO: [ app_end ] --END-- [ RunTime:0.000000s ]

[ 2018-05-31T11:53:15+08:00 ] 127.0.0.1 /index.php?s=/Admin/luck/prizeList
INFO: [ app_init ] --START--
INFO: Run Behavior\BuildLiteBehavior [ RunTime:0.000000s ]
INFO: Run Common\Behavior\InitHookBehavior [ RunTime:0.014001s ]
INFO: [ app_init ] --END-- [ RunTime:0.015001s ]
INFO: [ app_begin ] --START--
INFO: Run Behavior\ReadHtmlCacheBehavior [ RunTime:0.001001s ]
INFO: [ app_begin ] --END-- [ RunTime:0.001001s ]
NOTIC: [8] Constant UID already defined D:\phpStudy\WWW\22_cj\Application\Admin\Controller\AdminController.class.php 第 40 行.
SQL: SHOW COLUMNS FROM `luck_menu` [ RunTime:0.0080s ]
SQL: SELECT * FROM `luck_menu` WHERE `pid` = 0 AND `hide` = 0 ORDER BY `sort` asc  [ RunTime:0.0000s ]
SQL: SELECT `id` FROM `luck_menu` WHERE ( url like '%Luck/prizeList%' ) LIMIT 1   [ RunTime:0.0000s ]
SQL: SELECT `id`,`pid`,`title` FROM `luck_menu` WHERE ( id=325 ) LIMIT 1   [ RunTime:0.0000s ]
SQL: SELECT DISTINCT  `group` FROM `luck_menu` WHERE ( pid = 325 ) ORDER BY `sort` ASC  [ RunTime:0.0010s ]
SQL: SELECT `id`,`url` FROM `luck_menu` WHERE `pid` = 325 AND `hide` = 0  [ RunTime:0.0000s ]
SQL: SELECT `id`,`pid`,`title`,`url`,`tip` FROM `luck_menu` WHERE `group` = '抽奖管理' AND `pid` = 325 AND `hide` = 0 ORDER BY `sort` asc  [ RunTime:0.0000s ]
SQL: SELECT `id`,`pid`,`title`,`url`,`tip` FROM `luck_menu` WHERE `group` = '提现申请' AND `pid` = 325 AND `hide` = 0 ORDER BY `sort` asc  [ RunTime:0.0000s ]
SQL: SELECT `id`,`pid`,`title`,`url`,`tip` FROM `luck_menu` WHERE `group` = '赞助商' AND `pid` = 325 AND `hide` = 0 ORDER BY `sort` asc  [ RunTime:0.0010s ]
SQL: SELECT `id`,`pid`,`title`,`url`,`tip` FROM `luck_menu` WHERE `group` = '推荐小程序' AND `pid` = 325 AND `hide` = 0 ORDER BY `sort` asc  [ RunTime:0.0000s ]
SQL: SELECT `id`,`pid`,`title`,`url`,`tip` FROM `luck_menu` WHERE `group` = '订单列表' AND `pid` = 325 AND `hide` = 0 ORDER BY `sort` asc  [ RunTime:0.0000s ]
SQL: SELECT `id`,`pid`,`title`,`url`,`tip` FROM `luck_menu` WHERE `group` = '常见问题' AND `pid` = 325 AND `hide` = 0 ORDER BY `sort` asc  [ RunTime:0.0000s ]
SQL: SHOW COLUMNS FROM `luck_prize` [ RunTime:0.0070s ]
SQL: SELECT COUNT(*) AS tp_count FROM `luck_prize` WHERE `status` >= 0 LIMIT 1   [ RunTime:0.0000s ]
SQL: SELECT `id`,`user_id`,`oid`,`type`,`thumb`,`name`,`num`,`package`,`package_num`,`open_type`,`open_time`,`open_num`,`sponsor`,`sponsor_des`,`prize_des`,`prize_word`,`sponsor_word`,`appid`,`sponsor_url`,`status`,`create_time`,`sort`,`team_enable`,`share_pic`,`end_time` FROM `luck_prize` WHERE `status` >= 0 ORDER BY `id` desc LIMIT 0,20   [ RunTime:0.0010s ]
SQL: SHOW COLUMNS FROM `luck_get_in` [ RunTime:0.0070s ]
SQL: SELECT luck_member.thumb,luck_member.nickname,luck_member.uid FROM `luck_get_in` INNER JOIN luck_member ON luck_get_in.user_id = luck_member.uid  WHERE luck_get_in.status = 1 AND luck_get_in.p_id = '48'  [ RunTime:0.0000s ]
SQL: SELECT luck_member.thumb,luck_member.nickname,luck_member.uid FROM `luck_get_in` INNER JOIN luck_member ON luck_get_in.user_id = luck_member.uid  WHERE luck_get_in.status = 1 AND luck_get_in.p_id = '47'  [ RunTime:0.0000s ]
SQL: SELECT luck_member.thumb,luck_member.nickname,luck_member.uid FROM `luck_get_in` INNER JOIN luck_member ON luck_get_in.user_id = luck_member.uid  WHERE luck_get_in.status = 1 AND luck_get_in.p_id = '46'  [ RunTime:0.0000s ]
SQL: SELECT luck_member.thumb,luck_member.nickname,luck_member.uid FROM `luck_get_in` INNER JOIN luck_member ON luck_get_in.user_id = luck_member.uid  WHERE luck_get_in.status = 1 AND luck_get_in.p_id = '45'  [ RunTime:0.0000s ]
SQL: SELECT luck_member.thumb,luck_member.nickname,luck_member.uid FROM `luck_get_in` INNER JOIN luck_member ON luck_get_in.user_id = luck_member.uid  WHERE luck_get_in.status = 1 AND luck_get_in.p_id = '44'  [ RunTime:0.0010s ]
SQL: SELECT luck_member.thumb,luck_member.nickname,luck_member.uid FROM `luck_get_in` INNER JOIN luck_member ON luck_get_in.user_id = luck_member.uid  WHERE luck_get_in.status = 1 AND luck_get_in.p_id = '43'  [ RunTime:0.0000s ]
SQL: SELECT luck_member.thumb,luck_member.nickname,luck_member.uid FROM `luck_get_in` INNER JOIN luck_member ON luck_get_in.user_id = luck_member.uid  WHERE luck_get_in.status = 1 AND luck_get_in.p_id = '42'  [ RunTime:0.0000s ]
SQL: SELECT luck_member.thumb,luck_member.nickname,luck_member.uid FROM `luck_get_in` INNER JOIN luck_member ON luck_get_in.user_id = luck_member.uid  WHERE luck_get_in.status = 1 AND luck_get_in.p_id = '41'  [ RunTime:0.0000s ]
SQL: SELECT luck_member.thumb,luck_member.nickname,luck_member.uid FROM `luck_get_in` INNER JOIN luck_member ON luck_get_in.user_id = luck_member.uid  WHERE luck_get_in.status = 1 AND luck_get_in.p_id = '40'  [ RunTime:0.0000s ]
SQL: SELECT luck_member.thumb,luck_member.nickname,luck_member.uid FROM `luck_get_in` INNER JOIN luck_member ON luck_get_in.user_id = luck_member.uid  WHERE luck_get_in.status = 1 AND luck_get_in.p_id = '39'  [ RunTime:0.0000s ]
SQL: SELECT luck_member.thumb,luck_member.nickname,luck_member.uid FROM `luck_get_in` INNER JOIN luck_member ON luck_get_in.user_id = luck_member.uid  WHERE luck_get_in.status = 1 AND luck_get_in.p_id = '38'  [ RunTime:0.0000s ]
SQL: SELECT luck_member.thumb,luck_member.nickname,luck_member.uid FROM `luck_get_in` INNER JOIN luck_member ON luck_get_in.user_id = luck_member.uid  WHERE luck_get_in.status = 1 AND luck_get_in.p_id = '37'  [ RunTime:0.0000s ]
SQL: SELECT luck_member.thumb,luck_member.nickname,luck_member.uid FROM `luck_get_in` INNER JOIN luck_member ON luck_get_in.user_id = luck_member.uid  WHERE luck_get_in.status = 1 AND luck_get_in.p_id = '36'  [ RunTime:0.0000s ]
SQL: SELECT luck_member.thumb,luck_member.nickname,luck_member.uid FROM `luck_get_in` INNER JOIN luck_member ON luck_get_in.user_id = luck_member.uid  WHERE luck_get_in.status = 1 AND luck_get_in.p_id = '35'  [ RunTime:0.0000s ]
SQL: SELECT luck_member.thumb,luck_member.nickname,luck_member.uid FROM `luck_get_in` INNER JOIN luck_member ON luck_get_in.user_id = luck_member.uid  WHERE luck_get_in.status = 1 AND luck_get_in.p_id = '34'  [ RunTime:0.0000s ]
SQL: SELECT luck_member.thumb,luck_member.nickname,luck_member.uid FROM `luck_get_in` INNER JOIN luck_member ON luck_get_in.user_id = luck_member.uid  WHERE luck_get_in.status = 1 AND luck_get_in.p_id = '33'  [ RunTime:0.0000s ]
SQL: SELECT luck_member.thumb,luck_member.nickname,luck_member.uid FROM `luck_get_in` INNER JOIN luck_member ON luck_get_in.user_id = luck_member.uid  WHERE luck_get_in.status = 1 AND luck_get_in.p_id = '32'  [ RunTime:0.0010s ]
SQL: SELECT luck_member.thumb,luck_member.nickname,luck_member.uid FROM `luck_get_in` INNER JOIN luck_member ON luck_get_in.user_id = luck_member.uid  WHERE luck_get_in.status = 1 AND luck_get_in.p_id = '31'  [ RunTime:0.0000s ]
SQL: SELECT luck_member.thumb,luck_member.nickname,luck_member.uid FROM `luck_get_in` INNER JOIN luck_member ON luck_get_in.user_id = luck_member.uid  WHERE luck_get_in.status = 1 AND luck_get_in.p_id = '30'  [ RunTime:0.0000s ]
SQL: SELECT luck_member.thumb,luck_member.nickname,luck_member.uid FROM `luck_get_in` INNER JOIN luck_member ON luck_get_in.user_id = luck_member.uid  WHERE luck_get_in.status = 1 AND luck_get_in.p_id = '29'  [ RunTime:0.0000s ]
INFO: [ view_parse ] --START--
INFO: [ template_filter ] --START--
INFO: Run Behavior\ContentReplaceBehavior [ RunTime:0.000000s ]
INFO: [ template_filter ] --END-- [ RunTime:0.000000s ]
INFO: Run Behavior\ParseTemplateBehavior [ RunTime:0.017001s ]
INFO: [ view_parse ] --END-- [ RunTime:0.017001s ]
INFO: [ view_filter ] --START--
INFO: Run Behavior\WriteHtmlCacheBehavior [ RunTime:0.001000s ]
INFO: [ view_filter ] --END-- [ RunTime:0.001000s ]
INFO: [ app_end ] --START--
INFO: Run Behavior\ShowPageTraceBehavior [ RunTime:0.001000s ]
INFO: [ app_end ] --END-- [ RunTime:0.001000s ]

[ 2018-05-31T11:53:16+08:00 ] 127.0.0.1 /index.php?s=/Admin/article/index
INFO: [ app_init ] --START--
INFO: Run Behavior\BuildLiteBehavior [ RunTime:0.000000s ]
INFO: Run Common\Behavior\InitHookBehavior [ RunTime:0.015001s ]
INFO: [ app_init ] --END-- [ RunTime:0.015001s ]
INFO: [ app_begin ] --START--
INFO: Run Behavior\ReadHtmlCacheBehavior [ RunTime:0.001000s ]
INFO: [ app_begin ] --END-- [ RunTime:0.001000s ]
NOTIC: [2048] Declaration of Admin\Controller\ArticleController::index() should be compatible with Admin\Controller\AdminController::index($model_name = NULL, $display = true) D:\phpStudy\WWW\22_cj\Application\Admin\Controller\ArticleController.class.php 第 17 行.
NOTIC: [8] Constant UID already defined D:\phpStudy\WWW\22_cj\Application\Admin\Controller\AdminController.class.php 第 40 行.
SQL: SHOW COLUMNS FROM `luck_menu` [ RunTime:0.0070s ]
SQL: SELECT * FROM `luck_menu` WHERE `pid` = 0 AND `hide` = 0 ORDER BY `sort` asc  [ RunTime:0.0000s ]
SQL: SELECT `id` FROM `luck_menu` WHERE ( url like '%Article/index%' ) LIMIT 1   [ RunTime:0.0010s ]
SQL: SELECT `id`,`pid`,`title` FROM `luck_menu` WHERE ( id=335 ) LIMIT 1   [ RunTime:0.0000s ]
SQL: SELECT `id`,`pid`,`title` FROM `luck_menu` WHERE ( id=325 ) LIMIT 1   [ RunTime:0.0000s ]
SQL: SELECT DISTINCT  `group` FROM `luck_menu` WHERE ( pid = 325 ) ORDER BY `sort` ASC  [ RunTime:0.0010s ]
SQL: SELECT `id`,`url` FROM `luck_menu` WHERE `pid` = 325 AND `hide` = 0  [ RunTime:0.0000s ]
SQL: SELECT `id`,`pid`,`title`,`url`,`tip` FROM `luck_menu` WHERE `group` = '抽奖管理' AND `pid` = 325 AND `hide` = 0 ORDER BY `sort` asc  [ RunTime:0.0000s ]
SQL: SELECT `id`,`pid`,`title`,`url`,`tip` FROM `luck_menu` WHERE `group` = '提现申请' AND `pid` = 325 AND `hide` = 0 ORDER BY `sort` asc  [ RunTime:0.0000s ]
SQL: SELECT `id`,`pid`,`title`,`url`,`tip` FROM `luck_menu` WHERE `group` = '赞助商' AND `pid` = 325 AND `hide` = 0 ORDER BY `sort` asc  [ RunTime:0.0010s ]
SQL: SELECT `id`,`pid`,`title`,`url`,`tip` FROM `luck_menu` WHERE `group` = '推荐小程序' AND `pid` = 325 AND `hide` = 0 ORDER BY `sort` asc  [ RunTime:0.0000s ]
SQL: SELECT `id`,`pid`,`title`,`url`,`tip` FROM `luck_menu` WHERE `group` = '订单列表' AND `pid` = 325 AND `hide` = 0 ORDER BY `sort` asc  [ RunTime:0.0000s ]
SQL: SELECT `id`,`pid`,`title`,`url`,`tip` FROM `luck_menu` WHERE `group` = '常见问题' AND `pid` = 325 AND `hide` = 0 ORDER BY `sort` asc  [ RunTime:0.0000s ]
SQL: SHOW COLUMNS FROM `luck_article` [ RunTime:0.0060s ]
SQL: SELECT COUNT(*) AS tp_count FROM `luck_article` WHERE `status` >= 0 LIMIT 1   [ RunTime:0.0010s ]
SQL: SELECT `id`,`catid`,`keywords`,`description`,`title`,`thumb`,`content`,`hits`,`listorder`,`source_url`,`status`,`extra`,`create_time`,`update_time` FROM `luck_article` WHERE `status` >= 0 ORDER BY `listorder` DESC,`id` DESC LIMIT 0,20   [ RunTime:0.0000s ]
INFO: [ view_parse ] --START--
INFO: [ template_filter ] --START--
INFO: Run Behavior\ContentReplaceBehavior [ RunTime:0.000000s ]
INFO: [ template_filter ] --END-- [ RunTime:0.000000s ]
NOTIC: [8] Undefined variable: status D:\phpStudy\WWW\22_cj\Runtime\Cache\Admin\7a4184ffe8f804b12b2e7f8851dd8f7d.php 第 104 行.
NOTIC: [8] Undefined variable: status D:\phpStudy\WWW\22_cj\Runtime\Cache\Admin\7a4184ffe8f804b12b2e7f8851dd8f7d.php 第 105 行.
NOTIC: [8] Undefined variable: status D:\phpStudy\WWW\22_cj\Runtime\Cache\Admin\7a4184ffe8f804b12b2e7f8851dd8f7d.php 第 109 行.
INFO: Run Behavior\ParseTemplateBehavior [ RunTime:0.013000s ]
INFO: [ view_parse ] --END-- [ RunTime:0.013000s ]
INFO: [ view_filter ] --START--
INFO: Run Behavior\WriteHtmlCacheBehavior [ RunTime:0.001000s ]
INFO: [ view_filter ] --END-- [ RunTime:0.001000s ]
INFO: [ app_end ] --START--
INFO: Run Behavior\ShowPageTraceBehavior [ RunTime:0.001000s ]
INFO: [ app_end ] --END-- [ RunTime:0.001000s ]

[ 2018-05-31T11:53:18+08:00 ] 127.0.0.1 /index.php?s=/Admin/article/add
INFO: [ app_init ] --START--
INFO: Run Behavior\BuildLiteBehavior [ RunTime:0.000000s ]
INFO: Run Common\Behavior\InitHookBehavior [ RunTime:0.015001s ]
INFO: [ app_init ] --END-- [ RunTime:0.016001s ]
INFO: [ app_begin ] --START--
INFO: Run Behavior\ReadHtmlCacheBehavior [ RunTime:0.001000s ]
INFO: [ app_begin ] --END-- [ RunTime:0.001000s ]
NOTIC: [2048] Declaration of Admin\Controller\ArticleController::index() should be compatible with Admin\Controller\AdminController::index($model_name = NULL, $display = true) D:\phpStudy\WWW\22_cj\Application\Admin\Controller\ArticleController.class.php 第 17 行.
NOTIC: [8] Constant UID already defined D:\phpStudy\WWW\22_cj\Application\Admin\Controller\AdminController.class.php 第 40 行.
SQL: SHOW COLUMNS FROM `luck_menu` [ RunTime:0.0100s ]
SQL: SELECT * FROM `luck_menu` WHERE `pid` = 0 AND `hide` = 0 ORDER BY `sort` asc  [ RunTime:0.0010s ]
SQL: SELECT `id` FROM `luck_menu` WHERE ( url like '%Article/add%' ) LIMIT 1   [ RunTime:0.0000s ]
SQL: SELECT `id`,`pid`,`title` FROM `luck_menu` WHERE ( id=165 ) LIMIT 1   [ RunTime:0.0010s ]
SQL: SELECT `id`,`pid`,`title` FROM `luck_menu` WHERE ( id=3 ) LIMIT 1   [ RunTime:0.0000s ]
INFO: [ view_parse ] --START--
INFO: [ template_filter ] --START--
INFO: Run Behavior\ContentReplaceBehavior [ RunTime:0.000000s ]
INFO: [ template_filter ] --END-- [ RunTime:0.000000s ]
INFO: [ adminArticleEdit ] --START--
SQL: SHOW COLUMNS FROM `luck_addons` [ RunTime:0.0080s ]
SQL: SELECT `config` FROM `luck_addons` WHERE `name` = 'EditorForAdmin' AND `status` = 1 LIMIT 1   [ RunTime:0.0000s ]
INFO: [ view_parse ] --START--
INFO: [ template_filter ] --START--
INFO: Run Behavior\ContentReplaceBehavior [ RunTime:0.000000s ]
INFO: [ template_filter ] --END-- [ RunTime:-0.016001s ]
INFO: Run Behavior\ParseTemplateBehavior [ RunTime:0.004000s ]
INFO: [ view_parse ] --END-- [ RunTime:0.004000s ]
INFO: [ view_filter ] --START--
INFO: Run Behavior\WriteHtmlCacheBehavior [ RunTime:0.001000s ]
INFO: [ view_filter ] --END-- [ RunTime:0.001000s ]
INFO: Run Addons\EditorForAdmin\EditorForAdminAddon [ RunTime:0.015001s ]
INFO: [ adminArticleEdit ] --END-- [ RunTime:0.015001s ]
INFO: Run Behavior\ParseTemplateBehavior [ RunTime:0.005000s ]
INFO: [ view_parse ] --END-- [ RunTime:0.004000s ]
INFO: [ view_filter ] --START--
INFO: Run Behavior\WriteHtmlCacheBehavior [ RunTime:0.000000s ]
INFO: [ view_filter ] --END-- [ RunTime:0.000000s ]
INFO: [ app_end ] --START--
INFO: Run Behavior\ShowPageTraceBehavior [ RunTime:0.001000s ]
INFO: [ app_end ] --END-- [ RunTime:0.001000s ]

[ 2018-05-31T11:53:51+08:00 ] 127.0.0.1 /index.php?s=/Admin/article/index
INFO: [ app_init ] --START--
INFO: Run Behavior\BuildLiteBehavior [ RunTime:0.000000s ]
INFO: Run Common\Behavior\InitHookBehavior [ RunTime:0.005000s ]
INFO: [ app_init ] --END-- [ RunTime:0.005000s ]
INFO: [ app_begin ] --START--
INFO: Run Behavior\ReadHtmlCacheBehavior [ RunTime:0.001001s ]
INFO: [ app_begin ] --END-- [ RunTime:0.001001s ]
NOTIC: [2048] Declaration of Admin\Controller\ArticleController::index() should be compatible with Admin\Controller\AdminController::index($model_name = NULL, $display = true) D:\phpStudy\WWW\22_cj\Application\Admin\Controller\ArticleController.class.php 第 17 行.
NOTIC: [8] Constant UID already defined D:\phpStudy\WWW\22_cj\Application\Admin\Controller\AdminController.class.php 第 40 行.
SQL: SHOW COLUMNS FROM `luck_menu` [ RunTime:0.0070s ]
SQL: SELECT * FROM `luck_menu` WHERE `pid` = 0 AND `hide` = 0 ORDER BY `sort` asc  [ RunTime:0.0010s ]
SQL: SELECT `id` FROM `luck_menu` WHERE ( url like '%Article/index%' ) LIMIT 1   [ RunTime:0.0000s ]
SQL: SELECT `id`,`pid`,`title` FROM `luck_menu` WHERE ( id=335 ) LIMIT 1   [ RunTime:0.0000s ]
SQL: SELECT `id`,`pid`,`title` FROM `luck_menu` WHERE ( id=325 ) LIMIT 1   [ RunTime:0.0000s ]
SQL: SELECT DISTINCT  `group` FROM `luck_menu` WHERE ( pid = 325 ) ORDER BY `sort` ASC  [ RunTime:0.0000s ]
SQL: SELECT `id`,`url` FROM `luck_menu` WHERE `pid` = 325 AND `hide` = 0  [ RunTime:0.0000s ]
SQL: SELECT `id`,`pid`,`title`,`url`,`tip` FROM `luck_menu` WHERE `group` = '抽奖管理' AND `pid` = 325 AND `hide` = 0 ORDER BY `sort` asc  [ RunTime:0.0000s ]
SQL: SELECT `id`,`pid`,`title`,`url`,`tip` FROM `luck_menu` WHERE `group` = '提现申请' AND `pid` = 325 AND `hide` = 0 ORDER BY `sort` asc  [ RunTime:0.0010s ]
SQL: SELECT `id`,`pid`,`title`,`url`,`tip` FROM `luck_menu` WHERE `group` = '赞助商' AND `pid` = 325 AND `hide` = 0 ORDER BY `sort` asc  [ RunTime:0.0000s ]
SQL: SELECT `id`,`pid`,`title`,`url`,`tip` FROM `luck_menu` WHERE `group` = '推荐小程序' AND `pid` = 325 AND `hide` = 0 ORDER BY `sort` asc  [ RunTime:0.0000s ]
SQL: SELECT `id`,`pid`,`title`,`url`,`tip` FROM `luck_menu` WHERE `group` = '订单列表' AND `pid` = 325 AND `hide` = 0 ORDER BY `sort` asc  [ RunTime:0.0000s ]
SQL: SELECT `id`,`pid`,`title`,`url`,`tip` FROM `luck_menu` WHERE `group` = '常见问题' AND `pid` = 325 AND `hide` = 0 ORDER BY `sort` asc  [ RunTime:0.0000s ]
SQL: SHOW COLUMNS FROM `luck_article` [ RunTime:0.0070s ]
SQL: SELECT COUNT(*) AS tp_count FROM `luck_article` WHERE `status` >= 0 LIMIT 1   [ RunTime:0.0000s ]
SQL: SELECT `id`,`catid`,`keywords`,`description`,`title`,`thumb`,`content`,`hits`,`listorder`,`source_url`,`status`,`extra`,`create_time`,`update_time` FROM `luck_article` WHERE `status` >= 0 ORDER BY `listorder` DESC,`id` DESC LIMIT 0,20   [ RunTime:0.0000s ]
INFO: [ view_parse ] --START--
INFO: [ template_filter ] --START--
INFO: Run Behavior\ContentReplaceBehavior [ RunTime:0.000000s ]
INFO: [ template_filter ] --END-- [ RunTime:0.000000s ]
NOTIC: [8] Undefined variable: status D:\phpStudy\WWW\22_cj\Runtime\Cache\Admin\7a4184ffe8f804b12b2e7f8851dd8f7d.php 第 104 行.
NOTIC: [8] Undefined variable: status D:\phpStudy\WWW\22_cj\Runtime\Cache\Admin\7a4184ffe8f804b12b2e7f8851dd8f7d.php 第 105 行.
NOTIC: [8] Undefined variable: status D:\phpStudy\WWW\22_cj\Runtime\Cache\Admin\7a4184ffe8f804b12b2e7f8851dd8f7d.php 第 109 行.
INFO: Run Behavior\ParseTemplateBehavior [ RunTime:0.013001s ]
INFO: [ view_parse ] --END-- [ RunTime:0.013001s ]
INFO: [ view_filter ] --START--
INFO: Run Behavior\WriteHtmlCacheBehavior [ RunTime:0.001000s ]
INFO: [ view_filter ] --END-- [ RunTime:0.001000s ]
INFO: [ app_end ] --START--
INFO: Run Behavior\ShowPageTraceBehavior [ RunTime:0.001000s ]
INFO: [ app_end ] --END-- [ RunTime:0.001000s ]

[ 2018-05-31T11:53:52+08:00 ] 127.0.0.1 /index.php?s=/Admin/Article/edit/id/2
INFO: [ app_init ] --START--
INFO: Run Behavior\BuildLiteBehavior [ RunTime:0.000000s ]
INFO: Run Common\Behavior\InitHookBehavior [ RunTime:0.005000s ]
INFO: [ app_init ] --END-- [ RunTime:0.006000s ]
INFO: [ app_begin ] --START--
INFO: Run Behavior\ReadHtmlCacheBehavior [ RunTime:0.001000s ]
INFO: [ app_begin ] --END-- [ RunTime:0.001000s ]
NOTIC: [2048] Declaration of Admin\Controller\ArticleController::index() should be compatible with Admin\Controller\AdminController::index($model_name = NULL, $display = true) D:\phpStudy\WWW\22_cj\Application\Admin\Controller\ArticleController.class.php 第 17 行.
NOTIC: [8] Constant UID already defined D:\phpStudy\WWW\22_cj\Application\Admin\Controller\AdminController.class.php 第 40 行.
SQL: SHOW COLUMNS FROM `luck_menu` [ RunTime:0.0100s ]
SQL: SELECT * FROM `luck_menu` WHERE `pid` = 0 AND `hide` = 0 ORDER BY `sort` asc  [ RunTime:0.0000s ]
SQL: SELECT `id` FROM `luck_menu` WHERE ( url like '%Article/edit%' ) LIMIT 1   [ RunTime:0.0010s ]
SQL: SELECT `id`,`pid`,`title` FROM `luck_menu` WHERE ( id=166 ) LIMIT 1   [ RunTime:0.0000s ]
SQL: SELECT `id`,`pid`,`title` FROM `luck_menu` WHERE ( id=3 ) LIMIT 1   [ RunTime:0.0010s ]
SQL: SHOW COLUMNS FROM `luck_article` [ RunTime:0.0100s ]
SQL: SELECT * FROM `luck_article` WHERE `id` = 2 LIMIT 1   [ RunTime:0.0000s ]
NOTIC: D方法实例化没找到模型类Common\Model\ArticleCategoryModel
ERR: 1146:Table 'prize.luck_article_category' doesn't exist
 [ SQL语句 ] : SHOW COLUMNS FROM `luck_article_category`
ERR: 1146:Table 'prize.luck_article_category' doesn't exist
 [ SQL语句 ] : SHOW COLUMNS FROM `luck_article_category`

[ 2018-05-31T11:54:06+08:00 ] 127.0.0.1 /index.php?s=/Admin/Article/edit/id/2
INFO: [ app_init ] --START--
INFO: Run Behavior\BuildLiteBehavior [ RunTime:0.000000s ]
INFO: Run Common\Behavior\InitHookBehavior [ RunTime:0.003000s ]
INFO: [ app_init ] --END-- [ RunTime:0.005000s ]
INFO: [ app_begin ] --START--
INFO: Run Behavior\ReadHtmlCacheBehavior [ RunTime:0.001000s ]
INFO: [ app_begin ] --END-- [ RunTime:0.001000s ]
NOTIC: [2048] Declaration of Admin\Controller\ArticleController::index() should be compatible with Admin\Controller\AdminController::index($model_name = NULL, $display = true) D:\phpStudy\WWW\22_cj\Application\Admin\Controller\ArticleController.class.php 第 17 行.
NOTIC: [8] Constant UID already defined D:\phpStudy\WWW\22_cj\Application\Admin\Controller\AdminController.class.php 第 40 行.
SQL: SHOW COLUMNS FROM `luck_menu` [ RunTime:0.0080s ]
SQL: SELECT * FROM `luck_menu` WHERE `pid` = 0 AND `hide` = 0 ORDER BY `sort` asc  [ RunTime:0.0000s ]
SQL: SELECT `id` FROM `luck_menu` WHERE ( url like '%Article/edit%' ) LIMIT 1   [ RunTime:0.0010s ]
SQL: SELECT `id`,`pid`,`title` FROM `luck_menu` WHERE ( id=166 ) LIMIT 1   [ RunTime:0.0000s ]
SQL: SELECT `id`,`pid`,`title` FROM `luck_menu` WHERE ( id=3 ) LIMIT 1   [ RunTime:0.0000s ]
SQL: SHOW COLUMNS FROM `luck_article` [ RunTime:0.0070s ]
INFO: [ view_parse ] --START--
INFO: [ template_filter ] --START--
INFO: Run Behavior\ContentReplaceBehavior [ RunTime:0.000000s ]
INFO: [ template_filter ] --END-- [ RunTime:0.000000s ]
INFO: [ adminArticleEdit ] --START--
SQL: SHOW COLUMNS FROM `luck_addons` [ RunTime:0.0070s ]
SQL: SELECT `config` FROM `luck_addons` WHERE `name` = 'EditorForAdmin' AND `status` = 1 LIMIT 1   [ RunTime:0.0000s ]
INFO: [ view_parse ] --START--
INFO: [ template_filter ] --START--
INFO: Run Behavior\ContentReplaceBehavior [ RunTime:0.000000s ]
INFO: [ template_filter ] --END-- [ RunTime:-0.014001s ]
INFO: Run Behavior\ParseTemplateBehavior [ RunTime:0.004000s ]
INFO: [ view_parse ] --END-- [ RunTime:0.004000s ]
INFO: [ view_filter ] --START--
INFO: Run Behavior\WriteHtmlCacheBehavior [ RunTime:0.001000s ]
INFO: [ view_filter ] --END-- [ RunTime:0.001000s ]
INFO: Run Addons\EditorForAdmin\EditorForAdminAddon [ RunTime:0.014001s ]
INFO: [ adminArticleEdit ] --END-- [ RunTime:0.014001s ]
INFO: Run Behavior\ParseTemplateBehavior [ RunTime:0.005000s ]
INFO: [ view_parse ] --END-- [ RunTime:0.004000s ]
INFO: [ view_filter ] --START--
INFO: Run Behavior\WriteHtmlCacheBehavior [ RunTime:0.000000s ]
INFO: [ view_filter ] --END-- [ RunTime:0.000000s ]
INFO: [ app_end ] --START--
INFO: Run Behavior\ShowPageTraceBehavior [ RunTime:0.001000s ]
INFO: [ app_end ] --END-- [ RunTime:0.001000s ]

