[ 2018-06-01T09:31:59+08:00 ] 127.0.0.1 /index.php?s=/Admin/Moka/cardList
INFO: [ app_init ] --START--
INFO: Run Behavior\BuildLiteBehavior [ RunTime:0.000000s ]
INFO: Run Common\Behavior\InitHookBehavior [ RunTime:0.017001s ]
INFO: [ app_init ] --END-- [ RunTime:0.018001s ]
INFO: [ app_begin ] --START--
INFO: Run Behavior\ReadHtmlCacheBehavior [ RunTime:0.001000s ]
INFO: [ app_begin ] --END-- [ RunTime:0.001000s ]
NOTIC: [8192] mysql_connect(): The mysql extension is deprecated and will be removed in the future: use mysqli or PDO instead D:\phpStudy\WWW\22_cj\ThinkPHP\Library\Think\Session\Driver\Db.class.php 第 104 行.
ERR: 无法加载控制器:Moka

[ 2018-06-01T09:32:00+08:00 ] 127.0.0.1 /index.php?s=/Admin/Moka/cardList
INFO: [ app_init ] --START--
INFO: Run Behavior\BuildLiteBehavior [ RunTime:0.000000s ]
INFO: Run Common\Behavior\InitHookBehavior [ RunTime:0.005000s ]
INFO: [ app_init ] --END-- [ RunTime:0.005000s ]
INFO: [ app_begin ] --START--
INFO: Run Behavior\ReadHtmlCacheBehavior [ RunTime:0.001000s ]
INFO: [ app_begin ] --END-- [ RunTime:0.001000s ]
NOTIC: [8192] mysql_connect(): The mysql extension is deprecated and will be removed in the future: use mysqli or PDO instead D:\phpStudy\WWW\22_cj\ThinkPHP\Library\Think\Session\Driver\Db.class.php 第 104 行.
ERR: 无法加载控制器:Moka

