[ 2018-06-07T18:18:10+08:00 ] 127.0.0.1 /index.php?s=/Admin/luck/prizeList
INFO: [ app_init ] --START--
INFO: Run Behavior\BuildLiteBehavior [ RunTime:0.000000s ]
SQL: SHOW COLUMNS FROM `luck_hooks` [ RunTime:0.5360s ]
SQL: SELECT `name`,`addons` FROM `luck_hooks`  [ RunTime:0.0240s ]
SQL: SHOW COLUMNS FROM `luck_addons` [ RunTime:0.0930s ]
SQL: SELECT `id`,`name` FROM `luck_addons` WHERE `status` = 1 AND `name` IN ('ReturnTop')  [ RunTime:0.0240s ]
SQL: SELECT `id`,`name` FROM `luck_addons` WHERE `status` = 1 AND `name` IN ('Attachment')  [ RunTime:0.0000s ]
SQL: SELECT `id`,`name` FROM `luck_addons` WHERE `status` = 1 AND `name` IN ('Attachment','SocialComment')  [ RunTime:0.0080s ]
SQL: SELECT `id`,`name` FROM `luck_addons` WHERE `status` = 1 AND `name` IN ('Attachment')  [ RunTime:0.0000s ]
SQL: SELECT `id`,`name` FROM `luck_addons` WHERE `status` = 1 AND `name` IN ('Editor')  [ RunTime:0.0000s ]
SQL: SELECT `id`,`name` FROM `luck_addons` WHERE `status` = 1 AND `name` IN ('EditorForAdmin')  [ RunTime:0.0000s ]
SQL: SELECT `id`,`name` FROM `luck_addons` WHERE `status` = 1 AND `name` IN ('SiteStat','SystemInfo','SyncLogin','Advertising')  [ RunTime:0.0000s ]
SQL: SELECT `id`,`name` FROM `luck_addons` WHERE `status` = 1 AND `name` IN ('Editor')  [ RunTime:0.0000s ]
SQL: SELECT `id`,`name` FROM `luck_addons` WHERE `status` = 1 AND `name` IN ('Advs')  [ RunTime:0.0000s ]
INFO: Run Common\Behavior\InitHookBehavior [ RunTime:1.113064s ]
INFO: [ app_init ] --END-- [ RunTime:1.126065s ]
INFO: [ app_begin ] --START--
INFO: Run Behavior\ReadHtmlCacheBehavior [ RunTime:0.011001s ]
INFO: [ app_begin ] --END-- [ RunTime:0.011001s ]
NOTIC: [8192] mysql_connect(): The mysql extension is deprecated and will be removed in the future: use mysqli or PDO instead D:\phpStudy\WWW\22_cj\ThinkPHP\Library\Think\Session\Driver\Db.class.php 第 104 行.
NOTIC: [8] Constant UID already defined D:\phpStudy\WWW\22_cj\Application\Admin\Controller\AdminController.class.php 第 40 行.

[ 2018-06-07T18:18:10+08:00 ] 127.0.0.1 /index.php?s=/Admin/luck/prizeList
INFO: [ app_init ] --START--
INFO: Run Behavior\BuildLiteBehavior [ RunTime:0.000000s ]
INFO: Run Common\Behavior\InitHookBehavior [ RunTime:0.004000s ]
INFO: [ app_init ] --END-- [ RunTime:0.004000s ]
INFO: [ app_begin ] --START--
INFO: Run Behavior\ReadHtmlCacheBehavior [ RunTime:0.001000s ]
INFO: [ app_begin ] --END-- [ RunTime:0.001000s ]
NOTIC: [8192] mysql_connect(): The mysql extension is deprecated and will be removed in the future: use mysqli or PDO instead D:\phpStudy\WWW\22_cj\ThinkPHP\Library\Think\Session\Driver\Db.class.php 第 104 行.
NOTIC: [8] Constant UID already defined D:\phpStudy\WWW\22_cj\Application\Admin\Controller\AdminController.class.php 第 40 行.

[ 2018-06-07T18:18:10+08:00 ] 127.0.0.1 /index.php?s=/Admin/Public/login
INFO: [ app_init ] --START--
INFO: Run Behavior\BuildLiteBehavior [ RunTime:0.000000s ]
INFO: Run Common\Behavior\InitHookBehavior [ RunTime:0.004000s ]
INFO: [ app_init ] --END-- [ RunTime:0.004000s ]
INFO: [ app_begin ] --START--
INFO: Run Behavior\ReadHtmlCacheBehavior [ RunTime:0.001000s ]
INFO: [ app_begin ] --END-- [ RunTime:0.001000s ]
NOTIC: [8192] mysql_connect(): The mysql extension is deprecated and will be removed in the future: use mysqli or PDO instead D:\phpStudy\WWW\22_cj\ThinkPHP\Library\Think\Session\Driver\Db.class.php 第 104 行.
SQL: SHOW COLUMNS FROM `luck_config` [ RunTime:0.0570s ]
SQL: SELECT `type`,`name`,`value` FROM `luck_config` WHERE `status` = 1  [ RunTime:0.0010s ]
INFO: [ view_parse ] --START--
INFO: [ template_filter ] --START--
INFO: Run Behavior\ContentReplaceBehavior [ RunTime:0.000000s ]
INFO: [ template_filter ] --END-- [ RunTime:0.000000s ]
INFO: Run Behavior\ParseTemplateBehavior [ RunTime:0.093006s ]
INFO: [ view_parse ] --END-- [ RunTime:0.093006s ]
INFO: [ view_filter ] --START--
INFO: Run Behavior\WriteHtmlCacheBehavior [ RunTime:0.025001s ]
INFO: [ view_filter ] --END-- [ RunTime:0.025001s ]
INFO: [ app_end ] --START--
INFO: Run Behavior\ShowPageTraceBehavior [ RunTime:0.026001s ]
INFO: [ app_end ] --END-- [ RunTime:0.026001s ]

[ 2018-06-07T18:18:10+08:00 ] 127.0.0.1 /index.php?s=/Admin/Public/verify
INFO: [ app_init ] --START--
INFO: Run Behavior\BuildLiteBehavior [ RunTime:0.000000s ]
INFO: Run Common\Behavior\InitHookBehavior [ RunTime:0.014001s ]
INFO: [ app_init ] --END-- [ RunTime:0.014001s ]
INFO: [ app_begin ] --START--
INFO: Run Behavior\ReadHtmlCacheBehavior [ RunTime:0.000000s ]
INFO: [ app_begin ] --END-- [ RunTime:0.000000s ]
NOTIC: [8192] mysql_connect(): The mysql extension is deprecated and will be removed in the future: use mysqli or PDO instead D:\phpStudy\WWW\22_cj\ThinkPHP\Library\Think\Session\Driver\Db.class.php 第 104 行.
INFO: [ app_end ] --START--
INFO: Run Behavior\ShowPageTraceBehavior [ RunTime:0.001000s ]
INFO: [ app_end ] --END-- [ RunTime:0.001000s ]

[ 2018-06-07T18:18:11+08:00 ] 127.0.0.1 /index.php?s=/Admin/Public/verify
INFO: [ app_init ] --START--
INFO: Run Behavior\BuildLiteBehavior [ RunTime:0.000000s ]
INFO: Run Common\Behavior\InitHookBehavior [ RunTime:0.005000s ]
INFO: [ app_init ] --END-- [ RunTime:0.005000s ]
INFO: [ app_begin ] --START--
INFO: Run Behavior\ReadHtmlCacheBehavior [ RunTime:0.000000s ]
INFO: [ app_begin ] --END-- [ RunTime:0.000000s ]
NOTIC: [8192] mysql_connect(): The mysql extension is deprecated and will be removed in the future: use mysqli or PDO instead D:\phpStudy\WWW\22_cj\ThinkPHP\Library\Think\Session\Driver\Db.class.php 第 104 行.
INFO: [ app_end ] --START--
INFO: Run Behavior\ShowPageTraceBehavior [ RunTime:0.001000s ]
INFO: [ app_end ] --END-- [ RunTime:0.001000s ]

[ 2018-06-07T18:18:16+08:00 ] 127.0.0.1 /index.php?s=/Admin/Public/login
INFO: [ app_init ] --START--
INFO: Run Behavior\BuildLiteBehavior [ RunTime:0.000000s ]
INFO: Run Common\Behavior\InitHookBehavior [ RunTime:0.013000s ]
INFO: [ app_init ] --END-- [ RunTime:0.015000s ]
INFO: [ app_begin ] --START--
INFO: Run Behavior\ReadHtmlCacheBehavior [ RunTime:0.001000s ]
INFO: [ app_begin ] --END-- [ RunTime:0.001000s ]
NOTIC: [8192] mysql_connect(): The mysql extension is deprecated and will be removed in the future: use mysqli or PDO instead D:\phpStudy\WWW\22_cj\ThinkPHP\Library\Think\Session\Driver\Db.class.php 第 104 行.
NOTIC: [8] Constant UC_APP_ID already defined D:\phpStudy\WWW\22_cj\Application\User\Conf\config.php 第 18 行.
NOTIC: [8] Constant UC_API_TYPE already defined D:\phpStudy\WWW\22_cj\Application\User\Conf\config.php 第 19 行.
NOTIC: [8] Constant UC_AUTH_KEY already defined D:\phpStudy\WWW\22_cj\Application\User\Conf\config.php 第 20 行.
NOTIC: [8] Constant UC_DB_DSN already defined D:\phpStudy\WWW\22_cj\Application\User\Conf\config.php 第 21 行.
NOTIC: [8] Constant UC_TABLE_PREFIX already defined D:\phpStudy\WWW\22_cj\Application\User\Conf\config.php 第 22 行.
NOTIC: [8] Undefined index: HTTP_X_REAL_IP D:\phpStudy\WWW\22_cj\ThinkPHP\Common\functions.php 第 1759 行.
SQL: SHOW COLUMNS FROM `luck_member` [ RunTime:0.0730s ]
SQL: SELECT `uid`,`nickname`,`sex`,`birthday`,`qq`,`score`,`login`,`reg_ip`,`reg_time`,`last_login_ip`,`last_login_time`,`status`,`make_num`,`thumb`,`local_url`,`amount` FROM `luck_member` WHERE `uid` = 1 LIMIT 1   [ RunTime:0.0010s ]
SQL: SHOW COLUMNS FROM `luck_action` [ RunTime:0.0710s ]
SQL: SELECT * FROM `luck_action` WHERE `name` = 'user_login' LIMIT 1   [ RunTime:0.0000s ]
SQL: UPDATE `luck_member` SET `login`=`login`+1,`last_login_time`='1528366695',`last_login_ip`='2130706433' WHERE `uid` = 1 [ RunTime:0.0780s ]

[ 2018-06-07T18:18:16+08:00 ] 127.0.0.1 /index.php?s=/Admin/Index/index
INFO: [ app_init ] --START--
INFO: Run Behavior\BuildLiteBehavior [ RunTime:0.000000s ]
INFO: Run Common\Behavior\InitHookBehavior [ RunTime:0.003001s ]
INFO: [ app_init ] --END-- [ RunTime:0.004001s ]
INFO: [ app_begin ] --START--
INFO: Run Behavior\ReadHtmlCacheBehavior [ RunTime:0.000000s ]
INFO: [ app_begin ] --END-- [ RunTime:0.000000s ]
NOTIC: [8192] mysql_connect(): The mysql extension is deprecated and will be removed in the future: use mysqli or PDO instead D:\phpStudy\WWW\22_cj\ThinkPHP\Library\Think\Session\Driver\Db.class.php 第 104 行.
NOTIC: [2048] Declaration of Admin\Controller\IndexController::index() should be compatible with Admin\Controller\AdminController::index($model_name = NULL, $display = true) D:\phpStudy\WWW\22_cj\Application\Admin\Controller\IndexController.class.php 第 17 行.
NOTIC: [8] Constant UID already defined D:\phpStudy\WWW\22_cj\Application\Admin\Controller\AdminController.class.php 第 40 行.
SQL: SHOW COLUMNS FROM `luck_menu` [ RunTime:0.0540s ]
SQL: SELECT * FROM `luck_menu` WHERE `pid` = 0 AND `hide` = 0 ORDER BY `sort` asc  [ RunTime:0.0060s ]
SQL: SELECT `id` FROM `luck_menu` WHERE ( url like '%Index/index%' ) LIMIT 1   [ RunTime:0.0000s ]
SQL: SELECT `id`,`pid`,`title` FROM `luck_menu` WHERE ( id=1 ) LIMIT 1   [ RunTime:0.0010s ]
SQL: SELECT DISTINCT  `group` FROM `luck_menu` WHERE ( pid = 1 ) ORDER BY `sort` ASC  [ RunTime:0.0110s ]
SQL: SELECT `id`,`url` FROM `luck_menu` WHERE `pid` = 1 AND `hide` = 0  [ RunTime:0.0010s ]
INFO: [ view_parse ] --START--
INFO: [ template_filter ] --START--
INFO: Run Behavior\ContentReplaceBehavior [ RunTime:0.000000s ]
INFO: [ template_filter ] --END-- [ RunTime:0.000000s ]
INFO: [ AdminIndex ] --START--
SQL: SHOW COLUMNS FROM `luck_addons` [ RunTime:0.0100s ]
SQL: SELECT `config` FROM `luck_addons` WHERE `name` = 'SiteStat' AND `status` = 1 LIMIT 1   [ RunTime:0.0000s ]
SQL: SHOW COLUMNS FROM `luck_member` [ RunTime:0.0090s ]
SQL: SELECT COUNT(*) AS tp_count FROM `luck_member` LIMIT 1   [ RunTime:0.0110s ]
SQL: SHOW COLUMNS FROM `luck_action_log` [ RunTime:0.0570s ]
SQL: SELECT COUNT(*) AS tp_count FROM `luck_action_log` LIMIT 1   [ RunTime:0.0010s ]
SQL: SHOW COLUMNS FROM `luck_document` [ RunTime:0.0220s ]
SQL: SELECT COUNT(*) AS tp_count FROM `luck_document` LIMIT 1   [ RunTime:0.0000s ]
SQL: SHOW COLUMNS FROM `luck_category` [ RunTime:0.0160s ]
SQL: SELECT COUNT(*) AS tp_count FROM `luck_category` LIMIT 1   [ RunTime:0.0000s ]
SQL: SHOW COLUMNS FROM `luck_model` [ RunTime:0.0250s ]
SQL: SELECT COUNT(*) AS tp_count FROM `luck_model` LIMIT 1   [ RunTime:0.0000s ]
INFO: [ view_parse ] --START--
INFO: [ template_filter ] --START--
INFO: Run Behavior\ContentReplaceBehavior [ RunTime:0.000000s ]
INFO: [ template_filter ] --END-- [ RunTime:-0.284016s ]
INFO: Run Behavior\ParseTemplateBehavior [ RunTime:0.009000s ]
INFO: [ view_parse ] --END-- [ RunTime:0.009000s ]
INFO: [ view_filter ] --START--
INFO: Run Behavior\WriteHtmlCacheBehavior [ RunTime:0.001000s ]
INFO: [ view_filter ] --END-- [ RunTime:0.001000s ]
INFO: Run Addons\SiteStat\SiteStatAddon [ RunTime:0.284016s ]
SQL: SELECT `config` FROM `luck_addons` WHERE `name` = 'SyncLogin' AND `status` = 1 LIMIT 1   [ RunTime:0.0010s ]
NOTIC: [8] Undefined index: display D:\phpStudy\WWW\22_cj\Addons\SyncLogin\SyncLoginAddon.class.php 第 76 行.
INFO: Run Addons\SyncLogin\SyncLoginAddon [ RunTime:0.030002s ]
INFO: [ AdminIndex ] --END-- [ RunTime:0.314018s ]
INFO: Run Behavior\ParseTemplateBehavior [ RunTime:0.040002s ]
INFO: [ view_parse ] --END-- [ RunTime:0.009000s ]
INFO: [ view_filter ] --START--
INFO: Run Behavior\WriteHtmlCacheBehavior [ RunTime:0.000000s ]
INFO: [ view_filter ] --END-- [ RunTime:-0.030002s ]
INFO: [ app_end ] --START--
INFO: Run Behavior\ShowPageTraceBehavior [ RunTime:0.001000s ]
INFO: [ app_end ] --END-- [ RunTime:0.001000s ]

[ 2018-06-07T18:35:25+08:00 ] 127.0.0.1 /index.php?s=/Admin/Index/index
INFO: [ app_init ] --START--
INFO: Run Behavior\BuildLiteBehavior [ RunTime:0.000000s ]
INFO: Run Common\Behavior\InitHookBehavior [ RunTime:0.014001s ]
INFO: [ app_init ] --END-- [ RunTime:0.015001s ]
INFO: [ app_begin ] --START--
INFO: Run Behavior\ReadHtmlCacheBehavior [ RunTime:0.000000s ]
INFO: [ app_begin ] --END-- [ RunTime:0.001000s ]
NOTIC: [8192] mysql_connect(): The mysql extension is deprecated and will be removed in the future: use mysqli or PDO instead D:\phpStudy\WWW\22_cj\ThinkPHP\Library\Think\Session\Driver\Db.class.php 第 104 行.
NOTIC: [2048] Declaration of Admin\Controller\IndexController::index() should be compatible with Admin\Controller\AdminController::index($model_name = NULL, $display = true) D:\phpStudy\WWW\22_cj\Application\Admin\Controller\IndexController.class.php 第 17 行.
NOTIC: [8] Constant UID already defined D:\phpStudy\WWW\22_cj\Application\Admin\Controller\AdminController.class.php 第 40 行.
SQL: SHOW COLUMNS FROM `luck_menu` [ RunTime:0.0080s ]
SQL: SELECT * FROM `luck_menu` WHERE `pid` = 0 AND `hide` = 0 ORDER BY `sort` asc  [ RunTime:0.0010s ]
SQL: SELECT `id` FROM `luck_menu` WHERE ( url like '%Index/index%' ) LIMIT 1   [ RunTime:0.0160s ]
SQL: SELECT `id`,`pid`,`title` FROM `luck_menu` WHERE ( id=1 ) LIMIT 1   [ RunTime:0.0000s ]
SQL: SELECT DISTINCT  `group` FROM `luck_menu` WHERE ( pid = 1 ) ORDER BY `sort` ASC  [ RunTime:0.0010s ]
SQL: SELECT `id`,`url` FROM `luck_menu` WHERE `pid` = 1 AND `hide` = 0  [ RunTime:0.0000s ]
INFO: [ view_parse ] --START--
INFO: [ template_filter ] --START--
INFO: Run Behavior\ContentReplaceBehavior [ RunTime:0.000000s ]
INFO: [ template_filter ] --END-- [ RunTime:0.000000s ]
INFO: [ AdminIndex ] --START--
SQL: SHOW COLUMNS FROM `luck_addons` [ RunTime:0.0090s ]
SQL: SELECT `config` FROM `luck_addons` WHERE `name` = 'SiteStat' AND `status` = 1 LIMIT 1   [ RunTime:0.0010s ]
SQL: SHOW COLUMNS FROM `luck_member` [ RunTime:0.0070s ]
SQL: SELECT COUNT(*) AS tp_count FROM `luck_member` LIMIT 1   [ RunTime:0.0000s ]
SQL: SHOW COLUMNS FROM `luck_action_log` [ RunTime:0.0060s ]
SQL: SELECT COUNT(*) AS tp_count FROM `luck_action_log` LIMIT 1   [ RunTime:0.0010s ]
SQL: SHOW COLUMNS FROM `luck_document` [ RunTime:0.0070s ]
SQL: SELECT COUNT(*) AS tp_count FROM `luck_document` LIMIT 1   [ RunTime:0.0000s ]
SQL: SHOW COLUMNS FROM `luck_category` [ RunTime:0.0060s ]
SQL: SELECT COUNT(*) AS tp_count FROM `luck_category` LIMIT 1   [ RunTime:0.0000s ]
SQL: SHOW COLUMNS FROM `luck_model` [ RunTime:0.0060s ]
SQL: SELECT COUNT(*) AS tp_count FROM `luck_model` LIMIT 1   [ RunTime:0.0000s ]
INFO: [ view_parse ] --START--
INFO: [ template_filter ] --START--
INFO: Run Behavior\ContentReplaceBehavior [ RunTime:0.000000s ]
INFO: [ template_filter ] --END-- [ RunTime:-0.058003s ]
INFO: Run Behavior\ParseTemplateBehavior [ RunTime:0.002000s ]
INFO: [ view_parse ] --END-- [ RunTime:0.003000s ]
INFO: [ view_filter ] --START--
INFO: Run Behavior\WriteHtmlCacheBehavior [ RunTime:0.000000s ]
INFO: [ view_filter ] --END-- [ RunTime:0.000000s ]
INFO: Run Addons\SiteStat\SiteStatAddon [ RunTime:0.056003s ]
SQL: SELECT `config` FROM `luck_addons` WHERE `name` = 'SyncLogin' AND `status` = 1 LIMIT 1   [ RunTime:0.0010s ]
NOTIC: [8] Undefined index: display D:\phpStudy\WWW\22_cj\Addons\SyncLogin\SyncLoginAddon.class.php 第 76 行.
INFO: Run Addons\SyncLogin\SyncLoginAddon [ RunTime:0.002000s ]
INFO: [ AdminIndex ] --END-- [ RunTime:0.058003s ]
INFO: Run Behavior\ParseTemplateBehavior [ RunTime:0.005000s ]
INFO: [ view_parse ] --END-- [ RunTime:0.003000s ]
INFO: [ view_filter ] --START--
INFO: Run Behavior\WriteHtmlCacheBehavior [ RunTime:0.000000s ]
INFO: [ view_filter ] --END-- [ RunTime:-0.002000s ]
INFO: [ app_end ] --START--
INFO: Run Behavior\ShowPageTraceBehavior [ RunTime:0.001000s ]
INFO: [ app_end ] --END-- [ RunTime:0.001000s ]

[ 2018-06-07T18:36:19+08:00 ] 127.0.0.1 /index.php?s=/Admin/Index/index
INFO: [ app_init ] --START--
INFO: Run Behavior\BuildLiteBehavior [ RunTime:0.000000s ]
INFO: Run Common\Behavior\InitHookBehavior [ RunTime:0.003000s ]
INFO: [ app_init ] --END-- [ RunTime:0.003000s ]
INFO: [ app_begin ] --START--
INFO: Run Behavior\ReadHtmlCacheBehavior [ RunTime:0.000000s ]
INFO: [ app_begin ] --END-- [ RunTime:0.000000s ]
NOTIC: [8192] mysql_connect(): The mysql extension is deprecated and will be removed in the future: use mysqli or PDO instead D:\phpStudy\WWW\22_cj\ThinkPHP\Library\Think\Session\Driver\Db.class.php 第 104 行.
NOTIC: [2048] Declaration of Admin\Controller\IndexController::index() should be compatible with Admin\Controller\AdminController::index($model_name = NULL, $display = true) D:\phpStudy\WWW\22_cj\Application\Admin\Controller\IndexController.class.php 第 17 行.
NOTIC: [8] Constant UID already defined D:\phpStudy\WWW\22_cj\Application\Admin\Controller\AdminController.class.php 第 40 行.
SQL: SHOW COLUMNS FROM `luck_menu` [ RunTime:0.0070s ]
SQL: SELECT * FROM `luck_menu` WHERE `pid` = 0 AND `hide` = 0 ORDER BY `sort` asc  [ RunTime:0.0000s ]
SQL: SELECT `id` FROM `luck_menu` WHERE ( url like '%Index/index%' ) LIMIT 1   [ RunTime:0.0000s ]
SQL: SELECT `id`,`pid`,`title` FROM `luck_menu` WHERE ( id=1 ) LIMIT 1   [ RunTime:0.0000s ]
SQL: SELECT DISTINCT  `group` FROM `luck_menu` WHERE ( pid = 1 ) ORDER BY `sort` ASC  [ RunTime:0.0010s ]
SQL: SELECT `id`,`url` FROM `luck_menu` WHERE `pid` = 1 AND `hide` = 0  [ RunTime:0.0000s ]
INFO: [ view_parse ] --START--
INFO: [ template_filter ] --START--
INFO: Run Behavior\ContentReplaceBehavior [ RunTime:0.000000s ]
INFO: [ template_filter ] --END-- [ RunTime:0.000000s ]
INFO: [ AdminIndex ] --START--
SQL: SHOW COLUMNS FROM `luck_addons` [ RunTime:0.0060s ]
SQL: SELECT `config` FROM `luck_addons` WHERE `name` = 'SiteStat' AND `status` = 1 LIMIT 1   [ RunTime:0.0010s ]
SQL: SHOW COLUMNS FROM `luck_member` [ RunTime:0.0070s ]
SQL: SELECT COUNT(*) AS tp_count FROM `luck_member` LIMIT 1   [ RunTime:0.0000s ]
SQL: SHOW COLUMNS FROM `luck_action_log` [ RunTime:0.0060s ]
SQL: SELECT COUNT(*) AS tp_count FROM `luck_action_log` LIMIT 1   [ RunTime:0.0000s ]
SQL: SHOW COLUMNS FROM `luck_document` [ RunTime:0.0060s ]
SQL: SELECT COUNT(*) AS tp_count FROM `luck_document` LIMIT 1   [ RunTime:0.0000s ]
SQL: SHOW COLUMNS FROM `luck_category` [ RunTime:0.0060s ]
SQL: SELECT COUNT(*) AS tp_count FROM `luck_category` LIMIT 1   [ RunTime:0.0000s ]
SQL: SHOW COLUMNS FROM `luck_model` [ RunTime:0.0060s ]
SQL: SELECT COUNT(*) AS tp_count FROM `luck_model` LIMIT 1   [ RunTime:0.0010s ]
INFO: [ view_parse ] --START--
INFO: [ template_filter ] --START--
INFO: Run Behavior\ContentReplaceBehavior [ RunTime:0.000000s ]
INFO: [ template_filter ] --END-- [ RunTime:-0.060003s ]
INFO: Run Behavior\ParseTemplateBehavior [ RunTime:0.002000s ]
INFO: [ view_parse ] --END-- [ RunTime:0.002000s ]
INFO: [ view_filter ] --START--
INFO: Run Behavior\WriteHtmlCacheBehavior [ RunTime:0.001001s ]
INFO: [ view_filter ] --END-- [ RunTime:0.001001s ]
INFO: Run Addons\SiteStat\SiteStatAddon [ RunTime:0.059004s ]
SQL: SELECT `config` FROM `luck_addons` WHERE `name` = 'SyncLogin' AND `status` = 1 LIMIT 1   [ RunTime:0.0000s ]
NOTIC: [8] Undefined index: display D:\phpStudy\WWW\22_cj\Addons\SyncLogin\SyncLoginAddon.class.php 第 76 行.
INFO: Run Addons\SyncLogin\SyncLoginAddon [ RunTime:0.001000s ]
INFO: [ AdminIndex ] --END-- [ RunTime:0.060004s ]
INFO: Run Behavior\ParseTemplateBehavior [ RunTime:0.004001s ]
INFO: [ view_parse ] --END-- [ RunTime:0.002000s ]
INFO: [ view_filter ] --START--
INFO: Run Behavior\WriteHtmlCacheBehavior [ RunTime:0.000000s ]
INFO: [ view_filter ] --END-- [ RunTime:-0.001000s ]
INFO: [ app_end ] --START--
INFO: Run Behavior\ShowPageTraceBehavior [ RunTime:0.000000s ]
INFO: [ app_end ] --END-- [ RunTime:0.000000s ]

[ 2018-06-07T18:40:09+08:00 ] 127.0.0.1 /index.php?s=/Admin/Public/logout
INFO: [ app_init ] --START--
INFO: Run Behavior\BuildLiteBehavior [ RunTime:0.000000s ]
INFO: Run Common\Behavior\InitHookBehavior [ RunTime:0.014001s ]
INFO: [ app_init ] --END-- [ RunTime:0.014001s ]
INFO: [ app_begin ] --START--
INFO: Run Behavior\ReadHtmlCacheBehavior [ RunTime:0.001000s ]
INFO: [ app_begin ] --END-- [ RunTime:0.001000s ]
NOTIC: [8192] mysql_connect(): The mysql extension is deprecated and will be removed in the future: use mysqli or PDO instead D:\phpStudy\WWW\22_cj\ThinkPHP\Library\Think\Session\Driver\Db.class.php 第 104 行.
SQL: SHOW COLUMNS FROM `luck_member` [ RunTime:0.0080s ]
INFO: [ view_parse ] --START--
INFO: [ template_filter ] --START--
INFO: Run Behavior\ContentReplaceBehavior [ RunTime:0.000000s ]
INFO: [ template_filter ] --END-- [ RunTime:0.000000s ]
INFO: Run Behavior\ParseTemplateBehavior [ RunTime:0.017001s ]
INFO: [ view_parse ] --END-- [ RunTime:0.017001s ]
INFO: [ view_filter ] --START--
INFO: Run Behavior\WriteHtmlCacheBehavior [ RunTime:0.001000s ]
INFO: [ view_filter ] --END-- [ RunTime:0.001000s ]
INFO: [ app_end ] --START--
INFO: Run Behavior\ShowPageTraceBehavior [ RunTime:0.000000s ]
INFO: [ app_end ] --END-- [ RunTime:0.000000s ]

[ 2018-06-07T18:40:10+08:00 ] 127.0.0.1 /index.php?s=/Admin/Public/login
INFO: [ app_init ] --START--
INFO: Run Behavior\BuildLiteBehavior [ RunTime:0.000000s ]
INFO: Run Common\Behavior\InitHookBehavior [ RunTime:0.013000s ]
INFO: [ app_init ] --END-- [ RunTime:0.013000s ]
INFO: [ app_begin ] --START--
INFO: Run Behavior\ReadHtmlCacheBehavior [ RunTime:0.001000s ]
INFO: [ app_begin ] --END-- [ RunTime:0.001000s ]
NOTIC: [8192] mysql_connect(): The mysql extension is deprecated and will be removed in the future: use mysqli or PDO instead D:\phpStudy\WWW\22_cj\ThinkPHP\Library\Think\Session\Driver\Db.class.php 第 104 行.
INFO: [ view_parse ] --START--
INFO: [ template_filter ] --START--
INFO: Run Behavior\ContentReplaceBehavior [ RunTime:0.000000s ]
INFO: [ template_filter ] --END-- [ RunTime:0.000000s ]
INFO: Run Behavior\ParseTemplateBehavior [ RunTime:0.006000s ]
INFO: [ view_parse ] --END-- [ RunTime:0.006000s ]
INFO: [ view_filter ] --START--
INFO: Run Behavior\WriteHtmlCacheBehavior [ RunTime:0.000000s ]
INFO: [ view_filter ] --END-- [ RunTime:0.000000s ]
INFO: [ app_end ] --START--
INFO: Run Behavior\ShowPageTraceBehavior [ RunTime:0.001000s ]
INFO: [ app_end ] --END-- [ RunTime:0.001000s ]

[ 2018-06-07T18:40:10+08:00 ] 127.0.0.1 /index.php?s=/Admin/Public/verify
INFO: [ app_init ] --START--
INFO: Run Behavior\BuildLiteBehavior [ RunTime:0.001000s ]
INFO: Run Common\Behavior\InitHookBehavior [ RunTime:0.003000s ]
INFO: [ app_init ] --END-- [ RunTime:0.004000s ]
INFO: [ app_begin ] --START--
INFO: Run Behavior\ReadHtmlCacheBehavior [ RunTime:0.001000s ]
INFO: [ app_begin ] --END-- [ RunTime:0.001000s ]
NOTIC: [8192] mysql_connect(): The mysql extension is deprecated and will be removed in the future: use mysqli or PDO instead D:\phpStudy\WWW\22_cj\ThinkPHP\Library\Think\Session\Driver\Db.class.php 第 104 行.
INFO: [ app_end ] --START--
INFO: Run Behavior\ShowPageTraceBehavior [ RunTime:0.002000s ]
INFO: [ app_end ] --END-- [ RunTime:0.002000s ]

[ 2018-06-07T18:40:14+08:00 ] 127.0.0.1 /index.php?s=/Admin/Public/login
INFO: [ app_init ] --START--
INFO: Run Behavior\BuildLiteBehavior [ RunTime:0.000000s ]
INFO: Run Common\Behavior\InitHookBehavior [ RunTime:0.013001s ]
INFO: [ app_init ] --END-- [ RunTime:0.014001s ]
INFO: [ app_begin ] --START--
INFO: Run Behavior\ReadHtmlCacheBehavior [ RunTime:0.001000s ]
INFO: [ app_begin ] --END-- [ RunTime:0.001000s ]
NOTIC: [8192] mysql_connect(): The mysql extension is deprecated and will be removed in the future: use mysqli or PDO instead D:\phpStudy\WWW\22_cj\ThinkPHP\Library\Think\Session\Driver\Db.class.php 第 104 行.
NOTIC: [8] Constant UC_APP_ID already defined D:\phpStudy\WWW\22_cj\Application\User\Conf\config.php 第 18 行.
NOTIC: [8] Constant UC_API_TYPE already defined D:\phpStudy\WWW\22_cj\Application\User\Conf\config.php 第 19 行.
NOTIC: [8] Constant UC_AUTH_KEY already defined D:\phpStudy\WWW\22_cj\Application\User\Conf\config.php 第 20 行.
NOTIC: [8] Constant UC_DB_DSN already defined D:\phpStudy\WWW\22_cj\Application\User\Conf\config.php 第 21 行.
NOTIC: [8] Constant UC_TABLE_PREFIX already defined D:\phpStudy\WWW\22_cj\Application\User\Conf\config.php 第 22 行.

[ 2018-06-07T18:40:18+08:00 ] 127.0.0.1 /index.php?s=/Admin/Public/login
INFO: [ app_init ] --START--
INFO: Run Behavior\BuildLiteBehavior [ RunTime:0.001000s ]
INFO: Run Common\Behavior\InitHookBehavior [ RunTime:0.004000s ]
INFO: [ app_init ] --END-- [ RunTime:0.005000s ]
INFO: [ app_begin ] --START--
INFO: Run Behavior\ReadHtmlCacheBehavior [ RunTime:0.000000s ]
INFO: [ app_begin ] --END-- [ RunTime:0.001000s ]
NOTIC: [8192] mysql_connect(): The mysql extension is deprecated and will be removed in the future: use mysqli or PDO instead D:\phpStudy\WWW\22_cj\ThinkPHP\Library\Think\Session\Driver\Db.class.php 第 104 行.

[ 2018-06-07T18:40:19+08:00 ] 127.0.0.1 /index.php?s=/Admin/Public/verify&random=0.04184665322605552
INFO: [ app_init ] --START--
INFO: Run Behavior\BuildLiteBehavior [ RunTime:0.000000s ]
INFO: Run Common\Behavior\InitHookBehavior [ RunTime:0.013000s ]
INFO: [ app_init ] --END-- [ RunTime:0.013000s ]
INFO: [ app_begin ] --START--
INFO: Run Behavior\ReadHtmlCacheBehavior [ RunTime:0.001001s ]
INFO: [ app_begin ] --END-- [ RunTime:0.001001s ]
NOTIC: [8192] mysql_connect(): The mysql extension is deprecated and will be removed in the future: use mysqli or PDO instead D:\phpStudy\WWW\22_cj\ThinkPHP\Library\Think\Session\Driver\Db.class.php 第 104 行.
INFO: [ app_end ] --START--
INFO: Run Behavior\ShowPageTraceBehavior [ RunTime:0.000000s ]
INFO: [ app_end ] --END-- [ RunTime:0.001000s ]

[ 2018-06-07T18:40:32+08:00 ] 127.0.0.1 /index.php?s=/Admin/Public/verify&random=0.40528208125367216
INFO: [ app_init ] --START--
INFO: Run Behavior\BuildLiteBehavior [ RunTime:0.000000s ]
INFO: Run Common\Behavior\InitHookBehavior [ RunTime:0.005000s ]
INFO: [ app_init ] --END-- [ RunTime:0.005000s ]
INFO: [ app_begin ] --START--
INFO: Run Behavior\ReadHtmlCacheBehavior [ RunTime:0.001000s ]
INFO: [ app_begin ] --END-- [ RunTime:0.001000s ]
NOTIC: [8192] mysql_connect(): The mysql extension is deprecated and will be removed in the future: use mysqli or PDO instead D:\phpStudy\WWW\22_cj\ThinkPHP\Library\Think\Session\Driver\Db.class.php 第 104 行.
INFO: [ app_end ] --START--
INFO: Run Behavior\ShowPageTraceBehavior [ RunTime:0.000000s ]
INFO: [ app_end ] --END-- [ RunTime:0.001000s ]

[ 2018-06-07T18:40:35+08:00 ] 127.0.0.1 /index.php?s=/Admin/Public/verify&random=0.7576981371806826
INFO: [ app_init ] --START--
INFO: Run Behavior\BuildLiteBehavior [ RunTime:0.000000s ]
INFO: Run Common\Behavior\InitHookBehavior [ RunTime:0.004000s ]
INFO: [ app_init ] --END-- [ RunTime:0.005000s ]
INFO: [ app_begin ] --START--
INFO: Run Behavior\ReadHtmlCacheBehavior [ RunTime:0.001000s ]
INFO: [ app_begin ] --END-- [ RunTime:0.001000s ]
NOTIC: [8192] mysql_connect(): The mysql extension is deprecated and will be removed in the future: use mysqli or PDO instead D:\phpStudy\WWW\22_cj\ThinkPHP\Library\Think\Session\Driver\Db.class.php 第 104 行.
INFO: [ app_end ] --START--
INFO: Run Behavior\ShowPageTraceBehavior [ RunTime:0.001001s ]
INFO: [ app_end ] --END-- [ RunTime:0.001001s ]

[ 2018-06-07T18:40:44+08:00 ] 127.0.0.1 /index.php?s=/Admin/Public/login
INFO: [ app_init ] --START--
INFO: Run Behavior\BuildLiteBehavior [ RunTime:0.000000s ]
INFO: Run Common\Behavior\InitHookBehavior [ RunTime:0.005001s ]
INFO: [ app_init ] --END-- [ RunTime:0.005001s ]
INFO: [ app_begin ] --START--
INFO: Run Behavior\ReadHtmlCacheBehavior [ RunTime:0.000000s ]
INFO: [ app_begin ] --END-- [ RunTime:0.001000s ]
NOTIC: [8192] mysql_connect(): The mysql extension is deprecated and will be removed in the future: use mysqli or PDO instead D:\phpStudy\WWW\22_cj\ThinkPHP\Library\Think\Session\Driver\Db.class.php 第 104 行.
NOTIC: [8] Constant UC_APP_ID already defined D:\phpStudy\WWW\22_cj\Application\User\Conf\config.php 第 18 行.
NOTIC: [8] Constant UC_API_TYPE already defined D:\phpStudy\WWW\22_cj\Application\User\Conf\config.php 第 19 行.
NOTIC: [8] Constant UC_AUTH_KEY already defined D:\phpStudy\WWW\22_cj\Application\User\Conf\config.php 第 20 行.
NOTIC: [8] Constant UC_DB_DSN already defined D:\phpStudy\WWW\22_cj\Application\User\Conf\config.php 第 21 行.
NOTIC: [8] Constant UC_TABLE_PREFIX already defined D:\phpStudy\WWW\22_cj\Application\User\Conf\config.php 第 22 行.

[ 2018-06-07T19:08:12+08:00 ] 127.0.0.1 /index.php?s=/Admin/Public/login
INFO: [ app_init ] --START--
INFO: Run Behavior\BuildLiteBehavior [ RunTime:0.000000s ]
INFO: Run Common\Behavior\InitHookBehavior [ RunTime:0.014001s ]
INFO: [ app_init ] --END-- [ RunTime:0.014001s ]
INFO: [ app_begin ] --START--
INFO: Run Behavior\ReadHtmlCacheBehavior [ RunTime:0.001000s ]
INFO: [ app_begin ] --END-- [ RunTime:0.001000s ]
NOTIC: [8192] mysql_connect(): The mysql extension is deprecated and will be removed in the future: use mysqli or PDO instead D:\phpStudy\WWW\22_cj\ThinkPHP\Library\Think\Session\Driver\Db.class.php 第 104 行.
INFO: [ view_parse ] --START--
INFO: [ template_filter ] --START--
INFO: Run Behavior\ContentReplaceBehavior [ RunTime:0.000000s ]
INFO: [ template_filter ] --END-- [ RunTime:0.000000s ]
INFO: Run Behavior\ParseTemplateBehavior [ RunTime:0.007000s ]
INFO: [ view_parse ] --END-- [ RunTime:0.007000s ]
INFO: [ view_filter ] --START--
INFO: Run Behavior\WriteHtmlCacheBehavior [ RunTime:0.001000s ]
INFO: [ view_filter ] --END-- [ RunTime:0.001000s ]
INFO: [ app_end ] --START--
INFO: Run Behavior\ShowPageTraceBehavior [ RunTime:0.000000s ]
INFO: [ app_end ] --END-- [ RunTime:0.000000s ]

[ 2018-06-07T19:08:12+08:00 ] 127.0.0.1 /index.php?s=/Admin/Public/verify
INFO: [ app_init ] --START--
INFO: Run Behavior\BuildLiteBehavior [ RunTime:0.000000s ]
INFO: Run Common\Behavior\InitHookBehavior [ RunTime:0.014001s ]
INFO: [ app_init ] --END-- [ RunTime:0.015001s ]
INFO: [ app_begin ] --START--
INFO: Run Behavior\ReadHtmlCacheBehavior [ RunTime:0.000000s ]
INFO: [ app_begin ] --END-- [ RunTime:0.001000s ]
NOTIC: [8192] mysql_connect(): The mysql extension is deprecated and will be removed in the future: use mysqli or PDO instead D:\phpStudy\WWW\22_cj\ThinkPHP\Library\Think\Session\Driver\Db.class.php 第 104 行.
INFO: [ app_end ] --START--
INFO: Run Behavior\ShowPageTraceBehavior [ RunTime:0.001000s ]
INFO: [ app_end ] --END-- [ RunTime:0.001000s ]

[ 2018-06-07T19:08:17+08:00 ] 127.0.0.1 /index.php?s=/Admin/Public/login
INFO: [ app_init ] --START--
INFO: Run Behavior\BuildLiteBehavior [ RunTime:0.000000s ]
INFO: Run Common\Behavior\InitHookBehavior [ RunTime:0.003000s ]
INFO: [ app_init ] --END-- [ RunTime:0.004001s ]
INFO: [ app_begin ] --START--
INFO: Run Behavior\ReadHtmlCacheBehavior [ RunTime:0.000000s ]
INFO: [ app_begin ] --END-- [ RunTime:0.000000s ]
NOTIC: [8192] mysql_connect(): The mysql extension is deprecated and will be removed in the future: use mysqli or PDO instead D:\phpStudy\WWW\22_cj\ThinkPHP\Library\Think\Session\Driver\Db.class.php 第 104 行.

[ 2018-06-07T19:08:17+08:00 ] 127.0.0.1 /index.php?s=/Admin/Public/verify&random=0.09821983555138813
INFO: [ app_init ] --START--
INFO: Run Behavior\BuildLiteBehavior [ RunTime:0.000000s ]
INFO: Run Common\Behavior\InitHookBehavior [ RunTime:0.003000s ]
INFO: [ app_init ] --END-- [ RunTime:0.004000s ]
INFO: [ app_begin ] --START--
INFO: Run Behavior\ReadHtmlCacheBehavior [ RunTime:0.001000s ]
INFO: [ app_begin ] --END-- [ RunTime:0.001000s ]
NOTIC: [8192] mysql_connect(): The mysql extension is deprecated and will be removed in the future: use mysqli or PDO instead D:\phpStudy\WWW\22_cj\ThinkPHP\Library\Think\Session\Driver\Db.class.php 第 104 行.
INFO: [ app_end ] --START--
INFO: Run Behavior\ShowPageTraceBehavior [ RunTime:0.001000s ]
INFO: [ app_end ] --END-- [ RunTime:0.001000s ]

[ 2018-06-07T19:08:19+08:00 ] 127.0.0.1 /index.php?s=/Admin/Public/verify&random=0.05202539648940152
INFO: [ app_init ] --START--
INFO: Run Behavior\BuildLiteBehavior [ RunTime:0.000000s ]
INFO: Run Common\Behavior\InitHookBehavior [ RunTime:0.004000s ]
INFO: [ app_init ] --END-- [ RunTime:0.004000s ]
INFO: [ app_begin ] --START--
INFO: Run Behavior\ReadHtmlCacheBehavior [ RunTime:0.001000s ]
INFO: [ app_begin ] --END-- [ RunTime:0.001000s ]
NOTIC: [8192] mysql_connect(): The mysql extension is deprecated and will be removed in the future: use mysqli or PDO instead D:\phpStudy\WWW\22_cj\ThinkPHP\Library\Think\Session\Driver\Db.class.php 第 104 行.
INFO: [ app_end ] --START--
INFO: Run Behavior\ShowPageTraceBehavior [ RunTime:0.000000s ]
INFO: [ app_end ] --END-- [ RunTime:0.000000s ]

[ 2018-06-07T19:08:24+08:00 ] 127.0.0.1 /index.php?s=/Admin/Public/login
INFO: [ app_init ] --START--
INFO: Run Behavior\BuildLiteBehavior [ RunTime:0.000000s ]
INFO: Run Common\Behavior\InitHookBehavior [ RunTime:0.013001s ]
INFO: [ app_init ] --END-- [ RunTime:0.013001s ]
INFO: [ app_begin ] --START--
INFO: Run Behavior\ReadHtmlCacheBehavior [ RunTime:0.000000s ]
INFO: [ app_begin ] --END-- [ RunTime:0.000000s ]
NOTIC: [8192] mysql_connect(): The mysql extension is deprecated and will be removed in the future: use mysqli or PDO instead D:\phpStudy\WWW\22_cj\ThinkPHP\Library\Think\Session\Driver\Db.class.php 第 104 行.
NOTIC: [8] Constant UC_APP_ID already defined D:\phpStudy\WWW\22_cj\Application\User\Conf\config.php 第 18 行.
NOTIC: [8] Constant UC_API_TYPE already defined D:\phpStudy\WWW\22_cj\Application\User\Conf\config.php 第 19 行.
NOTIC: [8] Constant UC_AUTH_KEY already defined D:\phpStudy\WWW\22_cj\Application\User\Conf\config.php 第 20 行.
NOTIC: [8] Constant UC_DB_DSN already defined D:\phpStudy\WWW\22_cj\Application\User\Conf\config.php 第 21 行.
NOTIC: [8] Constant UC_TABLE_PREFIX already defined D:\phpStudy\WWW\22_cj\Application\User\Conf\config.php 第 22 行.
NOTIC: [8] Undefined index: HTTP_X_REAL_IP D:\phpStudy\WWW\22_cj\ThinkPHP\Common\functions.php 第 1759 行.
SQL: SHOW COLUMNS FROM `luck_member` [ RunTime:0.0070s ]
SQL: SELECT * FROM `luck_member`  [ RunTime:0.0000s ]

[ 2018-06-07T19:12:08+08:00 ] 127.0.0.1 /index.php?s=/Admin/Public/login
INFO: [ app_init ] --START--
INFO: Run Behavior\BuildLiteBehavior [ RunTime:0.000000s ]
INFO: Run Common\Behavior\InitHookBehavior [ RunTime:0.014001s ]
INFO: [ app_init ] --END-- [ RunTime:0.015001s ]
INFO: [ app_begin ] --START--
INFO: Run Behavior\ReadHtmlCacheBehavior [ RunTime:0.001000s ]
INFO: [ app_begin ] --END-- [ RunTime:0.001000s ]
NOTIC: [8192] mysql_connect(): The mysql extension is deprecated and will be removed in the future: use mysqli or PDO instead D:\phpStudy\WWW\22_cj\ThinkPHP\Library\Think\Session\Driver\Db.class.php 第 104 行.
INFO: [ view_parse ] --START--
INFO: [ template_filter ] --START--
INFO: Run Behavior\ContentReplaceBehavior [ RunTime:0.000000s ]
INFO: [ template_filter ] --END-- [ RunTime:0.000000s ]
INFO: Run Behavior\ParseTemplateBehavior [ RunTime:0.007001s ]
INFO: [ view_parse ] --END-- [ RunTime:0.007001s ]
INFO: [ view_filter ] --START--
INFO: Run Behavior\WriteHtmlCacheBehavior [ RunTime:0.000000s ]
INFO: [ view_filter ] --END-- [ RunTime:0.000000s ]
INFO: [ app_end ] --START--
INFO: Run Behavior\ShowPageTraceBehavior [ RunTime:0.001000s ]
INFO: [ app_end ] --END-- [ RunTime:0.001000s ]

[ 2018-06-07T19:12:08+08:00 ] 127.0.0.1 /index.php?s=/Admin/Public/verify
INFO: [ app_init ] --START--
INFO: Run Behavior\BuildLiteBehavior [ RunTime:0.000000s ]
INFO: Run Common\Behavior\InitHookBehavior [ RunTime:0.012000s ]
INFO: [ app_init ] --END-- [ RunTime:0.013000s ]
INFO: [ app_begin ] --START--
INFO: Run Behavior\ReadHtmlCacheBehavior [ RunTime:0.001000s ]
INFO: [ app_begin ] --END-- [ RunTime:0.001000s ]
NOTIC: [8192] mysql_connect(): The mysql extension is deprecated and will be removed in the future: use mysqli or PDO instead D:\phpStudy\WWW\22_cj\ThinkPHP\Library\Think\Session\Driver\Db.class.php 第 104 行.
INFO: [ app_end ] --START--
INFO: Run Behavior\ShowPageTraceBehavior [ RunTime:0.001000s ]
INFO: [ app_end ] --END-- [ RunTime:0.001000s ]

[ 2018-06-07T19:12:13+08:00 ] 127.0.0.1 /index.php?s=/Admin/Public/login
INFO: [ app_init ] --START--
INFO: Run Behavior\BuildLiteBehavior [ RunTime:0.000000s ]
INFO: Run Common\Behavior\InitHookBehavior [ RunTime:0.013001s ]
INFO: [ app_init ] --END-- [ RunTime:0.014001s ]
INFO: [ app_begin ] --START--
INFO: Run Behavior\ReadHtmlCacheBehavior [ RunTime:0.001000s ]
INFO: [ app_begin ] --END-- [ RunTime:0.001000s ]
NOTIC: [8192] mysql_connect(): The mysql extension is deprecated and will be removed in the future: use mysqli or PDO instead D:\phpStudy\WWW\22_cj\ThinkPHP\Library\Think\Session\Driver\Db.class.php 第 104 行.

[ 2018-06-07T19:12:14+08:00 ] 127.0.0.1 /index.php?s=/Admin/Public/verify&random=0.6261320441019564
INFO: [ app_init ] --START--
INFO: Run Behavior\BuildLiteBehavior [ RunTime:0.000000s ]
INFO: Run Common\Behavior\InitHookBehavior [ RunTime:0.013001s ]
INFO: [ app_init ] --END-- [ RunTime:0.014001s ]
INFO: [ app_begin ] --START--
INFO: Run Behavior\ReadHtmlCacheBehavior [ RunTime:0.000000s ]
INFO: [ app_begin ] --END-- [ RunTime:0.000000s ]
NOTIC: [8192] mysql_connect(): The mysql extension is deprecated and will be removed in the future: use mysqli or PDO instead D:\phpStudy\WWW\22_cj\ThinkPHP\Library\Think\Session\Driver\Db.class.php 第 104 行.
INFO: [ app_end ] --START--
INFO: Run Behavior\ShowPageTraceBehavior [ RunTime:0.001000s ]
INFO: [ app_end ] --END-- [ RunTime:0.001000s ]

[ 2018-06-07T19:12:18+08:00 ] 127.0.0.1 /index.php?s=/Admin/Public/login
INFO: [ app_init ] --START--
INFO: Run Behavior\BuildLiteBehavior [ RunTime:0.000000s ]
INFO: Run Common\Behavior\InitHookBehavior [ RunTime:0.005001s ]
INFO: [ app_init ] --END-- [ RunTime:0.005001s ]
INFO: [ app_begin ] --START--
INFO: Run Behavior\ReadHtmlCacheBehavior [ RunTime:0.001000s ]
INFO: [ app_begin ] --END-- [ RunTime:0.001000s ]
NOTIC: [8192] mysql_connect(): The mysql extension is deprecated and will be removed in the future: use mysqli or PDO instead D:\phpStudy\WWW\22_cj\ThinkPHP\Library\Think\Session\Driver\Db.class.php 第 104 行.
NOTIC: [8] Constant UC_APP_ID already defined D:\phpStudy\WWW\22_cj\Application\User\Conf\config.php 第 18 行.
NOTIC: [8] Constant UC_API_TYPE already defined D:\phpStudy\WWW\22_cj\Application\User\Conf\config.php 第 19 行.
NOTIC: [8] Constant UC_AUTH_KEY already defined D:\phpStudy\WWW\22_cj\Application\User\Conf\config.php 第 20 行.
NOTIC: [8] Constant UC_DB_DSN already defined D:\phpStudy\WWW\22_cj\Application\User\Conf\config.php 第 21 行.
NOTIC: [8] Constant UC_TABLE_PREFIX already defined D:\phpStudy\WWW\22_cj\Application\User\Conf\config.php 第 22 行.
NOTIC: [8] Undefined index: HTTP_X_REAL_IP D:\phpStudy\WWW\22_cj\ThinkPHP\Common\functions.php 第 1759 行.
SQL: SHOW COLUMNS FROM `luck_member` [ RunTime:0.0070s ]
SQL: SHOW COLUMNS FROM `luck_action` [ RunTime:0.0070s ]
SQL: SELECT * FROM `luck_action` WHERE `name` = 'user_login' LIMIT 1   [ RunTime:0.0000s ]
NOTIC: [8] Undefined index: uid D:\phpStudy\WWW\22_cj\Application\Admin\Model\MemberModel.class.php 第 72 行.
NOTIC: [8] Undefined index: uid D:\phpStudy\WWW\22_cj\Application\Admin\Model\MemberModel.class.php 第 81 行.
NOTIC: [8] Undefined index: nickname D:\phpStudy\WWW\22_cj\Application\Admin\Model\MemberModel.class.php 第 82 行.

[ 2018-06-07T19:14:44+08:00 ] 127.0.0.1 /index.php?s=/Admin/Public/login
INFO: [ app_init ] --START--
INFO: Run Behavior\BuildLiteBehavior [ RunTime:0.000000s ]
INFO: Run Common\Behavior\InitHookBehavior [ RunTime:0.003000s ]
INFO: [ app_init ] --END-- [ RunTime:0.004000s ]
INFO: [ app_begin ] --START--
INFO: Run Behavior\ReadHtmlCacheBehavior [ RunTime:0.001000s ]
INFO: [ app_begin ] --END-- [ RunTime:0.001000s ]
NOTIC: [8192] mysql_connect(): The mysql extension is deprecated and will be removed in the future: use mysqli or PDO instead D:\phpStudy\WWW\22_cj\ThinkPHP\Library\Think\Session\Driver\Db.class.php 第 104 行.
INFO: [ view_parse ] --START--
INFO: [ template_filter ] --START--
INFO: Run Behavior\ContentReplaceBehavior [ RunTime:0.000000s ]
INFO: [ template_filter ] --END-- [ RunTime:0.000000s ]
INFO: Run Behavior\ParseTemplateBehavior [ RunTime:0.008000s ]
INFO: [ view_parse ] --END-- [ RunTime:0.008000s ]
INFO: [ view_filter ] --START--
INFO: Run Behavior\WriteHtmlCacheBehavior [ RunTime:0.000000s ]
INFO: [ view_filter ] --END-- [ RunTime:0.000000s ]
INFO: [ app_end ] --START--
INFO: Run Behavior\ShowPageTraceBehavior [ RunTime:0.000000s ]
INFO: [ app_end ] --END-- [ RunTime:0.000000s ]

[ 2018-06-07T19:14:44+08:00 ] 127.0.0.1 /index.php?s=/Admin/Public/verify
INFO: [ app_init ] --START--
INFO: Run Behavior\BuildLiteBehavior [ RunTime:0.000000s ]
INFO: Run Common\Behavior\InitHookBehavior [ RunTime:0.003001s ]
INFO: [ app_init ] --END-- [ RunTime:0.003001s ]
INFO: [ app_begin ] --START--
INFO: Run Behavior\ReadHtmlCacheBehavior [ RunTime:0.001000s ]
INFO: [ app_begin ] --END-- [ RunTime:0.001000s ]
NOTIC: [8192] mysql_connect(): The mysql extension is deprecated and will be removed in the future: use mysqli or PDO instead D:\phpStudy\WWW\22_cj\ThinkPHP\Library\Think\Session\Driver\Db.class.php 第 104 行.
INFO: [ app_end ] --START--
INFO: Run Behavior\ShowPageTraceBehavior [ RunTime:0.001000s ]
INFO: [ app_end ] --END-- [ RunTime:0.001000s ]

[ 2018-06-07T19:14:51+08:00 ] 127.0.0.1 /index.php?s=/Admin/Public/login
INFO: [ app_init ] --START--
INFO: Run Behavior\BuildLiteBehavior [ RunTime:0.000000s ]
INFO: Run Common\Behavior\InitHookBehavior [ RunTime:0.003000s ]
INFO: [ app_init ] --END-- [ RunTime:0.003000s ]
INFO: [ app_begin ] --START--
INFO: Run Behavior\ReadHtmlCacheBehavior [ RunTime:0.001000s ]
INFO: [ app_begin ] --END-- [ RunTime:0.001000s ]
NOTIC: [8192] mysql_connect(): The mysql extension is deprecated and will be removed in the future: use mysqli or PDO instead D:\phpStudy\WWW\22_cj\ThinkPHP\Library\Think\Session\Driver\Db.class.php 第 104 行.
NOTIC: [8] Constant UC_APP_ID already defined D:\phpStudy\WWW\22_cj\Application\User\Conf\config.php 第 18 行.
NOTIC: [8] Constant UC_API_TYPE already defined D:\phpStudy\WWW\22_cj\Application\User\Conf\config.php 第 19 行.
NOTIC: [8] Constant UC_AUTH_KEY already defined D:\phpStudy\WWW\22_cj\Application\User\Conf\config.php 第 20 行.
NOTIC: [8] Constant UC_DB_DSN already defined D:\phpStudy\WWW\22_cj\Application\User\Conf\config.php 第 21 行.
NOTIC: [8] Constant UC_TABLE_PREFIX already defined D:\phpStudy\WWW\22_cj\Application\User\Conf\config.php 第 22 行.
NOTIC: [8] Undefined index: HTTP_X_REAL_IP D:\phpStudy\WWW\22_cj\ThinkPHP\Common\functions.php 第 1759 行.
SQL: SHOW COLUMNS FROM `luck_member` [ RunTime:0.0060s ]
SQL: SHOW COLUMNS FROM `luck_action` [ RunTime:0.0060s ]
SQL: SELECT * FROM `luck_action` WHERE `name` = 'user_login' LIMIT 1   [ RunTime:0.0010s ]
NOTIC: [8] Undefined index: uid D:\phpStudy\WWW\22_cj\Application\Admin\Model\MemberModel.class.php 第 72 行.
NOTIC: [8] Undefined index: uid D:\phpStudy\WWW\22_cj\Application\Admin\Model\MemberModel.class.php 第 81 行.
NOTIC: [8] Undefined index: nickname D:\phpStudy\WWW\22_cj\Application\Admin\Model\MemberModel.class.php 第 82 行.

[ 2018-06-07T19:14:51+08:00 ] 127.0.0.1 /index.php?s=/Admin/Index/index
INFO: [ app_init ] --START--
INFO: Run Behavior\BuildLiteBehavior [ RunTime:0.000000s ]
INFO: Run Common\Behavior\InitHookBehavior [ RunTime:0.003001s ]
INFO: [ app_init ] --END-- [ RunTime:0.004001s ]
INFO: [ app_begin ] --START--
INFO: Run Behavior\ReadHtmlCacheBehavior [ RunTime:0.000000s ]
INFO: [ app_begin ] --END-- [ RunTime:0.001000s ]
NOTIC: [8192] mysql_connect(): The mysql extension is deprecated and will be removed in the future: use mysqli or PDO instead D:\phpStudy\WWW\22_cj\ThinkPHP\Library\Think\Session\Driver\Db.class.php 第 104 行.
NOTIC: [2048] Declaration of Admin\Controller\IndexController::index() should be compatible with Admin\Controller\AdminController::index($model_name = NULL, $display = true) D:\phpStudy\WWW\22_cj\Application\Admin\Controller\IndexController.class.php 第 17 行.
NOTIC: [8] Constant UID already defined D:\phpStudy\WWW\22_cj\Application\Admin\Controller\AdminController.class.php 第 40 行.

[ 2018-06-07T19:14:52+08:00 ] 127.0.0.1 /index.php?s=/Admin/Public/login
INFO: [ app_init ] --START--
INFO: Run Behavior\BuildLiteBehavior [ RunTime:0.000000s ]
INFO: Run Common\Behavior\InitHookBehavior [ RunTime:0.003000s ]
INFO: [ app_init ] --END-- [ RunTime:0.003000s ]
INFO: [ app_begin ] --START--
INFO: Run Behavior\ReadHtmlCacheBehavior [ RunTime:0.001000s ]
INFO: [ app_begin ] --END-- [ RunTime:0.001000s ]
NOTIC: [8192] mysql_connect(): The mysql extension is deprecated and will be removed in the future: use mysqli or PDO instead D:\phpStudy\WWW\22_cj\ThinkPHP\Library\Think\Session\Driver\Db.class.php 第 104 行.
INFO: [ view_parse ] --START--
INFO: [ template_filter ] --START--
INFO: Run Behavior\ContentReplaceBehavior [ RunTime:0.001001s ]
INFO: [ template_filter ] --END-- [ RunTime:0.001001s ]
INFO: Run Behavior\ParseTemplateBehavior [ RunTime:0.006001s ]
INFO: [ view_parse ] --END-- [ RunTime:0.006001s ]
INFO: [ view_filter ] --START--
INFO: Run Behavior\WriteHtmlCacheBehavior [ RunTime:0.000000s ]
INFO: [ view_filter ] --END-- [ RunTime:0.000000s ]
INFO: [ app_end ] --START--
INFO: Run Behavior\ShowPageTraceBehavior [ RunTime:0.001000s ]
INFO: [ app_end ] --END-- [ RunTime:0.001000s ]

[ 2018-06-07T19:14:52+08:00 ] 127.0.0.1 /index.php?s=/Admin/Public/verify
INFO: [ app_init ] --START--
INFO: Run Behavior\BuildLiteBehavior [ RunTime:0.000000s ]
INFO: Run Common\Behavior\InitHookBehavior [ RunTime:0.003001s ]
INFO: [ app_init ] --END-- [ RunTime:0.003001s ]
INFO: [ app_begin ] --START--
INFO: Run Behavior\ReadHtmlCacheBehavior [ RunTime:0.001000s ]
INFO: [ app_begin ] --END-- [ RunTime:0.001000s ]
NOTIC: [8192] mysql_connect(): The mysql extension is deprecated and will be removed in the future: use mysqli or PDO instead D:\phpStudy\WWW\22_cj\ThinkPHP\Library\Think\Session\Driver\Db.class.php 第 104 行.
INFO: [ app_end ] --START--
INFO: Run Behavior\ShowPageTraceBehavior [ RunTime:0.001000s ]
INFO: [ app_end ] --END-- [ RunTime:0.001000s ]

[ 2018-06-07T19:15:16+08:00 ] 127.0.0.1 /index.php?s=/Admin/Public/login
INFO: [ app_init ] --START--
INFO: Run Behavior\BuildLiteBehavior [ RunTime:0.000000s ]
INFO: Run Common\Behavior\InitHookBehavior [ RunTime:0.003000s ]
INFO: [ app_init ] --END-- [ RunTime:0.003000s ]
INFO: [ app_begin ] --START--
INFO: Run Behavior\ReadHtmlCacheBehavior [ RunTime:0.000000s ]
INFO: [ app_begin ] --END-- [ RunTime:0.000000s ]
NOTIC: [8192] mysql_connect(): The mysql extension is deprecated and will be removed in the future: use mysqli or PDO instead D:\phpStudy\WWW\22_cj\ThinkPHP\Library\Think\Session\Driver\Db.class.php 第 104 行.
NOTIC: [8] Constant UC_APP_ID already defined D:\phpStudy\WWW\22_cj\Application\User\Conf\config.php 第 18 行.
NOTIC: [8] Constant UC_API_TYPE already defined D:\phpStudy\WWW\22_cj\Application\User\Conf\config.php 第 19 行.
NOTIC: [8] Constant UC_AUTH_KEY already defined D:\phpStudy\WWW\22_cj\Application\User\Conf\config.php 第 20 行.
NOTIC: [8] Constant UC_DB_DSN already defined D:\phpStudy\WWW\22_cj\Application\User\Conf\config.php 第 21 行.
NOTIC: [8] Constant UC_TABLE_PREFIX already defined D:\phpStudy\WWW\22_cj\Application\User\Conf\config.php 第 22 行.
NOTIC: [8] Undefined index: HTTP_X_REAL_IP D:\phpStudy\WWW\22_cj\ThinkPHP\Common\functions.php 第 1759 行.
SQL: SHOW COLUMNS FROM `luck_member` [ RunTime:0.0070s ]
SQL: SHOW COLUMNS FROM `luck_action` [ RunTime:0.0060s ]
SQL: SELECT * FROM `luck_action` WHERE `name` = 'user_login' LIMIT 1   [ RunTime:0.0010s ]

[ 2018-06-07T19:16:16+08:00 ] 127.0.0.1 /index.php?s=/Admin/Public/login
INFO: [ app_init ] --START--
INFO: Run Behavior\BuildLiteBehavior [ RunTime:0.000000s ]
INFO: Run Common\Behavior\InitHookBehavior [ RunTime:0.014001s ]
INFO: [ app_init ] --END-- [ RunTime:0.015001s ]
INFO: [ app_begin ] --START--
INFO: Run Behavior\ReadHtmlCacheBehavior [ RunTime:0.000000s ]
INFO: [ app_begin ] --END-- [ RunTime:0.000000s ]
NOTIC: [8192] mysql_connect(): The mysql extension is deprecated and will be removed in the future: use mysqli or PDO instead D:\phpStudy\WWW\22_cj\ThinkPHP\Library\Think\Session\Driver\Db.class.php 第 104 行.
INFO: [ view_parse ] --START--
INFO: [ template_filter ] --START--
INFO: Run Behavior\ContentReplaceBehavior [ RunTime:0.000000s ]
INFO: [ template_filter ] --END-- [ RunTime:0.000000s ]
INFO: Run Behavior\ParseTemplateBehavior [ RunTime:0.007000s ]
INFO: [ view_parse ] --END-- [ RunTime:0.007000s ]
INFO: [ view_filter ] --START--
INFO: Run Behavior\WriteHtmlCacheBehavior [ RunTime:0.001000s ]
INFO: [ view_filter ] --END-- [ RunTime:0.001000s ]
INFO: [ app_end ] --START--
INFO: Run Behavior\ShowPageTraceBehavior [ RunTime:0.001000s ]
INFO: [ app_end ] --END-- [ RunTime:0.001000s ]

[ 2018-06-07T19:16:16+08:00 ] 127.0.0.1 /index.php?s=/Admin/Public/verify
INFO: [ app_init ] --START--
INFO: Run Behavior\BuildLiteBehavior [ RunTime:0.000000s ]
INFO: Run Common\Behavior\InitHookBehavior [ RunTime:0.014001s ]
INFO: [ app_init ] --END-- [ RunTime:0.014001s ]
INFO: [ app_begin ] --START--
INFO: Run Behavior\ReadHtmlCacheBehavior [ RunTime:0.000000s ]
INFO: [ app_begin ] --END-- [ RunTime:0.000000s ]
NOTIC: [8192] mysql_connect(): The mysql extension is deprecated and will be removed in the future: use mysqli or PDO instead D:\phpStudy\WWW\22_cj\ThinkPHP\Library\Think\Session\Driver\Db.class.php 第 104 行.
INFO: [ app_end ] --START--
INFO: Run Behavior\ShowPageTraceBehavior [ RunTime:0.001001s ]
INFO: [ app_end ] --END-- [ RunTime:0.001001s ]

[ 2018-06-07T19:16:23+08:00 ] 127.0.0.1 /index.php?s=/Admin/Public/login
INFO: [ app_init ] --START--
INFO: Run Behavior\BuildLiteBehavior [ RunTime:0.000000s ]
INFO: Run Common\Behavior\InitHookBehavior [ RunTime:0.004000s ]
INFO: [ app_init ] --END-- [ RunTime:0.004000s ]
INFO: [ app_begin ] --START--
INFO: Run Behavior\ReadHtmlCacheBehavior [ RunTime:0.001000s ]
INFO: [ app_begin ] --END-- [ RunTime:0.001000s ]
NOTIC: [8192] mysql_connect(): The mysql extension is deprecated and will be removed in the future: use mysqli or PDO instead D:\phpStudy\WWW\22_cj\ThinkPHP\Library\Think\Session\Driver\Db.class.php 第 104 行.
NOTIC: [8] Constant UC_APP_ID already defined D:\phpStudy\WWW\22_cj\Application\User\Conf\config.php 第 18 行.
NOTIC: [8] Constant UC_API_TYPE already defined D:\phpStudy\WWW\22_cj\Application\User\Conf\config.php 第 19 行.
NOTIC: [8] Constant UC_AUTH_KEY already defined D:\phpStudy\WWW\22_cj\Application\User\Conf\config.php 第 20 行.
NOTIC: [8] Constant UC_DB_DSN already defined D:\phpStudy\WWW\22_cj\Application\User\Conf\config.php 第 21 行.
NOTIC: [8] Constant UC_TABLE_PREFIX already defined D:\phpStudy\WWW\22_cj\Application\User\Conf\config.php 第 22 行.
NOTIC: [8] Undefined index: HTTP_X_REAL_IP D:\phpStudy\WWW\22_cj\ThinkPHP\Common\functions.php 第 1759 行.
SQL: SHOW COLUMNS FROM `luck_member` [ RunTime:0.0070s ]
SQL: SELECT `uid`,`nickname`,`sex`,`birthday`,`qq`,`score`,`login`,`reg_ip`,`reg_time`,`last_login_ip`,`last_login_time`,`status`,`make_num`,`thumb`,`local_url`,`amount` FROM `luck_member` WHERE `uid` = 1 LIMIT 1   [ RunTime:0.0010s ]
SQL: SHOW COLUMNS FROM `luck_action` [ RunTime:0.0070s ]
SQL: SELECT * FROM `luck_action` WHERE `name` = 'user_login' LIMIT 1   [ RunTime:0.0010s ]

[ 2018-06-07T19:19:12+08:00 ] 127.0.0.1 /index.php?s=/Admin/Public/login
INFO: [ app_init ] --START--
INFO: Run Behavior\BuildLiteBehavior [ RunTime:0.000000s ]
INFO: Run Common\Behavior\InitHookBehavior [ RunTime:0.018001s ]
INFO: [ app_init ] --END-- [ RunTime:0.018001s ]
INFO: [ app_begin ] --START--
INFO: Run Behavior\ReadHtmlCacheBehavior [ RunTime:0.000000s ]
INFO: [ app_begin ] --END-- [ RunTime:0.000000s ]
NOTIC: [8192] mysql_connect(): The mysql extension is deprecated and will be removed in the future: use mysqli or PDO instead D:\phpStudy\WWW\22_cj\ThinkPHP\Library\Think\Session\Driver\Db.class.php 第 104 行.
INFO: [ view_parse ] --START--
INFO: [ template_filter ] --START--
INFO: Run Behavior\ContentReplaceBehavior [ RunTime:0.000000s ]
INFO: [ template_filter ] --END-- [ RunTime:0.000000s ]
INFO: Run Behavior\ParseTemplateBehavior [ RunTime:0.006001s ]
INFO: [ view_parse ] --END-- [ RunTime:0.006001s ]
INFO: [ view_filter ] --START--
INFO: Run Behavior\WriteHtmlCacheBehavior [ RunTime:0.000000s ]
INFO: [ view_filter ] --END-- [ RunTime:0.000000s ]
INFO: [ app_end ] --START--
INFO: Run Behavior\ShowPageTraceBehavior [ RunTime:0.001000s ]
INFO: [ app_end ] --END-- [ RunTime:0.001000s ]

[ 2018-06-07T19:19:13+08:00 ] 127.0.0.1 /index.php?s=/Admin/Public/verify
INFO: [ app_init ] --START--
INFO: Run Behavior\BuildLiteBehavior [ RunTime:0.000000s ]
INFO: Run Common\Behavior\InitHookBehavior [ RunTime:0.015001s ]
INFO: [ app_init ] --END-- [ RunTime:0.016001s ]
INFO: [ app_begin ] --START--
INFO: Run Behavior\ReadHtmlCacheBehavior [ RunTime:0.001000s ]
INFO: [ app_begin ] --END-- [ RunTime:0.001000s ]
NOTIC: [8192] mysql_connect(): The mysql extension is deprecated and will be removed in the future: use mysqli or PDO instead D:\phpStudy\WWW\22_cj\ThinkPHP\Library\Think\Session\Driver\Db.class.php 第 104 行.
INFO: [ app_end ] --START--
INFO: Run Behavior\ShowPageTraceBehavior [ RunTime:0.000000s ]
INFO: [ app_end ] --END-- [ RunTime:0.000000s ]

[ 2018-06-07T19:19:19+08:00 ] 127.0.0.1 /index.php?s=/Admin/Public/login
INFO: [ app_init ] --START--
INFO: Run Behavior\BuildLiteBehavior [ RunTime:0.000000s ]
INFO: Run Common\Behavior\InitHookBehavior [ RunTime:0.013001s ]
INFO: [ app_init ] --END-- [ RunTime:0.013001s ]
INFO: [ app_begin ] --START--
INFO: Run Behavior\ReadHtmlCacheBehavior [ RunTime:0.001000s ]
INFO: [ app_begin ] --END-- [ RunTime:0.001000s ]
NOTIC: [8192] mysql_connect(): The mysql extension is deprecated and will be removed in the future: use mysqli or PDO instead D:\phpStudy\WWW\22_cj\ThinkPHP\Library\Think\Session\Driver\Db.class.php 第 104 行.
NOTIC: [8] Constant UC_APP_ID already defined D:\phpStudy\WWW\22_cj\Application\User\Conf\config.php 第 18 行.
NOTIC: [8] Constant UC_API_TYPE already defined D:\phpStudy\WWW\22_cj\Application\User\Conf\config.php 第 19 行.
NOTIC: [8] Constant UC_AUTH_KEY already defined D:\phpStudy\WWW\22_cj\Application\User\Conf\config.php 第 20 行.
NOTIC: [8] Constant UC_DB_DSN already defined D:\phpStudy\WWW\22_cj\Application\User\Conf\config.php 第 21 行.
NOTIC: [8] Constant UC_TABLE_PREFIX already defined D:\phpStudy\WWW\22_cj\Application\User\Conf\config.php 第 22 行.
NOTIC: [8] Undefined index: HTTP_X_REAL_IP D:\phpStudy\WWW\22_cj\ThinkPHP\Common\functions.php 第 1759 行.
SQL: SHOW COLUMNS FROM `luck_member` [ RunTime:0.0060s ]
SQL: SELECT `uid`,`nickname`,`sex`,`birthday`,`qq`,`score`,`login`,`reg_ip`,`reg_time`,`last_login_ip`,`last_login_time`,`status`,`make_num`,`thumb`,`local_url`,`amount` FROM `luck_member`  [ RunTime:0.0000s ]
NOTIC: [8] Undefined index: status D:\phpStudy\WWW\22_cj\Application\Admin\Model\MemberModel.class.php 第 44 行.

[ 2018-06-07T19:19:19+08:00 ] 127.0.0.1 /index.php?s=/Admin/Public/verify&random=0.19468963797036376
INFO: [ app_init ] --START--
INFO: Run Behavior\BuildLiteBehavior [ RunTime:0.000000s ]
INFO: Run Common\Behavior\InitHookBehavior [ RunTime:0.015001s ]
INFO: [ app_init ] --END-- [ RunTime:0.015001s ]
INFO: [ app_begin ] --START--
INFO: Run Behavior\ReadHtmlCacheBehavior [ RunTime:0.000000s ]
INFO: [ app_begin ] --END-- [ RunTime:0.000000s ]
NOTIC: [8192] mysql_connect(): The mysql extension is deprecated and will be removed in the future: use mysqli or PDO instead D:\phpStudy\WWW\22_cj\ThinkPHP\Library\Think\Session\Driver\Db.class.php 第 104 行.
INFO: [ app_end ] --START--
INFO: Run Behavior\ShowPageTraceBehavior [ RunTime:0.001000s ]
INFO: [ app_end ] --END-- [ RunTime:0.001000s ]

[ 2018-06-07T19:19:37+08:00 ] 127.0.0.1 /index.php?s=/Admin/Public/login
INFO: [ app_init ] --START--
INFO: Run Behavior\BuildLiteBehavior [ RunTime:0.000000s ]
INFO: Run Common\Behavior\InitHookBehavior [ RunTime:0.014001s ]
INFO: [ app_init ] --END-- [ RunTime:0.014001s ]
INFO: [ app_begin ] --START--
INFO: Run Behavior\ReadHtmlCacheBehavior [ RunTime:0.001000s ]
INFO: [ app_begin ] --END-- [ RunTime:0.001000s ]
NOTIC: [8192] mysql_connect(): The mysql extension is deprecated and will be removed in the future: use mysqli or PDO instead D:\phpStudy\WWW\22_cj\ThinkPHP\Library\Think\Session\Driver\Db.class.php 第 104 行.
NOTIC: [8] Constant UC_APP_ID already defined D:\phpStudy\WWW\22_cj\Application\User\Conf\config.php 第 18 行.
NOTIC: [8] Constant UC_API_TYPE already defined D:\phpStudy\WWW\22_cj\Application\User\Conf\config.php 第 19 行.
NOTIC: [8] Constant UC_AUTH_KEY already defined D:\phpStudy\WWW\22_cj\Application\User\Conf\config.php 第 20 行.
NOTIC: [8] Constant UC_DB_DSN already defined D:\phpStudy\WWW\22_cj\Application\User\Conf\config.php 第 21 行.
NOTIC: [8] Constant UC_TABLE_PREFIX already defined D:\phpStudy\WWW\22_cj\Application\User\Conf\config.php 第 22 行.
NOTIC: [8] Undefined index: HTTP_X_REAL_IP D:\phpStudy\WWW\22_cj\ThinkPHP\Common\functions.php 第 1759 行.
SQL: SHOW COLUMNS FROM `luck_member` [ RunTime:0.0070s ]
SQL: SELECT `uid`,`nickname`,`sex`,`birthday`,`qq`,`score`,`login`,`reg_ip`,`reg_time`,`last_login_ip`,`last_login_time`,`status`,`make_num`,`thumb`,`local_url`,`amount` FROM `luck_member`  [ RunTime:0.0010s ]

