[ 2018-05-17T09:21:46+08:00 ] 127.0.0.1 /api.php/Luck/makePic
NOTIC: [8] Undefined index: sign D:\phpStudy\WWW\22_cj\Application\Api\Controller\BaseController.class.php 第 93 行.
SQL: SHOW COLUMNS FROM `luck_config` [ RunTime:0.0640s ]
SQL: SELECT `type`,`name`,`value` FROM `luck_config` WHERE `status` = 1  [ RunTime:0.0010s ]

[ 2018-05-17T09:22:48+08:00 ] 127.0.0.1 /api.php
ERR: 无法加载控制器:Index

[ 2018-05-17T09:22:51+08:00 ] 127.0.0.1 /api.php/Luck/makePic
NOTIC: [8] Undefined index: sign D:\phpStudy\WWW\22_cj\Application\Api\Controller\BaseController.class.php 第 93 行.
SQL: SHOW COLUMNS FROM `luck_config` [ RunTime:0.0060s ]
SQL: SELECT `type`,`name`,`value` FROM `luck_config` WHERE `status` = 1  [ RunTime:0.0000s ]
SQL: SHOW COLUMNS FROM `luck_prize` [ RunTime:0.0060s ]
SQL: SELECT * FROM `luck_prize` WHERE ( id="24" ) LIMIT 1   [ RunTime:0.0000s ]

[ 2018-05-17T09:27:20+08:00 ] 127.0.0.1 /api.php/Luck/makePic
NOTIC: [8] Undefined index: sign D:\phpStudy\WWW\22_cj\Application\Api\Controller\BaseController.class.php 第 93 行.
SQL: SHOW COLUMNS FROM `luck_config` [ RunTime:0.0090s ]
SQL: SELECT `type`,`name`,`value` FROM `luck_config` WHERE `status` = 1  [ RunTime:0.0000s ]
SQL: SHOW COLUMNS FROM `luck_prize` [ RunTime:0.0080s ]
SQL: SELECT * FROM `luck_prize` WHERE ( id="24" ) LIMIT 1   [ RunTime:0.0010s ]

[ 2018-05-17T09:27:55+08:00 ] 127.0.0.1 /api.php/Luck/makePic
NOTIC: [8] Undefined index: sign D:\phpStudy\WWW\22_cj\Application\Api\Controller\BaseController.class.php 第 93 行.
SQL: SHOW COLUMNS FROM `luck_config` [ RunTime:0.0060s ]
SQL: SELECT `type`,`name`,`value` FROM `luck_config` WHERE `status` = 1  [ RunTime:0.0000s ]
SQL: SHOW COLUMNS FROM `luck_prize` [ RunTime:0.0060s ]
SQL: SELECT * FROM `luck_prize` WHERE ( id="24" ) LIMIT 1   [ RunTime:0.0000s ]

[ 2018-05-17T09:31:38+08:00 ] 127.0.0.1 /api.php/Luck/makePic
NOTIC: [8] Undefined index: sign D:\phpStudy\WWW\22_cj\Application\Api\Controller\BaseController.class.php 第 93 行.
SQL: SHOW COLUMNS FROM `luck_config` [ RunTime:0.0070s ]
SQL: SELECT `type`,`name`,`value` FROM `luck_config` WHERE `status` = 1  [ RunTime:0.0010s ]
SQL: SHOW COLUMNS FROM `luck_prize` [ RunTime:0.0070s ]
SQL: SELECT * FROM `luck_prize` WHERE ( id="24" ) LIMIT 1   [ RunTime:0.0000s ]

[ 2018-05-17T09:36:13+08:00 ] 127.0.0.1 /api.php/Luck/makePic
NOTIC: [8] Undefined index: sign D:\phpStudy\WWW\22_cj\Application\Api\Controller\BaseController.class.php 第 93 行.
SQL: SHOW COLUMNS FROM `luck_config` [ RunTime:0.0080s ]
SQL: SELECT `type`,`name`,`value` FROM `luck_config` WHERE `status` = 1  [ RunTime:0.0000s ]
SQL: SHOW COLUMNS FROM `luck_prize` [ RunTime:0.0070s ]
SQL: SELECT * FROM `luck_prize` WHERE ( id="24" ) LIMIT 1   [ RunTime:0.0010s ]
NOTIC: [8] Undefined variable: set D:\phpStudy\WWW\22_cj\ThinkPHP\Library\Think\Db\Driver.class.php 第 435 行.
NOTIC: [2] implode(): Invalid arguments passed D:\phpStudy\WWW\22_cj\ThinkPHP\Library\Think\Db\Driver.class.php 第 435 行.
ERR: 1064:You have an error in your SQL syntax; check the manual that corresponds to your MySQL server version for the right syntax to use near 'WHERE `id` = 24' at line 1
 [ SQL语句 ] : UPDATE `luck_prize` SET  WHERE `id` = 24
ERR: 1064:You have an error in your SQL syntax; check the manual that corresponds to your MySQL server version for the right syntax to use near 'WHERE `id` = 24' at line 1
 [ SQL语句 ] : UPDATE `luck_prize` SET  WHERE `id` = 24

[ 2018-05-17T09:37:52+08:00 ] 127.0.0.1 /api.php/Luck/makePic
NOTIC: [8] Undefined index: sign D:\phpStudy\WWW\22_cj\Application\Api\Controller\BaseController.class.php 第 93 行.
SQL: SHOW COLUMNS FROM `luck_config` [ RunTime:0.0060s ]
SQL: SELECT `type`,`name`,`value` FROM `luck_config` WHERE `status` = 1  [ RunTime:0.0000s ]
SQL: SHOW COLUMNS FROM `luck_prize` [ RunTime:0.0070s ]
SQL: SELECT * FROM `luck_prize` WHERE ( id="24" ) LIMIT 1   [ RunTime:0.0010s ]
NOTIC: [8] Undefined index: type D:\phpStudy\WWW\22_cj\ThinkPHP\Library\Think\Model.class.php 第 1454 行.

[ 2018-05-17T09:48:37+08:00 ] 127.0.0.1 /api.php/Luck/makePic
NOTIC: [8] Undefined index: sign D:\phpStudy\WWW\22_cj\Application\Api\Controller\BaseController.class.php 第 93 行.
SQL: SHOW COLUMNS FROM `luck_config` [ RunTime:0.0070s ]
SQL: SELECT `type`,`name`,`value` FROM `luck_config` WHERE `status` = 1  [ RunTime:0.0010s ]
SQL: SHOW COLUMNS FROM `luck_prize` [ RunTime:0.0070s ]
SQL: SELECT * FROM `luck_prize` WHERE ( id="24" ) LIMIT 1   [ RunTime:0.0000s ]
SQL: SHOW COLUMNS FROM `luck_file` [ RunTime:0.0070s ]
NOTIC: [8] Undefined variable: driver D:\phpStudy\WWW\22_cj\Application\Common\Model\FileModel.class.php 第 43 行.
NOTIC: [2] Invalid argument supplied for foreach() D:\phpStudy\WWW\22_cj\ThinkPHP\Library\Think\Upload.class.php 第 242 行.

[ 2018-05-17T09:49:02+08:00 ] 127.0.0.1 /api.php/Luck/makePic
NOTIC: [8] Undefined index: sign D:\phpStudy\WWW\22_cj\Application\Api\Controller\BaseController.class.php 第 93 行.
SQL: SHOW COLUMNS FROM `luck_config` [ RunTime:0.0060s ]
SQL: SELECT `type`,`name`,`value` FROM `luck_config` WHERE `status` = 1  [ RunTime:0.0000s ]
SQL: SHOW COLUMNS FROM `luck_prize` [ RunTime:0.0070s ]
SQL: SELECT * FROM `luck_prize` WHERE ( id="24" ) LIMIT 1   [ RunTime:0.0000s ]
SQL: SHOW COLUMNS FROM `luck_file` [ RunTime:0.0070s ]
NOTIC: [8] Undefined variable: driver D:\phpStudy\WWW\22_cj\Application\Common\Model\FileModel.class.php 第 43 行.
NOTIC: [2] Invalid argument supplied for foreach() D:\phpStudy\WWW\22_cj\ThinkPHP\Library\Think\Upload.class.php 第 242 行.

[ 2018-05-17T09:49:28+08:00 ] 127.0.0.1 /api.php/Luck/makePic
NOTIC: [8] Undefined index: sign D:\phpStudy\WWW\22_cj\Application\Api\Controller\BaseController.class.php 第 93 行.
SQL: SHOW COLUMNS FROM `luck_config` [ RunTime:0.0070s ]
SQL: SELECT `type`,`name`,`value` FROM `luck_config` WHERE `status` = 1  [ RunTime:0.0010s ]
SQL: SHOW COLUMNS FROM `luck_prize` [ RunTime:0.0070s ]
SQL: SELECT * FROM `luck_prize` WHERE ( id="24" ) LIMIT 1   [ RunTime:0.0000s ]
SQL: UPDATE `luck_prize` SET `share_pic`='0' WHERE `id` = 0 [ RunTime:0.0010s ]

[ 2018-05-17T11:01:38+08:00 ] 10.0.20.87 /api.php/Luck/makePic?os_open_id=DBAD68CD-2061-C223-D6B8-1D7DE482917C&os_access_token=enyRTb5Z70MGkjVSD3xOrqhCUEsu96p4gfI2PLAm&pid=3
SQL: SHOW COLUMNS FROM `luck_member_openid` [ RunTime:0.0180s ]
SQL: SELECT * FROM `luck_member_openid` WHERE `open_id` = 'DBAD68CD-2061-C223-D6B8-1D7DE482917C' LIMIT 1   [ RunTime:0.0000s ]
NOTIC: [8] Undefined index: sign D:\phpStudy\WWW\22_cj\Application\Api\Controller\BaseController.class.php 第 93 行.
SQL: SHOW COLUMNS FROM `luck_config` [ RunTime:0.0130s ]
SQL: SELECT `type`,`name`,`value` FROM `luck_config` WHERE `status` = 1  [ RunTime:0.0000s ]
SQL: SHOW COLUMNS FROM `luck_prize` [ RunTime:0.0120s ]
SQL: SELECT * FROM `luck_prize` WHERE ( id="24" ) LIMIT 1   [ RunTime:0.0000s ]
SQL: UPDATE `luck_prize` SET `share_pic`='0' WHERE `id` = 0 [ RunTime:0.0000s ]

[ 2018-05-17T11:01:50+08:00 ] 10.0.20.87 /api.php/Luck/makePic?os_open_id=DBAD68CD-2061-C223-D6B8-1D7DE482917C&os_access_token=enyRTb5Z70MGkjVSD3xOrqhCUEsu96p4gfI2PLAm&pid=3
SQL: SHOW COLUMNS FROM `luck_member_openid` [ RunTime:0.0130s ]
SQL: SELECT * FROM `luck_member_openid` WHERE `open_id` = 'DBAD68CD-2061-C223-D6B8-1D7DE482917C' LIMIT 1   [ RunTime:0.0000s ]
NOTIC: [8] Undefined index: sign D:\phpStudy\WWW\22_cj\Application\Api\Controller\BaseController.class.php 第 93 行.
SQL: SHOW COLUMNS FROM `luck_config` [ RunTime:0.0120s ]
SQL: SELECT `type`,`name`,`value` FROM `luck_config` WHERE `status` = 1  [ RunTime:0.0010s ]
SQL: SHOW COLUMNS FROM `luck_prize` [ RunTime:0.0120s ]
SQL: SELECT * FROM `luck_prize` WHERE ( id="24" ) LIMIT 1   [ RunTime:0.0010s ]
SQL: UPDATE `luck_prize` SET `share_pic`='0' WHERE `id` = 0 [ RunTime:0.0000s ]

[ 2018-05-17T11:13:42+08:00 ] 127.0.0.1 /api.php/Luck/makePic
NOTIC: [8] Undefined index: sign D:\phpStudy\WWW\22_cj\Application\Api\Controller\BaseController.class.php 第 93 行.
SQL: SHOW COLUMNS FROM `luck_config` [ RunTime:0.0090s ]
SQL: SELECT `type`,`name`,`value` FROM `luck_config` WHERE `status` = 1  [ RunTime:0.0000s ]
SQL: SHOW COLUMNS FROM `luck_prize` [ RunTime:0.0090s ]
SQL: SELECT * FROM `luck_prize` WHERE ( id="12" ) LIMIT 1   [ RunTime:0.0010s ]
SQL: UPDATE `luck_prize` SET `share_pic`='0' WHERE `id` = 0 [ RunTime:0.0000s ]

[ 2018-05-17T11:18:24+08:00 ] 127.0.0.1 /api.php/Luck/makePic
NOTIC: [8] Undefined index: sign D:\phpStudy\WWW\22_cj\Application\Api\Controller\BaseController.class.php 第 93 行.
SQL: SHOW COLUMNS FROM `luck_config` [ RunTime:0.0080s ]
SQL: SELECT `type`,`name`,`value` FROM `luck_config` WHERE `status` = 1  [ RunTime:0.0010s ]
SQL: SHOW COLUMNS FROM `luck_prize` [ RunTime:0.0070s ]
SQL: SELECT * FROM `luck_prize` WHERE ( id="12" ) LIMIT 1   [ RunTime:0.0000s ]
SQL: UPDATE `luck_prize` SET `share_pic`='0' WHERE `id` = 0 [ RunTime:0.0000s ]

[ 2018-05-17T11:19:32+08:00 ] 127.0.0.1 /api.php/Luck/makePic
NOTIC: [8] Undefined index: sign D:\phpStudy\WWW\22_cj\Application\Api\Controller\BaseController.class.php 第 93 行.
SQL: SHOW COLUMNS FROM `luck_config` [ RunTime:0.0090s ]
SQL: SELECT `type`,`name`,`value` FROM `luck_config` WHERE `status` = 1  [ RunTime:0.0010s ]
SQL: SHOW COLUMNS FROM `luck_prize` [ RunTime:0.0080s ]
SQL: SELECT * FROM `luck_prize` WHERE ( id="12" ) LIMIT 1   [ RunTime:0.0010s ]

[ 2018-05-17T11:20:40+08:00 ] 127.0.0.1 /api.php/Luck/makePic
NOTIC: [8] Undefined index: sign D:\phpStudy\WWW\22_cj\Application\Api\Controller\BaseController.class.php 第 93 行.
SQL: SHOW COLUMNS FROM `luck_config` [ RunTime:0.0130s ]
SQL: SELECT `type`,`name`,`value` FROM `luck_config` WHERE `status` = 1  [ RunTime:0.0010s ]
SQL: SHOW COLUMNS FROM `luck_prize` [ RunTime:0.0120s ]
SQL: SELECT * FROM `luck_prize` WHERE ( id="12" ) LIMIT 1   [ RunTime:0.0000s ]

[ 2018-05-17T11:33:11+08:00 ] 127.0.0.1 /api.php/Luck/makePic
NOTIC: [8] Undefined index: sign D:\phpStudy\WWW\22_cj\Application\Api\Controller\BaseController.class.php 第 93 行.
SQL: SHOW COLUMNS FROM `luck_config` [ RunTime:0.0120s ]
SQL: SELECT `type`,`name`,`value` FROM `luck_config` WHERE `status` = 1  [ RunTime:0.0000s ]
SQL: SHOW COLUMNS FROM `luck_prize` [ RunTime:0.0150s ]
SQL: SELECT * FROM `luck_prize` WHERE ( id="12" ) LIMIT 1   [ RunTime:0.0010s ]

[ 2018-05-17T11:33:19+08:00 ] 127.0.0.1 /api.php/Luck/makePic
NOTIC: [8] Undefined index: sign D:\phpStudy\WWW\22_cj\Application\Api\Controller\BaseController.class.php 第 93 行.
SQL: SHOW COLUMNS FROM `luck_config` [ RunTime:0.0150s ]
SQL: SELECT `type`,`name`,`value` FROM `luck_config` WHERE `status` = 1  [ RunTime:0.0010s ]
SQL: SHOW COLUMNS FROM `luck_prize` [ RunTime:0.0140s ]
SQL: SELECT * FROM `luck_prize` WHERE ( id="12" ) LIMIT 1   [ RunTime:0.0010s ]
SQL: UPDATE `luck_prize` SET `share_pic`='0' WHERE `id` = 0 [ RunTime:0.0000s ]

[ 2018-05-17T11:41:20+08:00 ] 127.0.0.1 /api.php/Luck/makePic
NOTIC: [8] Undefined index: sign D:\phpStudy\WWW\22_cj\Application\Api\Controller\BaseController.class.php 第 93 行.
SQL: SHOW COLUMNS FROM `luck_config` [ RunTime:0.0100s ]
SQL: SELECT `type`,`name`,`value` FROM `luck_config` WHERE `status` = 1  [ RunTime:0.0000s ]
SQL: SHOW COLUMNS FROM `luck_prize` [ RunTime:0.0120s ]
SQL: SELECT * FROM `luck_prize` WHERE ( id="12" ) LIMIT 1   [ RunTime:0.0000s ]
SQL: UPDATE `luck_prize` SET `share_pic`='0' WHERE `id` = 0 [ RunTime:0.0010s ]

[ 2018-05-17T14:53:40+08:00 ] 127.0.0.1 /api.php/Luck/showPrize
NOTIC: [8] Undefined index: sign D:\phpStudy\WWW\22_cj\Application\Api\Controller\BaseController.class.php 第 93 行.
SQL: SHOW COLUMNS FROM `luck_config` [ RunTime:0.0110s ]
SQL: SELECT `type`,`name`,`value` FROM `luck_config` WHERE `status` = 1  [ RunTime:0.0010s ]
SQL: SHOW COLUMNS FROM `luck_prize` [ RunTime:0.0110s ]
SQL: SELECT * FROM `luck_prize` WHERE ( id="24" ) LIMIT 1   [ RunTime:0.0000s ]
SQL: SHOW COLUMNS FROM `luck_get_in` [ RunTime:0.0120s ]
SQL: SELECT `id` FROM `luck_get_in` WHERE `p_id` = 24 AND `user_id` = 12  [ RunTime:0.0000s ]
SQL: SELECT COUNT(*) AS tp_count FROM `luck_get_in` WHERE `p_id` = 24 AND `user_id` = 12 LIMIT 1   [ RunTime:0.0000s ]
SQL: SELECT `id` FROM `luck_get_in` WHERE `p_id` = 24 AND `user_id` = 12 AND `status` = 1  [ RunTime:0.0000s ]
SQL: SELECT COUNT(*) AS tp_count FROM `luck_get_in` WHERE `p_id` = 24 AND `user_id` = 12 AND `status` = 1 LIMIT 1   [ RunTime:0.0000s ]
SQL: SHOW COLUMNS FROM `luck_member` [ RunTime:0.0120s ]
SQL: SELECT `user_id` FROM `luck_get_in` WHERE `p_id` = 24 ORDER BY `id` desc LIMIT 0,7   [ RunTime:0.0000s ]
SQL: SELECT COUNT(*) AS tp_count FROM `luck_get_in` WHERE `p_id` = 24 LIMIT 1   [ RunTime:0.0000s ]
SQL: SELECT luck_member.thumb,luck_member.nickname,luck_member.uid FROM `luck_get_in` INNER JOIN luck_member ON luck_get_in.user_id = luck_member.uid  WHERE luck_get_in.status = 1 AND luck_get_in.p_id = 24  [ RunTime:0.0010s ]

[ 2018-05-17T14:55:50+08:00 ] 127.0.0.1 /api.php/Luck/showPrize
NOTIC: [8] Undefined index: sign D:\phpStudy\WWW\22_cj\Application\Api\Controller\BaseController.class.php 第 93 行.
SQL: SHOW COLUMNS FROM `luck_config` [ RunTime:0.0110s ]
SQL: SELECT `type`,`name`,`value` FROM `luck_config` WHERE `status` = 1  [ RunTime:0.0010s ]
SQL: SHOW COLUMNS FROM `luck_prize` [ RunTime:0.0110s ]
SQL: SELECT * FROM `luck_prize` WHERE ( id="24" ) LIMIT 1   [ RunTime:0.0000s ]

[ 2018-05-17T14:56:08+08:00 ] 127.0.0.1 /api.php/Luck/showPrize
NOTIC: [8] Undefined index: sign D:\phpStudy\WWW\22_cj\Application\Api\Controller\BaseController.class.php 第 93 行.
SQL: SHOW COLUMNS FROM `luck_config` [ RunTime:0.0110s ]
SQL: SELECT `type`,`name`,`value` FROM `luck_config` WHERE `status` = 1  [ RunTime:0.0010s ]
SQL: SHOW COLUMNS FROM `luck_prize` [ RunTime:0.0110s ]
SQL: SELECT * FROM `luck_prize` WHERE ( id="24" ) LIMIT 1   [ RunTime:0.0010s ]
SQL: SHOW COLUMNS FROM `luck_get_in` [ RunTime:0.0110s ]
SQL: SELECT `id` FROM `luck_get_in` WHERE `p_id` = 24 AND `user_id` = 12  [ RunTime:0.0010s ]
SQL: SELECT COUNT(*) AS tp_count FROM `luck_get_in` WHERE `p_id` = 24 AND `user_id` = 12 LIMIT 1   [ RunTime:0.0000s ]
SQL: SELECT `id` FROM `luck_get_in` WHERE `p_id` = 24 AND `user_id` = 12 AND `status` = 1  [ RunTime:0.0000s ]
SQL: SELECT COUNT(*) AS tp_count FROM `luck_get_in` WHERE `p_id` = 24 AND `user_id` = 12 AND `status` = 1 LIMIT 1   [ RunTime:0.0010s ]
SQL: SHOW COLUMNS FROM `luck_member` [ RunTime:0.0110s ]
SQL: SELECT `user_id` FROM `luck_get_in` WHERE `p_id` = 24 ORDER BY `id` desc LIMIT 0,7   [ RunTime:0.0010s ]
SQL: SELECT COUNT(*) AS tp_count FROM `luck_get_in` WHERE `p_id` = 24 LIMIT 1   [ RunTime:0.0000s ]
SQL: SELECT luck_member.thumb,luck_member.nickname,luck_member.uid FROM `luck_get_in` INNER JOIN luck_member ON luck_get_in.user_id = luck_member.uid  WHERE luck_get_in.status = 1 AND luck_get_in.p_id = 24  [ RunTime:0.0000s ]

[ 2018-05-17T14:56:19+08:00 ] 127.0.0.1 /api.php/Luck/showPrize
NOTIC: [8] Undefined index: sign D:\phpStudy\WWW\22_cj\Application\Api\Controller\BaseController.class.php 第 93 行.
SQL: SHOW COLUMNS FROM `luck_config` [ RunTime:0.0110s ]
SQL: SELECT `type`,`name`,`value` FROM `luck_config` WHERE `status` = 1  [ RunTime:0.0000s ]
SQL: SHOW COLUMNS FROM `luck_prize` [ RunTime:0.0110s ]
SQL: SELECT * FROM `luck_prize` WHERE ( id="24" ) LIMIT 1   [ RunTime:0.0010s ]
SQL: SHOW COLUMNS FROM `luck_get_in` [ RunTime:0.0110s ]
SQL: SELECT `id` FROM `luck_get_in` WHERE `p_id` = 24 AND `user_id` = 12  [ RunTime:0.0000s ]
SQL: SELECT COUNT(*) AS tp_count FROM `luck_get_in` WHERE `p_id` = 24 AND `user_id` = 12 LIMIT 1   [ RunTime:0.0000s ]
SQL: SELECT `id` FROM `luck_get_in` WHERE `p_id` = 24 AND `user_id` = 12 AND `status` = 1  [ RunTime:0.0010s ]
SQL: SELECT COUNT(*) AS tp_count FROM `luck_get_in` WHERE `p_id` = 24 AND `user_id` = 12 AND `status` = 1 LIMIT 1   [ RunTime:0.0000s ]
SQL: SHOW COLUMNS FROM `luck_member` [ RunTime:0.0120s ]
SQL: SELECT `user_id` FROM `luck_get_in` WHERE `p_id` = 24 ORDER BY `id` desc LIMIT 0,7   [ RunTime:0.0000s ]
SQL: SELECT COUNT(*) AS tp_count FROM `luck_get_in` WHERE `p_id` = 24 LIMIT 1   [ RunTime:0.0000s ]
SQL: SELECT luck_member.thumb,luck_member.nickname,luck_member.uid FROM `luck_get_in` INNER JOIN luck_member ON luck_get_in.user_id = luck_member.uid  WHERE luck_get_in.status = 1 AND luck_get_in.p_id = 24  [ RunTime:0.0000s ]

[ 2018-05-17T15:50:44+08:00 ] 127.0.0.1 /api.php/Luck/showLuckAddr
NOTIC: [8] Undefined index: sign D:\phpStudy\WWW\22_cj\Application\Api\Controller\BaseController.class.php 第 93 行.
SQL: SHOW COLUMNS FROM `luck_config` [ RunTime:0.0100s ]
SQL: SELECT `type`,`name`,`value` FROM `luck_config` WHERE `status` = 1  [ RunTime:0.0000s ]
SQL: SHOW COLUMNS FROM `luck_get_in` [ RunTime:0.0090s ]
SQL: SELECT luck_member.thumb,luck_member.nickname,luck_member.uid FROM `luck_get_in` INNER JOIN luck_member ON luck_get_in.user_id = luck_member.uid  WHERE luck_get_in.status = 1 AND luck_get_in.p_id = '24'  [ RunTime:0.0010s ]
SQL: SHOW COLUMNS FROM `luck_address` [ RunTime:0.0080s ]
SQL: SHOW COLUMNS FROM `luck_member` [ RunTime:0.0090s ]

[ 2018-05-17T15:50:48+08:00 ] 127.0.0.1 /api.php/Luck/showLuckAddr
NOTIC: [8] Undefined index: sign D:\phpStudy\WWW\22_cj\Application\Api\Controller\BaseController.class.php 第 93 行.
SQL: SHOW COLUMNS FROM `luck_config` [ RunTime:0.0110s ]
SQL: SELECT `type`,`name`,`value` FROM `luck_config` WHERE `status` = 1  [ RunTime:0.0000s ]
SQL: SHOW COLUMNS FROM `luck_get_in` [ RunTime:0.0100s ]
SQL: SELECT luck_member.thumb,luck_member.nickname,luck_member.uid FROM `luck_get_in` INNER JOIN luck_member ON luck_get_in.user_id = luck_member.uid  WHERE luck_get_in.status = 1 AND luck_get_in.p_id = '12'  [ RunTime:0.0000s ]
SQL: SHOW COLUMNS FROM `luck_address` [ RunTime:0.0090s ]
SQL: SHOW COLUMNS FROM `luck_member` [ RunTime:0.0090s ]

[ 2018-05-17T15:51:17+08:00 ] 127.0.0.1 /api.php/Luck/showLuckAddr
NOTIC: [8] Undefined index: sign D:\phpStudy\WWW\22_cj\Application\Api\Controller\BaseController.class.php 第 93 行.
SQL: SHOW COLUMNS FROM `luck_config` [ RunTime:0.0070s ]
SQL: SELECT `type`,`name`,`value` FROM `luck_config` WHERE `status` = 1  [ RunTime:0.0000s ]
SQL: SHOW COLUMNS FROM `luck_get_in` [ RunTime:0.0070s ]
SQL: SELECT luck_member.thumb,luck_member.nickname,luck_member.uid FROM `luck_get_in` INNER JOIN luck_member ON luck_get_in.user_id = luck_member.uid  WHERE luck_get_in.status = 1 AND luck_get_in.p_id = '3'  [ RunTime:0.0000s ]
SQL: SHOW COLUMNS FROM `luck_address` [ RunTime:0.0070s ]
SQL: SHOW COLUMNS FROM `luck_member` [ RunTime:0.0080s ]

[ 2018-05-17T15:51:21+08:00 ] 127.0.0.1 /api.php/Luck/showLuckAddr
NOTIC: [8] Undefined index: sign D:\phpStudy\WWW\22_cj\Application\Api\Controller\BaseController.class.php 第 93 行.
SQL: SHOW COLUMNS FROM `luck_config` [ RunTime:0.0070s ]
SQL: SELECT `type`,`name`,`value` FROM `luck_config` WHERE `status` = 1  [ RunTime:0.0010s ]
SQL: SHOW COLUMNS FROM `luck_get_in` [ RunTime:0.0070s ]
SQL: SELECT luck_member.thumb,luck_member.nickname,luck_member.uid FROM `luck_get_in` INNER JOIN luck_member ON luck_get_in.user_id = luck_member.uid  WHERE luck_get_in.status = 1 AND luck_get_in.p_id = '1'  [ RunTime:0.0010s ]
SQL: SHOW COLUMNS FROM `luck_address` [ RunTime:0.0070s ]
SQL: SHOW COLUMNS FROM `luck_member` [ RunTime:0.0080s ]

[ 2018-05-17T15:51:27+08:00 ] 127.0.0.1 /api.php/Luck/showLuckAddr
NOTIC: [8] Undefined index: sign D:\phpStudy\WWW\22_cj\Application\Api\Controller\BaseController.class.php 第 93 行.
SQL: SHOW COLUMNS FROM `luck_config` [ RunTime:0.0080s ]
SQL: SELECT `type`,`name`,`value` FROM `luck_config` WHERE `status` = 1  [ RunTime:0.0010s ]
SQL: SHOW COLUMNS FROM `luck_get_in` [ RunTime:0.0070s ]
SQL: SELECT luck_member.thumb,luck_member.nickname,luck_member.uid FROM `luck_get_in` INNER JOIN luck_member ON luck_get_in.user_id = luck_member.uid  WHERE luck_get_in.status = 1 AND luck_get_in.p_id = '11'  [ RunTime:0.0000s ]
SQL: SHOW COLUMNS FROM `luck_address` [ RunTime:0.0080s ]
SQL: SHOW COLUMNS FROM `luck_member` [ RunTime:0.0080s ]

[ 2018-05-17T15:51:31+08:00 ] 127.0.0.1 /api.php/Luck/showLuckAddr
NOTIC: [8] Undefined index: sign D:\phpStudy\WWW\22_cj\Application\Api\Controller\BaseController.class.php 第 93 行.
SQL: SHOW COLUMNS FROM `luck_config` [ RunTime:0.0080s ]
SQL: SELECT `type`,`name`,`value` FROM `luck_config` WHERE `status` = 1  [ RunTime:0.0000s ]
SQL: SHOW COLUMNS FROM `luck_get_in` [ RunTime:0.0080s ]
SQL: SELECT luck_member.thumb,luck_member.nickname,luck_member.uid FROM `luck_get_in` INNER JOIN luck_member ON luck_get_in.user_id = luck_member.uid  WHERE luck_get_in.status = 1 AND luck_get_in.p_id = '12'  [ RunTime:0.0010s ]
SQL: SHOW COLUMNS FROM `luck_address` [ RunTime:0.0080s ]
SQL: SHOW COLUMNS FROM `luck_member` [ RunTime:0.0080s ]

[ 2018-05-17T15:51:39+08:00 ] 127.0.0.1 /api.php/Luck/showLuckAddr
NOTIC: [8] Undefined index: sign D:\phpStudy\WWW\22_cj\Application\Api\Controller\BaseController.class.php 第 93 行.
SQL: SHOW COLUMNS FROM `luck_config` [ RunTime:0.0070s ]
SQL: SELECT `type`,`name`,`value` FROM `luck_config` WHERE `status` = 1  [ RunTime:0.0000s ]
SQL: SHOW COLUMNS FROM `luck_get_in` [ RunTime:0.0080s ]
SQL: SELECT luck_member.thumb,luck_member.nickname,luck_member.uid FROM `luck_get_in` INNER JOIN luck_member ON luck_get_in.user_id = luck_member.uid  WHERE luck_get_in.status = 1 AND luck_get_in.p_id = '6'  [ RunTime:0.0000s ]
SQL: SHOW COLUMNS FROM `luck_address` [ RunTime:0.0080s ]
SQL: SHOW COLUMNS FROM `luck_member` [ RunTime:0.0080s ]
SQL: SELECT `province`,`city`,`area`,`address`,`is_set`,`mobile`,`accept_name` FROM `luck_address` WHERE `user_id` = 12 AND `p_id` = 6 LIMIT 1   [ RunTime:0.0000s ]
SQL: SELECT * FROM `luck_member` WHERE ( uid=12 ) LIMIT 1   [ RunTime:0.0010s ]

[ 2018-05-17T16:03:38+08:00 ] 10.0.20.87 /api.php/Luck/getSponsor?os_open_id=DBAD68CD-2061-C223-D6B8-1D7DE482917C&os_access_token=enyRTb5Z70MGkjVSD3xOrqhCUEsu96p4gfI2PLAm
SQL: SHOW COLUMNS FROM `luck_member_openid` [ RunTime:0.0080s ]
SQL: SELECT * FROM `luck_member_openid` WHERE `open_id` = 'DBAD68CD-2061-C223-D6B8-1D7DE482917C' LIMIT 1   [ RunTime:0.0000s ]
NOTIC: [8] Undefined index: sign D:\phpStudy\WWW\22_cj\Application\Api\Controller\BaseController.class.php 第 93 行.
SQL: SHOW COLUMNS FROM `luck_config` [ RunTime:0.0080s ]
SQL: SELECT `type`,`name`,`value` FROM `luck_config` WHERE `status` = 1  [ RunTime:0.0000s ]
SQL: SHOW COLUMNS FROM `luck_prize` [ RunTime:0.0080s ]
SQL: SELECT `id`,`thumb`,`name`,`num`,`open_type`,`open_time`,`open_num`,`sponsor`,`status`,`team_enable` FROM `luck_prize` WHERE `user_id` = 0 AND (  open_time>=1526544218 ) ORDER BY `sort` asc LIMIT 0,10   [ RunTime:0.0000s ]
SQL: SELECT COUNT(*) AS tp_count FROM `luck_prize` WHERE `user_id` = 0 AND (  open_time>=1526544218 ) LIMIT 1   [ RunTime:0.0010s ]
SQL: SHOW COLUMNS FROM `luck_get_in` [ RunTime:0.0070s ]
SQL: SELECT `id` FROM `luck_get_in` WHERE `p_id` = 3 AND `user_id` = 12  [ RunTime:0.0000s ]
SQL: SELECT COUNT(*) AS tp_count FROM `luck_get_in` WHERE `p_id` = 3 AND `user_id` = 12 LIMIT 1   [ RunTime:0.0010s ]
SQL: SELECT `id` FROM `luck_get_in` WHERE `p_id` = 4 AND `user_id` = 12  [ RunTime:0.0000s ]
SQL: SELECT COUNT(*) AS tp_count FROM `luck_get_in` WHERE `p_id` = 4 AND `user_id` = 12 LIMIT 1   [ RunTime:0.0000s ]
SQL: SELECT `id` FROM `luck_get_in` WHERE `p_id` = 5 AND `user_id` = 12  [ RunTime:0.0010s ]
SQL: SELECT COUNT(*) AS tp_count FROM `luck_get_in` WHERE `p_id` = 5 AND `user_id` = 12 LIMIT 1   [ RunTime:0.0000s ]
SQL: SELECT `id` FROM `luck_get_in` WHERE `p_id` = 6 AND `user_id` = 12  [ RunTime:0.0000s ]
SQL: SELECT COUNT(*) AS tp_count FROM `luck_get_in` WHERE `p_id` = 6 AND `user_id` = 12 LIMIT 1   [ RunTime:0.0000s ]
SQL: SELECT `id` FROM `luck_get_in` WHERE `p_id` = 10 AND `user_id` = 12  [ RunTime:0.0000s ]
SQL: SELECT COUNT(*) AS tp_count FROM `luck_get_in` WHERE `p_id` = 10 AND `user_id` = 12 LIMIT 1   [ RunTime:0.0000s ]
SQL: SELECT `id` FROM `luck_get_in` WHERE `p_id` = 1 AND `user_id` = 12  [ RunTime:0.0000s ]
SQL: SELECT COUNT(*) AS tp_count FROM `luck_get_in` WHERE `p_id` = 1 AND `user_id` = 12 LIMIT 1   [ RunTime:0.0010s ]
SQL: SELECT `id` FROM `luck_get_in` WHERE `p_id` = 2 AND `user_id` = 12  [ RunTime:0.0000s ]
SQL: SELECT COUNT(*) AS tp_count FROM `luck_get_in` WHERE `p_id` = 2 AND `user_id` = 12 LIMIT 1   [ RunTime:0.0000s ]

[ 2018-05-17T16:03:40+08:00 ] 10.0.20.87 /api.php/Luck/getMyInfo?os_open_id=DBAD68CD-2061-C223-D6B8-1D7DE482917C&os_access_token=enyRTb5Z70MGkjVSD3xOrqhCUEsu96p4gfI2PLAm
SQL: SHOW COLUMNS FROM `luck_member_openid` [ RunTime:0.0080s ]
SQL: SELECT * FROM `luck_member_openid` WHERE `open_id` = 'DBAD68CD-2061-C223-D6B8-1D7DE482917C' LIMIT 1   [ RunTime:0.0010s ]
NOTIC: [8] Undefined index: sign D:\phpStudy\WWW\22_cj\Application\Api\Controller\BaseController.class.php 第 93 行.
SQL: SHOW COLUMNS FROM `luck_config` [ RunTime:0.0070s ]
SQL: SELECT `type`,`name`,`value` FROM `luck_config` WHERE `status` = 1  [ RunTime:0.0000s ]
SQL: SHOW COLUMNS FROM `luck_member` [ RunTime:0.0080s ]
SQL: SELECT * FROM `luck_member` WHERE ( uid=12 ) LIMIT 1   [ RunTime:0.0000s ]
SQL: SHOW COLUMNS FROM `luck_get_in` [ RunTime:0.0070s ]
SQL: SELECT count(id) as c FROM `luck_get_in` WHERE `user_id` = 12 LIMIT 1   [ RunTime:0.0000s ]
SQL: SHOW COLUMNS FROM `luck_prize` [ RunTime:0.0070s ]
SQL: SELECT count(id) as c FROM `luck_prize` WHERE `user_id` = 12 LIMIT 1   [ RunTime:0.0000s ]
SQL: SELECT count(id) as c FROM `luck_get_in` WHERE `user_id` = 12 AND `status` = 1 LIMIT 1   [ RunTime:0.0000s ]

[ 2018-05-17T16:03:41+08:00 ] 10.0.20.87 /api.php/Luck/prizeLaunch?os_open_id=DBAD68CD-2061-C223-D6B8-1D7DE482917C&os_access_token=enyRTb5Z70MGkjVSD3xOrqhCUEsu96p4gfI2PLAm&page_no=1&page_size=10
SQL: SHOW COLUMNS FROM `luck_member_openid` [ RunTime:0.0070s ]
SQL: SELECT * FROM `luck_member_openid` WHERE `open_id` = 'DBAD68CD-2061-C223-D6B8-1D7DE482917C' LIMIT 1   [ RunTime:0.0010s ]
NOTIC: [8] Undefined index: sign D:\phpStudy\WWW\22_cj\Application\Api\Controller\BaseController.class.php 第 93 行.
SQL: SHOW COLUMNS FROM `luck_config` [ RunTime:0.0070s ]
SQL: SELECT `type`,`name`,`value` FROM `luck_config` WHERE `status` = 1  [ RunTime:0.0010s ]
SQL: SHOW COLUMNS FROM `luck_prize` [ RunTime:0.0070s ]
SQL: SELECT `id`,`type`,`thumb`,`name`,`num`,`open_type`,`open_time`,`open_num`,`sponsor`,`status`,`team_enable` FROM `luck_prize` WHERE `user_id` = 12 ORDER BY `id` desc LIMIT 0,10   [ RunTime:0.0010s ]
SQL: SELECT COUNT(*) AS tp_count FROM `luck_prize` WHERE `user_id` = 12 LIMIT 1   [ RunTime:0.0000s ]

[ 2018-05-17T16:03:42+08:00 ] 10.0.20.87 /api.php/Luck/showPrize?os_open_id=DBAD68CD-2061-C223-D6B8-1D7DE482917C&os_access_token=enyRTb5Z70MGkjVSD3xOrqhCUEsu96p4gfI2PLAm&pid=24
SQL: SHOW COLUMNS FROM `luck_member_openid` [ RunTime:0.0090s ]
SQL: SELECT * FROM `luck_member_openid` WHERE `open_id` = 'DBAD68CD-2061-C223-D6B8-1D7DE482917C' LIMIT 1   [ RunTime:0.0010s ]
NOTIC: [8] Undefined index: sign D:\phpStudy\WWW\22_cj\Application\Api\Controller\BaseController.class.php 第 93 行.
SQL: SHOW COLUMNS FROM `luck_config` [ RunTime:0.0070s ]
SQL: SELECT `type`,`name`,`value` FROM `luck_config` WHERE `status` = 1  [ RunTime:0.0010s ]
SQL: SHOW COLUMNS FROM `luck_prize` [ RunTime:0.0210s ]
SQL: SELECT * FROM `luck_prize` WHERE ( id="24" ) LIMIT 1   [ RunTime:0.0000s ]
SQL: SHOW COLUMNS FROM `luck_get_in` [ RunTime:0.0070s ]
SQL: SELECT `id` FROM `luck_get_in` WHERE `p_id` = 24 AND `user_id` = 12  [ RunTime:0.0000s ]
SQL: SELECT COUNT(*) AS tp_count FROM `luck_get_in` WHERE `p_id` = 24 AND `user_id` = 12 LIMIT 1   [ RunTime:0.0000s ]
SQL: SELECT `id` FROM `luck_get_in` WHERE `p_id` = 24 AND `user_id` = 12 AND `status` = 1  [ RunTime:0.0000s ]
SQL: SELECT COUNT(*) AS tp_count FROM `luck_get_in` WHERE `p_id` = 24 AND `user_id` = 12 AND `status` = 1 LIMIT 1   [ RunTime:0.0000s ]
SQL: SHOW COLUMNS FROM `luck_member` [ RunTime:0.0110s ]
SQL: SELECT `user_id` FROM `luck_get_in` WHERE `p_id` = 24 ORDER BY `id` desc LIMIT 0,7   [ RunTime:0.0000s ]
SQL: SELECT COUNT(*) AS tp_count FROM `luck_get_in` WHERE `p_id` = 24 LIMIT 1   [ RunTime:0.0010s ]
SQL: SELECT luck_member.thumb,luck_member.nickname,luck_member.uid FROM `luck_get_in` INNER JOIN luck_member ON luck_get_in.user_id = luck_member.uid  WHERE luck_get_in.status = 1 AND luck_get_in.p_id = 24  [ RunTime:0.0000s ]

[ 2018-05-17T16:03:43+08:00 ] 10.0.20.87 /api.php/Luck/showLuckAddr?os_open_id=DBAD68CD-2061-C223-D6B8-1D7DE482917C&os_access_token=enyRTb5Z70MGkjVSD3xOrqhCUEsu96p4gfI2PLAm&pid=24
SQL: SHOW COLUMNS FROM `luck_member_openid` [ RunTime:0.0220s ]
SQL: SELECT * FROM `luck_member_openid` WHERE `open_id` = 'DBAD68CD-2061-C223-D6B8-1D7DE482917C' LIMIT 1   [ RunTime:0.0010s ]
NOTIC: [8] Undefined index: sign D:\phpStudy\WWW\22_cj\Application\Api\Controller\BaseController.class.php 第 93 行.
SQL: SHOW COLUMNS FROM `luck_config` [ RunTime:0.0100s ]
SQL: SELECT `type`,`name`,`value` FROM `luck_config` WHERE `status` = 1  [ RunTime:0.0000s ]
SQL: SHOW COLUMNS FROM `luck_get_in` [ RunTime:0.0070s ]
SQL: SELECT luck_member.thumb,luck_member.nickname,luck_member.uid FROM `luck_get_in` INNER JOIN luck_member ON luck_get_in.user_id = luck_member.uid  WHERE luck_get_in.status = 1 AND luck_get_in.p_id = '24'  [ RunTime:0.0010s ]
SQL: SHOW COLUMNS FROM `luck_address` [ RunTime:0.0070s ]
SQL: SHOW COLUMNS FROM `luck_member` [ RunTime:0.0070s ]

[ 2018-05-17T16:03:46+08:00 ] 10.0.20.87 /api.php/Luck/showPrize?os_open_id=DBAD68CD-2061-C223-D6B8-1D7DE482917C&os_access_token=enyRTb5Z70MGkjVSD3xOrqhCUEsu96p4gfI2PLAm&pid=22
SQL: SHOW COLUMNS FROM `luck_member_openid` [ RunTime:0.0080s ]
SQL: SELECT * FROM `luck_member_openid` WHERE `open_id` = 'DBAD68CD-2061-C223-D6B8-1D7DE482917C' LIMIT 1   [ RunTime:0.0000s ]
NOTIC: [8] Undefined index: sign D:\phpStudy\WWW\22_cj\Application\Api\Controller\BaseController.class.php 第 93 行.
SQL: SHOW COLUMNS FROM `luck_config` [ RunTime:0.0070s ]
SQL: SELECT `type`,`name`,`value` FROM `luck_config` WHERE `status` = 1  [ RunTime:0.0010s ]
SQL: SHOW COLUMNS FROM `luck_prize` [ RunTime:0.0080s ]
NOTIC: [2] unlink(./Runtime/Temp/prize_61df9cc247ddffe78e4352a46a0833b1.php): No such file or directory D:\phpStudy\WWW\22_cj\ThinkPHP\Library\Think\Cache\Driver\File.class.php 第 170 行.
SQL: SELECT * FROM `luck_prize` WHERE ( id="22" ) LIMIT 1   [ RunTime:0.0000s ]
SQL: SHOW COLUMNS FROM `luck_get_in` [ RunTime:0.0070s ]
SQL: SELECT `id` FROM `luck_get_in` WHERE `p_id` = 22 AND `user_id` = 12  [ RunTime:0.0000s ]
SQL: SELECT COUNT(*) AS tp_count FROM `luck_get_in` WHERE `p_id` = 22 AND `user_id` = 12 LIMIT 1   [ RunTime:0.0000s ]
SQL: SELECT `id` FROM `luck_get_in` WHERE `p_id` = 22 AND `user_id` = 12 AND `status` = 1  [ RunTime:0.0000s ]
SQL: SELECT COUNT(*) AS tp_count FROM `luck_get_in` WHERE `p_id` = 22 AND `user_id` = 12 AND `status` = 1 LIMIT 1   [ RunTime:0.0000s ]
SQL: SHOW COLUMNS FROM `luck_member` [ RunTime:0.0090s ]
SQL: SELECT `user_id` FROM `luck_get_in` WHERE `p_id` = 22 ORDER BY `id` desc LIMIT 0,7   [ RunTime:0.0000s ]
SQL: SELECT COUNT(*) AS tp_count FROM `luck_get_in` WHERE `p_id` = 22 LIMIT 1   [ RunTime:0.0010s ]
SQL: SELECT luck_member.thumb,luck_member.nickname,luck_member.uid FROM `luck_get_in` INNER JOIN luck_member ON luck_get_in.user_id = luck_member.uid  WHERE luck_get_in.status = 1 AND luck_get_in.p_id = 22  [ RunTime:0.0000s ]

[ 2018-05-17T16:03:46+08:00 ] 10.0.20.87 /api.php/Luck/showLuckAddr?os_open_id=DBAD68CD-2061-C223-D6B8-1D7DE482917C&os_access_token=enyRTb5Z70MGkjVSD3xOrqhCUEsu96p4gfI2PLAm&pid=22
SQL: SHOW COLUMNS FROM `luck_member_openid` [ RunTime:0.0080s ]
SQL: SELECT * FROM `luck_member_openid` WHERE `open_id` = 'DBAD68CD-2061-C223-D6B8-1D7DE482917C' LIMIT 1   [ RunTime:0.0000s ]
NOTIC: [8] Undefined index: sign D:\phpStudy\WWW\22_cj\Application\Api\Controller\BaseController.class.php 第 93 行.
SQL: SHOW COLUMNS FROM `luck_config` [ RunTime:0.0070s ]
SQL: SELECT `type`,`name`,`value` FROM `luck_config` WHERE `status` = 1  [ RunTime:0.0010s ]
SQL: SHOW COLUMNS FROM `luck_get_in` [ RunTime:0.0070s ]
SQL: SELECT luck_member.thumb,luck_member.nickname,luck_member.uid FROM `luck_get_in` INNER JOIN luck_member ON luck_get_in.user_id = luck_member.uid  WHERE luck_get_in.status = 1 AND luck_get_in.p_id = '22'  [ RunTime:0.0000s ]
SQL: SHOW COLUMNS FROM `luck_address` [ RunTime:0.0070s ]
SQL: SHOW COLUMNS FROM `luck_member` [ RunTime:0.0070s ]

[ 2018-05-17T16:03:50+08:00 ] 10.0.20.87 /api.php/Luck/showPrize?os_open_id=DBAD68CD-2061-C223-D6B8-1D7DE482917C&os_access_token=enyRTb5Z70MGkjVSD3xOrqhCUEsu96p4gfI2PLAm&pid=20
SQL: SHOW COLUMNS FROM `luck_member_openid` [ RunTime:0.0080s ]
SQL: SELECT * FROM `luck_member_openid` WHERE `open_id` = 'DBAD68CD-2061-C223-D6B8-1D7DE482917C' LIMIT 1   [ RunTime:0.0000s ]
NOTIC: [8] Undefined index: sign D:\phpStudy\WWW\22_cj\Application\Api\Controller\BaseController.class.php 第 93 行.
SQL: SHOW COLUMNS FROM `luck_config` [ RunTime:0.0070s ]
SQL: SELECT `type`,`name`,`value` FROM `luck_config` WHERE `status` = 1  [ RunTime:0.0010s ]
SQL: SHOW COLUMNS FROM `luck_prize` [ RunTime:0.0080s ]
NOTIC: [2] unlink(./Runtime/Temp/prize_58b2a6bbbf5a7283a55a787dfd2f0e23.php): No such file or directory D:\phpStudy\WWW\22_cj\ThinkPHP\Library\Think\Cache\Driver\File.class.php 第 170 行.
SQL: SELECT * FROM `luck_prize` WHERE ( id="20" ) LIMIT 1   [ RunTime:0.0000s ]
SQL: SHOW COLUMNS FROM `luck_get_in` [ RunTime:0.0100s ]
SQL: SELECT `id` FROM `luck_get_in` WHERE `p_id` = 20 AND `user_id` = 12  [ RunTime:0.0010s ]
SQL: SELECT COUNT(*) AS tp_count FROM `luck_get_in` WHERE `p_id` = 20 AND `user_id` = 12 LIMIT 1   [ RunTime:0.0000s ]
SQL: SELECT `id` FROM `luck_get_in` WHERE `p_id` = 20 AND `user_id` = 12 AND `status` = 1  [ RunTime:0.0000s ]
SQL: SELECT COUNT(*) AS tp_count FROM `luck_get_in` WHERE `p_id` = 20 AND `user_id` = 12 AND `status` = 1 LIMIT 1   [ RunTime:0.0010s ]
SQL: SHOW COLUMNS FROM `luck_member` [ RunTime:0.0110s ]
SQL: SELECT `user_id` FROM `luck_get_in` WHERE `p_id` = 20 ORDER BY `id` desc LIMIT 0,7   [ RunTime:0.0000s ]
SQL: SELECT COUNT(*) AS tp_count FROM `luck_get_in` WHERE `p_id` = 20 LIMIT 1   [ RunTime:0.0000s ]
SQL: SELECT luck_member.thumb,luck_member.nickname,luck_member.uid FROM `luck_get_in` INNER JOIN luck_member ON luck_get_in.user_id = luck_member.uid  WHERE luck_get_in.status = 1 AND luck_get_in.p_id = 20  [ RunTime:0.0000s ]

[ 2018-05-17T16:03:50+08:00 ] 10.0.20.87 /api.php/Luck/showLuckAddr?os_open_id=DBAD68CD-2061-C223-D6B8-1D7DE482917C&os_access_token=enyRTb5Z70MGkjVSD3xOrqhCUEsu96p4gfI2PLAm&pid=20
SQL: SHOW COLUMNS FROM `luck_member_openid` [ RunTime:0.0110s ]
SQL: SELECT * FROM `luck_member_openid` WHERE `open_id` = 'DBAD68CD-2061-C223-D6B8-1D7DE482917C' LIMIT 1   [ RunTime:0.0010s ]
NOTIC: [8] Undefined index: sign D:\phpStudy\WWW\22_cj\Application\Api\Controller\BaseController.class.php 第 93 行.
SQL: SHOW COLUMNS FROM `luck_config` [ RunTime:0.0100s ]
SQL: SELECT `type`,`name`,`value` FROM `luck_config` WHERE `status` = 1  [ RunTime:0.0000s ]
SQL: SHOW COLUMNS FROM `luck_get_in` [ RunTime:0.0070s ]
SQL: SELECT luck_member.thumb,luck_member.nickname,luck_member.uid FROM `luck_get_in` INNER JOIN luck_member ON luck_get_in.user_id = luck_member.uid  WHERE luck_get_in.status = 1 AND luck_get_in.p_id = '20'  [ RunTime:0.0010s ]
SQL: SHOW COLUMNS FROM `luck_address` [ RunTime:0.0070s ]
SQL: SHOW COLUMNS FROM `luck_member` [ RunTime:0.0070s ]

[ 2018-05-17T16:03:58+08:00 ] 10.0.20.87 /api.php/Luck/showPrize?os_open_id=DBAD68CD-2061-C223-D6B8-1D7DE482917C&os_access_token=enyRTb5Z70MGkjVSD3xOrqhCUEsu96p4gfI2PLAm&pid=17
SQL: SHOW COLUMNS FROM `luck_member_openid` [ RunTime:0.0080s ]
SQL: SELECT * FROM `luck_member_openid` WHERE `open_id` = 'DBAD68CD-2061-C223-D6B8-1D7DE482917C' LIMIT 1   [ RunTime:0.0010s ]
NOTIC: [8] Undefined index: sign D:\phpStudy\WWW\22_cj\Application\Api\Controller\BaseController.class.php 第 93 行.
SQL: SHOW COLUMNS FROM `luck_config` [ RunTime:0.0080s ]
SQL: SELECT `type`,`name`,`value` FROM `luck_config` WHERE `status` = 1  [ RunTime:0.0000s ]
SQL: SHOW COLUMNS FROM `luck_prize` [ RunTime:0.0080s ]
NOTIC: [2] unlink(./Runtime/Temp/prize_fb916a621fedca49c4a28d9d9da665ea.php): No such file or directory D:\phpStudy\WWW\22_cj\ThinkPHP\Library\Think\Cache\Driver\File.class.php 第 170 行.
SQL: SELECT * FROM `luck_prize` WHERE ( id="17" ) LIMIT 1   [ RunTime:0.0000s ]
SQL: SHOW COLUMNS FROM `luck_get_in` [ RunTime:0.0140s ]
SQL: SELECT `id` FROM `luck_get_in` WHERE `p_id` = 17 AND `user_id` = 12  [ RunTime:0.0010s ]
SQL: SELECT COUNT(*) AS tp_count FROM `luck_get_in` WHERE `p_id` = 17 AND `user_id` = 12 LIMIT 1   [ RunTime:0.0000s ]
SQL: SELECT `id` FROM `luck_get_in` WHERE `p_id` = 17 AND `user_id` = 12 AND `status` = 1  [ RunTime:0.0000s ]
SQL: SELECT COUNT(*) AS tp_count FROM `luck_get_in` WHERE `p_id` = 17 AND `user_id` = 12 AND `status` = 1 LIMIT 1   [ RunTime:0.0000s ]
SQL: SHOW COLUMNS FROM `luck_member` [ RunTime:0.0110s ]
SQL: SELECT `user_id` FROM `luck_get_in` WHERE `p_id` = 17 ORDER BY `id` desc LIMIT 0,7   [ RunTime:0.0000s ]
SQL: SELECT COUNT(*) AS tp_count FROM `luck_get_in` WHERE `p_id` = 17 LIMIT 1   [ RunTime:0.0010s ]
SQL: SELECT luck_member.thumb,luck_member.nickname,luck_member.uid FROM `luck_get_in` INNER JOIN luck_member ON luck_get_in.user_id = luck_member.uid  WHERE luck_get_in.status = 1 AND luck_get_in.p_id = 17  [ RunTime:0.0000s ]

[ 2018-05-17T16:03:58+08:00 ] 10.0.20.87 /api.php/Luck/showLuckAddr?os_open_id=DBAD68CD-2061-C223-D6B8-1D7DE482917C&os_access_token=enyRTb5Z70MGkjVSD3xOrqhCUEsu96p4gfI2PLAm&pid=17
SQL: SHOW COLUMNS FROM `luck_member_openid` [ RunTime:0.0130s ]
SQL: SELECT * FROM `luck_member_openid` WHERE `open_id` = 'DBAD68CD-2061-C223-D6B8-1D7DE482917C' LIMIT 1   [ RunTime:0.0010s ]
NOTIC: [8] Undefined index: sign D:\phpStudy\WWW\22_cj\Application\Api\Controller\BaseController.class.php 第 93 行.
SQL: SHOW COLUMNS FROM `luck_config` [ RunTime:0.0120s ]
SQL: SELECT `type`,`name`,`value` FROM `luck_config` WHERE `status` = 1  [ RunTime:0.0010s ]
SQL: SHOW COLUMNS FROM `luck_get_in` [ RunTime:0.0070s ]
SQL: SELECT luck_member.thumb,luck_member.nickname,luck_member.uid FROM `luck_get_in` INNER JOIN luck_member ON luck_get_in.user_id = luck_member.uid  WHERE luck_get_in.status = 1 AND luck_get_in.p_id = '17'  [ RunTime:0.0000s ]
SQL: SHOW COLUMNS FROM `luck_address` [ RunTime:0.0070s ]
SQL: SHOW COLUMNS FROM `luck_member` [ RunTime:0.0070s ]

[ 2018-05-17T16:04:09+08:00 ] 10.0.20.87 /api.php/Luck/showPrize?os_open_id=DBAD68CD-2061-C223-D6B8-1D7DE482917C&os_access_token=enyRTb5Z70MGkjVSD3xOrqhCUEsu96p4gfI2PLAm&pid=15
SQL: SHOW COLUMNS FROM `luck_member_openid` [ RunTime:0.0100s ]
SQL: SELECT * FROM `luck_member_openid` WHERE `open_id` = 'DBAD68CD-2061-C223-D6B8-1D7DE482917C' LIMIT 1   [ RunTime:0.0010s ]
NOTIC: [8] Undefined index: sign D:\phpStudy\WWW\22_cj\Application\Api\Controller\BaseController.class.php 第 93 行.
SQL: SHOW COLUMNS FROM `luck_config` [ RunTime:0.0090s ]
SQL: SELECT `type`,`name`,`value` FROM `luck_config` WHERE `status` = 1  [ RunTime:0.0000s ]
SQL: SHOW COLUMNS FROM `luck_prize` [ RunTime:0.0100s ]
NOTIC: [2] unlink(./Runtime/Temp/prize_8cfb142bfc3f48ebd10cabd3914b7648.php): No such file or directory D:\phpStudy\WWW\22_cj\ThinkPHP\Library\Think\Cache\Driver\File.class.php 第 170 行.
SQL: SELECT * FROM `luck_prize` WHERE ( id="15" ) LIMIT 1   [ RunTime:0.0000s ]
SQL: SHOW COLUMNS FROM `luck_get_in` [ RunTime:0.0090s ]
SQL: SELECT `id` FROM `luck_get_in` WHERE `p_id` = 15 AND `user_id` = 12  [ RunTime:0.0000s ]
SQL: SELECT COUNT(*) AS tp_count FROM `luck_get_in` WHERE `p_id` = 15 AND `user_id` = 12 LIMIT 1   [ RunTime:0.0000s ]
SQL: SELECT `id` FROM `luck_get_in` WHERE `p_id` = 15 AND `user_id` = 12 AND `status` = 1  [ RunTime:0.0000s ]
SQL: SELECT COUNT(*) AS tp_count FROM `luck_get_in` WHERE `p_id` = 15 AND `user_id` = 12 AND `status` = 1 LIMIT 1   [ RunTime:0.0010s ]
SQL: SHOW COLUMNS FROM `luck_member` [ RunTime:0.0140s ]
SQL: SELECT `user_id` FROM `luck_get_in` WHERE `p_id` = 15 ORDER BY `id` desc LIMIT 0,7   [ RunTime:0.0010s ]
SQL: SELECT COUNT(*) AS tp_count FROM `luck_get_in` WHERE `p_id` = 15 LIMIT 1   [ RunTime:0.0000s ]
SQL: SELECT luck_member.thumb,luck_member.nickname,luck_member.uid FROM `luck_get_in` INNER JOIN luck_member ON luck_get_in.user_id = luck_member.uid  WHERE luck_get_in.status = 1 AND luck_get_in.p_id = 15  [ RunTime:0.0010s ]
SQL: SHOW COLUMNS FROM `luck_team` [ RunTime:0.0150s ]
SQL: SELECT * FROM `luck_team` WHERE `p_id` = 15 AND `user_id` = 12 LIMIT 1   [ RunTime:0.0000s ]

[ 2018-05-17T16:04:09+08:00 ] 10.0.20.87 /api.php/Luck/showLuckAddr?os_open_id=DBAD68CD-2061-C223-D6B8-1D7DE482917C&os_access_token=enyRTb5Z70MGkjVSD3xOrqhCUEsu96p4gfI2PLAm&pid=15
SQL: SHOW COLUMNS FROM `luck_member_openid` [ RunTime:0.0150s ]
SQL: SELECT * FROM `luck_member_openid` WHERE `open_id` = 'DBAD68CD-2061-C223-D6B8-1D7DE482917C' LIMIT 1   [ RunTime:0.0000s ]
NOTIC: [8] Undefined index: sign D:\phpStudy\WWW\22_cj\Application\Api\Controller\BaseController.class.php 第 93 行.
SQL: SHOW COLUMNS FROM `luck_config` [ RunTime:0.0160s ]
SQL: SELECT `type`,`name`,`value` FROM `luck_config` WHERE `status` = 1  [ RunTime:0.0010s ]
SQL: SHOW COLUMNS FROM `luck_get_in` [ RunTime:0.0100s ]
SQL: SELECT luck_member.thumb,luck_member.nickname,luck_member.uid FROM `luck_get_in` INNER JOIN luck_member ON luck_get_in.user_id = luck_member.uid  WHERE luck_get_in.status = 1 AND luck_get_in.p_id = '15'  [ RunTime:0.0000s ]
SQL: SHOW COLUMNS FROM `luck_address` [ RunTime:0.0080s ]
SQL: SHOW COLUMNS FROM `luck_member` [ RunTime:0.0070s ]

[ 2018-05-17T16:04:14+08:00 ] 10.0.20.87 /api.php/Luck/lucklyList?os_open_id=DBAD68CD-2061-C223-D6B8-1D7DE482917C&os_access_token=enyRTb5Z70MGkjVSD3xOrqhCUEsu96p4gfI2PLAm&is_luckly=1&page_no=1&page_size=10
SQL: SHOW COLUMNS FROM `luck_member_openid` [ RunTime:0.0080s ]
SQL: SELECT * FROM `luck_member_openid` WHERE `open_id` = 'DBAD68CD-2061-C223-D6B8-1D7DE482917C' LIMIT 1   [ RunTime:0.0000s ]
NOTIC: [8] Undefined index: sign D:\phpStudy\WWW\22_cj\Application\Api\Controller\BaseController.class.php 第 93 行.
SQL: SHOW COLUMNS FROM `luck_config` [ RunTime:0.0070s ]
SQL: SELECT `type`,`name`,`value` FROM `luck_config` WHERE `status` = 1  [ RunTime:0.0000s ]
SQL: SHOW COLUMNS FROM `luck_get_in` [ RunTime:0.0070s ]
SQL: SELECT `p_id`,`status`,`create_time` FROM `luck_get_in` WHERE `user_id` = 12 AND `status` = 1 ORDER BY `id` desc LIMIT 0,10   [ RunTime:0.0000s ]
SQL: SELECT COUNT(*) AS tp_count FROM `luck_get_in` WHERE `user_id` = 12 AND `status` = 1 LIMIT 1   [ RunTime:0.0010s ]
SQL: SHOW COLUMNS FROM `luck_prize` [ RunTime:0.0080s ]
SQL: SELECT `id`,`type`,`thumb`,`name`,`num`,`open_type`,`open_time`,`open_num`,`sponsor`,`status`,`team_enable` FROM `luck_prize` WHERE ( id="6" ) LIMIT 1   [ RunTime:0.0000s ]

[ 2018-05-17T16:04:15+08:00 ] 10.0.20.87 /api.php/Luck/showPrize?os_open_id=DBAD68CD-2061-C223-D6B8-1D7DE482917C&os_access_token=enyRTb5Z70MGkjVSD3xOrqhCUEsu96p4gfI2PLAm&pid=6
SQL: SHOW COLUMNS FROM `luck_member_openid` [ RunTime:0.0080s ]
SQL: SELECT * FROM `luck_member_openid` WHERE `open_id` = 'DBAD68CD-2061-C223-D6B8-1D7DE482917C' LIMIT 1   [ RunTime:0.0000s ]
NOTIC: [8] Undefined index: sign D:\phpStudy\WWW\22_cj\Application\Api\Controller\BaseController.class.php 第 93 行.
SQL: SHOW COLUMNS FROM `luck_config` [ RunTime:0.0080s ]
SQL: SELECT `type`,`name`,`value` FROM `luck_config` WHERE `status` = 1  [ RunTime:0.0000s ]
SQL: SHOW COLUMNS FROM `luck_prize` [ RunTime:0.0110s ]
SQL: SELECT * FROM `luck_prize` WHERE ( id="6" ) LIMIT 1   [ RunTime:0.0010s ]
SQL: SHOW COLUMNS FROM `luck_get_in` [ RunTime:0.0110s ]
SQL: SELECT `id` FROM `luck_get_in` WHERE `p_id` = 6 AND `user_id` = 12  [ RunTime:0.0010s ]
SQL: SELECT COUNT(*) AS tp_count FROM `luck_get_in` WHERE `p_id` = 6 AND `user_id` = 12 LIMIT 1   [ RunTime:0.0000s ]
SQL: SELECT `id` FROM `luck_get_in` WHERE `p_id` = 6 AND `user_id` = 12 AND `status` = 1  [ RunTime:0.0000s ]
SQL: SELECT COUNT(*) AS tp_count FROM `luck_get_in` WHERE `p_id` = 6 AND `user_id` = 12 AND `status` = 1 LIMIT 1   [ RunTime:0.0000s ]
SQL: SHOW COLUMNS FROM `luck_member` [ RunTime:0.0080s ]
SQL: SELECT `user_id` FROM `luck_get_in` WHERE `p_id` = 6 ORDER BY `id` desc LIMIT 0,7   [ RunTime:0.0000s ]
SQL: SELECT COUNT(*) AS tp_count FROM `luck_get_in` WHERE `p_id` = 6 LIMIT 1   [ RunTime:0.0000s ]
SQL: SELECT * FROM `luck_member` WHERE ( uid=12 ) LIMIT 1   [ RunTime:0.0000s ]
SQL: SELECT luck_member.thumb,luck_member.nickname,luck_member.uid FROM `luck_get_in` INNER JOIN luck_member ON luck_get_in.user_id = luck_member.uid  WHERE luck_get_in.status = 1 AND luck_get_in.p_id = 6  [ RunTime:0.0000s ]
SQL: SHOW COLUMNS FROM `luck_team` [ RunTime:0.0120s ]
SQL: SELECT * FROM `luck_team` WHERE `p_id` = 6 AND `user_id` = 12 LIMIT 1   [ RunTime:0.0000s ]
SQL: SELECT luck_member.nickname,luck_member.thumb,luck_team.id,luck_team.g_id,luck_team.user_id FROM `luck_team` LEFT JOIN luck_member ON luck_team.user_id=luck_member.uid  WHERE ( luck_team.sib_id=7 OR id=7 )  [ RunTime:0.0130s ]
NOTIC: [8] Undefined index: sib_id D:\phpStudy\WWW\22_cj\Application\Api\Logic\ApiLogic.class.php 第 134 行.

[ 2018-05-17T16:04:15+08:00 ] 10.0.20.87 /api.php/Luck/showLuckAddr?os_open_id=DBAD68CD-2061-C223-D6B8-1D7DE482917C&os_access_token=enyRTb5Z70MGkjVSD3xOrqhCUEsu96p4gfI2PLAm&pid=6
SQL: SHOW COLUMNS FROM `luck_member_openid` [ RunTime:0.0100s ]
SQL: SELECT * FROM `luck_member_openid` WHERE `open_id` = 'DBAD68CD-2061-C223-D6B8-1D7DE482917C' LIMIT 1   [ RunTime:0.0010s ]
NOTIC: [8] Undefined index: sign D:\phpStudy\WWW\22_cj\Application\Api\Controller\BaseController.class.php 第 93 行.
SQL: SHOW COLUMNS FROM `luck_config` [ RunTime:0.0100s ]
SQL: SELECT `type`,`name`,`value` FROM `luck_config` WHERE `status` = 1  [ RunTime:0.0000s ]
SQL: SHOW COLUMNS FROM `luck_get_in` [ RunTime:0.0100s ]
SQL: SELECT luck_member.thumb,luck_member.nickname,luck_member.uid FROM `luck_get_in` INNER JOIN luck_member ON luck_get_in.user_id = luck_member.uid  WHERE luck_get_in.status = 1 AND luck_get_in.p_id = '6'  [ RunTime:0.0010s ]
SQL: SHOW COLUMNS FROM `luck_address` [ RunTime:0.0240s ]
SQL: SHOW COLUMNS FROM `luck_member` [ RunTime:0.0080s ]
SQL: SELECT `province`,`city`,`area`,`address`,`is_set`,`mobile`,`accept_name` FROM `luck_address` WHERE `user_id` = 12 AND `p_id` = 6 LIMIT 1   [ RunTime:0.0000s ]
SQL: SELECT * FROM `luck_member` WHERE ( uid=12 ) LIMIT 1   [ RunTime:0.0010s ]

[ 2018-05-17T16:04:17+08:00 ] 10.0.20.87 /api.php/Luck/showLuckAddr?os_open_id=DBAD68CD-2061-C223-D6B8-1D7DE482917C&os_access_token=enyRTb5Z70MGkjVSD3xOrqhCUEsu96p4gfI2PLAm&pid=6
SQL: SHOW COLUMNS FROM `luck_member_openid` [ RunTime:0.0080s ]
SQL: SELECT * FROM `luck_member_openid` WHERE `open_id` = 'DBAD68CD-2061-C223-D6B8-1D7DE482917C' LIMIT 1   [ RunTime:0.0000s ]
NOTIC: [8] Undefined index: sign D:\phpStudy\WWW\22_cj\Application\Api\Controller\BaseController.class.php 第 93 行.
SQL: SHOW COLUMNS FROM `luck_config` [ RunTime:0.0080s ]
SQL: SELECT `type`,`name`,`value` FROM `luck_config` WHERE `status` = 1  [ RunTime:0.0000s ]
SQL: SHOW COLUMNS FROM `luck_get_in` [ RunTime:0.0080s ]
SQL: SELECT luck_member.thumb,luck_member.nickname,luck_member.uid FROM `luck_get_in` INNER JOIN luck_member ON luck_get_in.user_id = luck_member.uid  WHERE luck_get_in.status = 1 AND luck_get_in.p_id = '6'  [ RunTime:0.0000s ]
SQL: SHOW COLUMNS FROM `luck_address` [ RunTime:0.0070s ]
SQL: SHOW COLUMNS FROM `luck_member` [ RunTime:0.0080s ]
SQL: SELECT `province`,`city`,`area`,`address`,`is_set`,`mobile`,`accept_name` FROM `luck_address` WHERE `user_id` = 12 AND `p_id` = 6 LIMIT 1   [ RunTime:0.0000s ]
SQL: SELECT * FROM `luck_member` WHERE ( uid=12 ) LIMIT 1   [ RunTime:0.0010s ]

[ 2018-05-17T16:04:20+08:00 ] 10.0.20.87 /api.php/Luck/showPrize?os_open_id=DBAD68CD-2061-C223-D6B8-1D7DE482917C&os_access_token=enyRTb5Z70MGkjVSD3xOrqhCUEsu96p4gfI2PLAm&pid=6
SQL: SHOW COLUMNS FROM `luck_member_openid` [ RunTime:0.0080s ]
SQL: SELECT * FROM `luck_member_openid` WHERE `open_id` = 'DBAD68CD-2061-C223-D6B8-1D7DE482917C' LIMIT 1   [ RunTime:0.0000s ]
NOTIC: [8] Undefined index: sign D:\phpStudy\WWW\22_cj\Application\Api\Controller\BaseController.class.php 第 93 行.
SQL: SHOW COLUMNS FROM `luck_config` [ RunTime:0.0080s ]
SQL: SELECT `type`,`name`,`value` FROM `luck_config` WHERE `status` = 1  [ RunTime:0.0000s ]
SQL: SHOW COLUMNS FROM `luck_prize` [ RunTime:0.0090s ]
SQL: SELECT * FROM `luck_prize` WHERE ( id="6" ) LIMIT 1   [ RunTime:0.0010s ]
SQL: SHOW COLUMNS FROM `luck_get_in` [ RunTime:0.0110s ]
SQL: SELECT `id` FROM `luck_get_in` WHERE `p_id` = 6 AND `user_id` = 12  [ RunTime:0.0000s ]
SQL: SELECT COUNT(*) AS tp_count FROM `luck_get_in` WHERE `p_id` = 6 AND `user_id` = 12 LIMIT 1   [ RunTime:0.0000s ]
SQL: SELECT `id` FROM `luck_get_in` WHERE `p_id` = 6 AND `user_id` = 12 AND `status` = 1  [ RunTime:0.0000s ]
SQL: SELECT COUNT(*) AS tp_count FROM `luck_get_in` WHERE `p_id` = 6 AND `user_id` = 12 AND `status` = 1 LIMIT 1   [ RunTime:0.0000s ]
SQL: SHOW COLUMNS FROM `luck_member` [ RunTime:0.0110s ]
SQL: SELECT `user_id` FROM `luck_get_in` WHERE `p_id` = 6 ORDER BY `id` desc LIMIT 0,7   [ RunTime:0.0010s ]
SQL: SELECT COUNT(*) AS tp_count FROM `luck_get_in` WHERE `p_id` = 6 LIMIT 1   [ RunTime:0.0000s ]
SQL: SELECT * FROM `luck_member` WHERE ( uid=12 ) LIMIT 1   [ RunTime:0.0000s ]
SQL: SELECT luck_member.thumb,luck_member.nickname,luck_member.uid FROM `luck_get_in` INNER JOIN luck_member ON luck_get_in.user_id = luck_member.uid  WHERE luck_get_in.status = 1 AND luck_get_in.p_id = 6  [ RunTime:0.0010s ]
SQL: SHOW COLUMNS FROM `luck_team` [ RunTime:0.0120s ]
SQL: SELECT * FROM `luck_team` WHERE `p_id` = 6 AND `user_id` = 12 LIMIT 1   [ RunTime:0.0000s ]
SQL: SELECT luck_member.nickname,luck_member.thumb,luck_team.id,luck_team.g_id,luck_team.user_id FROM `luck_team` LEFT JOIN luck_member ON luck_team.user_id=luck_member.uid  WHERE ( luck_team.sib_id=7 OR id=7 )  [ RunTime:0.0010s ]
NOTIC: [8] Undefined index: sib_id D:\phpStudy\WWW\22_cj\Application\Api\Logic\ApiLogic.class.php 第 134 行.

[ 2018-05-17T16:04:20+08:00 ] 10.0.20.87 /api.php/Luck/showLuckAddr?os_open_id=DBAD68CD-2061-C223-D6B8-1D7DE482917C&os_access_token=enyRTb5Z70MGkjVSD3xOrqhCUEsu96p4gfI2PLAm&pid=6
SQL: SHOW COLUMNS FROM `luck_member_openid` [ RunTime:0.0090s ]
SQL: SELECT * FROM `luck_member_openid` WHERE `open_id` = 'DBAD68CD-2061-C223-D6B8-1D7DE482917C' LIMIT 1   [ RunTime:0.0000s ]
NOTIC: [8] Undefined index: sign D:\phpStudy\WWW\22_cj\Application\Api\Controller\BaseController.class.php 第 93 行.
SQL: SHOW COLUMNS FROM `luck_config` [ RunTime:0.0100s ]
SQL: SELECT `type`,`name`,`value` FROM `luck_config` WHERE `status` = 1  [ RunTime:0.0000s ]
SQL: SHOW COLUMNS FROM `luck_get_in` [ RunTime:0.0120s ]
SQL: SELECT luck_member.thumb,luck_member.nickname,luck_member.uid FROM `luck_get_in` INNER JOIN luck_member ON luck_get_in.user_id = luck_member.uid  WHERE luck_get_in.status = 1 AND luck_get_in.p_id = '6'  [ RunTime:0.0000s ]
SQL: SHOW COLUMNS FROM `luck_address` [ RunTime:0.0090s ]
SQL: SHOW COLUMNS FROM `luck_member` [ RunTime:0.0100s ]
SQL: SELECT `province`,`city`,`area`,`address`,`is_set`,`mobile`,`accept_name` FROM `luck_address` WHERE `user_id` = 12 AND `p_id` = 6 LIMIT 1   [ RunTime:0.0010s ]
SQL: SELECT * FROM `luck_member` WHERE ( uid=12 ) LIMIT 1   [ RunTime:0.0000s ]

[ 2018-05-17T16:04:24+08:00 ] 10.0.20.87 /api.php/Luck/showLuckAddr?os_open_id=DBAD68CD-2061-C223-D6B8-1D7DE482917C&os_access_token=enyRTb5Z70MGkjVSD3xOrqhCUEsu96p4gfI2PLAm&pid=6
SQL: SHOW COLUMNS FROM `luck_member_openid` [ RunTime:0.0080s ]
SQL: SELECT * FROM `luck_member_openid` WHERE `open_id` = 'DBAD68CD-2061-C223-D6B8-1D7DE482917C' LIMIT 1   [ RunTime:0.0010s ]
NOTIC: [8] Undefined index: sign D:\phpStudy\WWW\22_cj\Application\Api\Controller\BaseController.class.php 第 93 行.
SQL: SHOW COLUMNS FROM `luck_config` [ RunTime:0.0080s ]
SQL: SELECT `type`,`name`,`value` FROM `luck_config` WHERE `status` = 1  [ RunTime:0.0000s ]
SQL: SHOW COLUMNS FROM `luck_get_in` [ RunTime:0.0070s ]
SQL: SELECT luck_member.thumb,luck_member.nickname,luck_member.uid FROM `luck_get_in` INNER JOIN luck_member ON luck_get_in.user_id = luck_member.uid  WHERE luck_get_in.status = 1 AND luck_get_in.p_id = '6'  [ RunTime:0.0000s ]
SQL: SHOW COLUMNS FROM `luck_address` [ RunTime:0.0070s ]
SQL: SHOW COLUMNS FROM `luck_member` [ RunTime:0.0070s ]
SQL: SELECT `province`,`city`,`area`,`address`,`is_set`,`mobile`,`accept_name` FROM `luck_address` WHERE `user_id` = 12 AND `p_id` = 6 LIMIT 1   [ RunTime:0.0000s ]
SQL: SELECT * FROM `luck_member` WHERE ( uid=12 ) LIMIT 1   [ RunTime:0.0000s ]

[ 2018-05-17T16:04:26+08:00 ] 10.0.20.87 /api.php/Luck/showPrize?os_open_id=DBAD68CD-2061-C223-D6B8-1D7DE482917C&os_access_token=enyRTb5Z70MGkjVSD3xOrqhCUEsu96p4gfI2PLAm&pid=6
SQL: SHOW COLUMNS FROM `luck_member_openid` [ RunTime:0.0080s ]
SQL: SELECT * FROM `luck_member_openid` WHERE `open_id` = 'DBAD68CD-2061-C223-D6B8-1D7DE482917C' LIMIT 1   [ RunTime:0.0000s ]
NOTIC: [8] Undefined index: sign D:\phpStudy\WWW\22_cj\Application\Api\Controller\BaseController.class.php 第 93 行.
SQL: SHOW COLUMNS FROM `luck_config` [ RunTime:0.0080s ]
SQL: SELECT `type`,`name`,`value` FROM `luck_config` WHERE `status` = 1  [ RunTime:0.0000s ]
SQL: SHOW COLUMNS FROM `luck_prize` [ RunTime:0.0110s ]
SQL: SELECT * FROM `luck_prize` WHERE ( id="6" ) LIMIT 1   [ RunTime:0.0000s ]
SQL: SHOW COLUMNS FROM `luck_get_in` [ RunTime:0.0070s ]
SQL: SELECT `id` FROM `luck_get_in` WHERE `p_id` = 6 AND `user_id` = 12  [ RunTime:0.0010s ]
SQL: SELECT COUNT(*) AS tp_count FROM `luck_get_in` WHERE `p_id` = 6 AND `user_id` = 12 LIMIT 1   [ RunTime:0.0000s ]
SQL: SELECT `id` FROM `luck_get_in` WHERE `p_id` = 6 AND `user_id` = 12 AND `status` = 1  [ RunTime:0.0000s ]
SQL: SELECT COUNT(*) AS tp_count FROM `luck_get_in` WHERE `p_id` = 6 AND `user_id` = 12 AND `status` = 1 LIMIT 1   [ RunTime:0.0010s ]
SQL: SHOW COLUMNS FROM `luck_member` [ RunTime:0.0110s ]
SQL: SELECT `user_id` FROM `luck_get_in` WHERE `p_id` = 6 ORDER BY `id` desc LIMIT 0,7   [ RunTime:0.0000s ]
SQL: SELECT COUNT(*) AS tp_count FROM `luck_get_in` WHERE `p_id` = 6 LIMIT 1   [ RunTime:0.0000s ]
SQL: SELECT * FROM `luck_member` WHERE ( uid=12 ) LIMIT 1   [ RunTime:0.0010s ]
SQL: SELECT luck_member.thumb,luck_member.nickname,luck_member.uid FROM `luck_get_in` INNER JOIN luck_member ON luck_get_in.user_id = luck_member.uid  WHERE luck_get_in.status = 1 AND luck_get_in.p_id = 6  [ RunTime:0.0000s ]
SQL: SHOW COLUMNS FROM `luck_team` [ RunTime:0.0130s ]
SQL: SELECT * FROM `luck_team` WHERE `p_id` = 6 AND `user_id` = 12 LIMIT 1   [ RunTime:0.0010s ]
SQL: SELECT luck_member.nickname,luck_member.thumb,luck_team.id,luck_team.g_id,luck_team.user_id FROM `luck_team` LEFT JOIN luck_member ON luck_team.user_id=luck_member.uid  WHERE ( luck_team.sib_id=7 OR id=7 )  [ RunTime:0.0000s ]
NOTIC: [8] Undefined index: sib_id D:\phpStudy\WWW\22_cj\Application\Api\Logic\ApiLogic.class.php 第 134 行.

[ 2018-05-17T16:04:26+08:00 ] 10.0.20.87 /api.php/Luck/showLuckAddr?os_open_id=DBAD68CD-2061-C223-D6B8-1D7DE482917C&os_access_token=enyRTb5Z70MGkjVSD3xOrqhCUEsu96p4gfI2PLAm&pid=6
SQL: SHOW COLUMNS FROM `luck_member_openid` [ RunTime:0.0090s ]
SQL: SELECT * FROM `luck_member_openid` WHERE `open_id` = 'DBAD68CD-2061-C223-D6B8-1D7DE482917C' LIMIT 1   [ RunTime:0.0010s ]
NOTIC: [8] Undefined index: sign D:\phpStudy\WWW\22_cj\Application\Api\Controller\BaseController.class.php 第 93 行.
SQL: SHOW COLUMNS FROM `luck_config` [ RunTime:0.0130s ]
SQL: SELECT `type`,`name`,`value` FROM `luck_config` WHERE `status` = 1  [ RunTime:0.0010s ]
SQL: SHOW COLUMNS FROM `luck_get_in` [ RunTime:0.0110s ]
SQL: SELECT luck_member.thumb,luck_member.nickname,luck_member.uid FROM `luck_get_in` INNER JOIN luck_member ON luck_get_in.user_id = luck_member.uid  WHERE luck_get_in.status = 1 AND luck_get_in.p_id = '6'  [ RunTime:0.0010s ]
SQL: SHOW COLUMNS FROM `luck_address` [ RunTime:0.0080s ]
SQL: SHOW COLUMNS FROM `luck_member` [ RunTime:0.0080s ]
SQL: SELECT `province`,`city`,`area`,`address`,`is_set`,`mobile`,`accept_name` FROM `luck_address` WHERE `user_id` = 12 AND `p_id` = 6 LIMIT 1   [ RunTime:0.0000s ]
SQL: SELECT * FROM `luck_member` WHERE ( uid=12 ) LIMIT 1   [ RunTime:0.0010s ]

[ 2018-05-17T18:04:28+08:00 ] 127.0.0.1 /api.php/Luck/editPrize
NOTIC: [8] Undefined index: sign D:\phpStudy\WWW\22_cj\Application\Api\Controller\BaseController.class.php 第 93 行.
SQL: SHOW COLUMNS FROM `luck_config` [ RunTime:0.0070s ]
SQL: SELECT `type`,`name`,`value` FROM `luck_config` WHERE `status` = 1  [ RunTime:0.0000s ]
SQL: SHOW COLUMNS FROM `luck_prize` [ RunTime:0.0080s ]
SQL: INSERT INTO `luck_prize` (`id`,`type`,`oid`,`thumb`,`name`,`num`,`open_type`,`open_time`,`open_num`,`package`,`team_enable`,`user_id`,`create_time`) VALUES ('0','1','0','static/default.png','阿迪王100双','100','1','1526704200','0','0','0','12','1526551468') [ RunTime:0.0280s ]

[ 2018-05-17T18:06:34+08:00 ] 127.0.0.1 /api.php/Luck/makePic
NOTIC: [8] Undefined index: sign D:\phpStudy\WWW\22_cj\Application\Api\Controller\BaseController.class.php 第 93 行.
SQL: SHOW COLUMNS FROM `luck_config` [ RunTime:0.0080s ]
SQL: SELECT `type`,`name`,`value` FROM `luck_config` WHERE `status` = 1  [ RunTime:0.0000s ]
SQL: SHOW COLUMNS FROM `luck_prize` [ RunTime:0.0080s ]
NOTIC: [2] unlink(./Runtime/Temp/prize_ae69cee7a37216eedea398a9c029ecce.php): No such file or directory D:\phpStudy\WWW\22_cj\ThinkPHP\Library\Think\Cache\Driver\File.class.php 第 170 行.
SQL: SELECT * FROM `luck_prize` WHERE ( id="25" ) LIMIT 1   [ RunTime:0.0000s ]

[ 2018-05-17T18:07:02+08:00 ] 127.0.0.1 /api.php/Luck/makePic
NOTIC: [8] Undefined index: sign D:\phpStudy\WWW\22_cj\Application\Api\Controller\BaseController.class.php 第 93 行.
SQL: SHOW COLUMNS FROM `luck_config` [ RunTime:0.0080s ]
SQL: SELECT `type`,`name`,`value` FROM `luck_config` WHERE `status` = 1  [ RunTime:0.0000s ]
SQL: SHOW COLUMNS FROM `luck_prize` [ RunTime:0.0080s ]
SQL: SELECT * FROM `luck_prize` WHERE ( id="25" ) LIMIT 1   [ RunTime:0.0010s ]

[ 2018-05-17T18:07:47+08:00 ] 127.0.0.1 /api.php/Luck/makePic
NOTIC: [8] Undefined index: sign D:\phpStudy\WWW\22_cj\Application\Api\Controller\BaseController.class.php 第 93 行.
SQL: SHOW COLUMNS FROM `luck_config` [ RunTime:0.0080s ]
SQL: SELECT `type`,`name`,`value` FROM `luck_config` WHERE `status` = 1  [ RunTime:0.0000s ]
SQL: SHOW COLUMNS FROM `luck_prize` [ RunTime:0.0080s ]
SQL: SELECT * FROM `luck_prize` WHERE ( id="25" ) LIMIT 1   [ RunTime:0.0000s ]

[ 2018-05-17T18:09:39+08:00 ] 127.0.0.1 /api.php/Luck/makePic
NOTIC: [8] Undefined index: sign D:\phpStudy\WWW\22_cj\Application\Api\Controller\BaseController.class.php 第 93 行.
SQL: SHOW COLUMNS FROM `luck_config` [ RunTime:0.0070s ]
SQL: SELECT `type`,`name`,`value` FROM `luck_config` WHERE `status` = 1  [ RunTime:0.0000s ]
SQL: SHOW COLUMNS FROM `luck_prize` [ RunTime:0.0070s ]
SQL: SELECT * FROM `luck_prize` WHERE ( id="25" ) LIMIT 1   [ RunTime:0.0010s ]

[ 2018-05-17T18:10:37+08:00 ] 127.0.0.1 /api.php/Luck/makePic
NOTIC: [8] Undefined index: sign D:\phpStudy\WWW\22_cj\Application\Api\Controller\BaseController.class.php 第 93 行.
SQL: SHOW COLUMNS FROM `luck_config` [ RunTime:0.0080s ]
SQL: SELECT `type`,`name`,`value` FROM `luck_config` WHERE `status` = 1  [ RunTime:0.0000s ]
SQL: SHOW COLUMNS FROM `luck_prize` [ RunTime:0.0070s ]
SQL: SELECT * FROM `luck_prize` WHERE ( id="25" ) LIMIT 1   [ RunTime:0.0000s ]
NOTIC: [8] Undefined index: type D:\phpStudy\WWW\22_cj\ThinkPHP\Library\Think\Model.class.php 第 1454 行.

