[ 2018-05-21T13:56:12+08:00 ] 127.0.0.1 /cli.php/SendTemplateMsg/getTemplateId
INFO: [ app_init ] --START--
INFO: Run Behavior\BuildLiteBehavior [ RunTime:0.000000s ]
INFO: Run Common\Behavior\InitHookBehavior [ RunTime:0.002000s ]
INFO: [ app_init ] --END-- [ RunTime:0.003000s ]
INFO: [ app_begin ] --START--
INFO: Run Behavior\ReadHtmlCacheBehavior [ RunTime:0.000000s ]
INFO: [ app_begin ] --END-- [ RunTime:0.000000s ]
NOTIC: [4096] Argument 1 passed to Cli\Controller\SendTemplateMsgController::__construct() must be of the type array, none given, called in D:\phpStudy\WWW\22_cj\ThinkPHP\Common\functions.php on line 758 and defined D:\phpStudy\WWW\22_cj\Application\Cli\Controller\SendTemplateMsgController.class.php 第 23 行.
NOTIC: [8] Undefined variable: opt D:\phpStudy\WWW\22_cj\Application\Cli\Controller\SendTemplateMsgController.class.php 第 25 行.
NOTIC: [8] Undefined variable: opt D:\phpStudy\WWW\22_cj\Application\Cli\Controller\SendTemplateMsgController.class.php 第 26 行.
ERR: 参数错误或者未定义:key

[ 2018-05-21T13:56:23+08:00 ] 127.0.0.1 /cli.php/SendTemplateMsg/getTemplateId
INFO: [ app_init ] --START--
INFO: Run Behavior\BuildLiteBehavior [ RunTime:0.000000s ]
INFO: Run Common\Behavior\InitHookBehavior [ RunTime:0.002000s ]
INFO: [ app_init ] --END-- [ RunTime:0.002000s ]
INFO: [ app_begin ] --START--
INFO: Run Behavior\ReadHtmlCacheBehavior [ RunTime:0.001001s ]
INFO: [ app_begin ] --END-- [ RunTime:0.001001s ]
NOTIC: [4096] Argument 1 passed to Cli\Controller\SendTemplateMsgController::__construct() must be of the type array, none given, called in D:\phpStudy\WWW\22_cj\ThinkPHP\Common\functions.php on line 758 and defined D:\phpStudy\WWW\22_cj\Application\Cli\Controller\SendTemplateMsgController.class.php 第 23 行.
NOTIC: [8] Undefined variable: opt D:\phpStudy\WWW\22_cj\Application\Cli\Controller\SendTemplateMsgController.class.php 第 25 行.
NOTIC: [8] Undefined variable: opt D:\phpStudy\WWW\22_cj\Application\Cli\Controller\SendTemplateMsgController.class.php 第 26 行.
ERR: 参数错误或者未定义:key

[ 2018-05-21T13:57:10+08:00 ] 127.0.0.1 /cli.php/SendTemplateMsg/getTemplateId
INFO: [ app_init ] --START--
INFO: Run Behavior\BuildLiteBehavior [ RunTime:0.000000s ]
INFO: Run Common\Behavior\InitHookBehavior [ RunTime:0.003000s ]
INFO: [ app_init ] --END-- [ RunTime:0.003000s ]
INFO: [ app_begin ] --START--
INFO: Run Behavior\ReadHtmlCacheBehavior [ RunTime:0.000000s ]
INFO: [ app_begin ] --END-- [ RunTime:0.000000s ]
NOTIC: [4096] Argument 1 passed to Cli\Controller\SendTemplateMsgController::__construct() must be of the type array, none given, called in D:\phpStudy\WWW\22_cj\ThinkPHP\Common\functions.php on line 758 and defined D:\phpStudy\WWW\22_cj\Application\Cli\Controller\SendTemplateMsgController.class.php 第 23 行.
NOTIC: [8] Undefined variable: opt D:\phpStudy\WWW\22_cj\Application\Cli\Controller\SendTemplateMsgController.class.php 第 25 行.
NOTIC: [8] Undefined variable: opt D:\phpStudy\WWW\22_cj\Application\Cli\Controller\SendTemplateMsgController.class.php 第 26 行.
ERR: 参数错误或者未定义:key

[ 2018-05-21T13:57:52+08:00 ] 127.0.0.1 /cli.php/Task/runTask
INFO: [ app_init ] --START--
INFO: Run Behavior\BuildLiteBehavior [ RunTime:0.000000s ]
INFO: Run Common\Behavior\InitHookBehavior [ RunTime:0.002000s ]
INFO: [ app_init ] --END-- [ RunTime:0.002000s ]
INFO: [ app_begin ] --START--
INFO: Run Behavior\ReadHtmlCacheBehavior [ RunTime:0.001000s ]
INFO: [ app_begin ] --END-- [ RunTime:0.001000s ]
SQL: SHOW COLUMNS FROM `luck_prize` [ RunTime:0.0100s ]
SQL: SELECT * FROM `luck_prize` WHERE `open_time` <= 1526882272 AND `status` = 1 AND `open_type` = 1  [ RunTime:0.0010s ]
SQL: SELECT COUNT(*) AS tp_count FROM `luck_prize` WHERE `open_time` <= 1526882272 AND `status` = 1 AND `open_type` = 1 LIMIT 1   [ RunTime:0.0000s ]
INFO: [ app_end ] --START--
INFO: Run Behavior\ShowPageTraceBehavior [ RunTime:0.001000s ]
INFO: [ app_end ] --END-- [ RunTime:0.001000s ]

